[2020-06-29 23:05:05] local.ERROR: ReflectionException: Class App\Http\Controllers\WeatherApiController does not exist in /var/www/vendor/illuminate/container/Container.php:805
Stack trace:
#0 /var/www/vendor/illuminate/container/Container.php(805): ReflectionClass->__construct('App\\Http\\Contro...')
#1 /var/www/vendor/illuminate/container/Container.php(687): Illuminate\Container\Container->build('App\\Http\\Contro...')
#2 /var/www/vendor/illuminate/container/Container.php(633): Illuminate\Container\Container->resolve('App\\Http\\Contro...', Array)
#3 /var/www/vendor/laravel/lumen-framework/src/Application.php(300): Illuminate\Container\Container->make('App\\Http\\Contro...', Array)
#4 /var/www/vendor/laravel/lumen-framework/src/Concerns/RoutesRequests.php(321): Laravel\Lumen\Application->make('App\\Http\\Contro...')
#5 /var/www/vendor/laravel/lumen-framework/src/Concerns/RoutesRequests.php(279): Laravel\Lumen\Application->callControllerAction(Array)
#6 /var/www/vendor/laravel/lumen-framework/src/Concerns/RoutesRequests.php(264): Laravel\Lumen\Application->callActionOnArrayBasedRoute(Array)
#7 /var/www/vendor/laravel/lumen-framework/src/Concerns/RoutesRequests.php(234): Laravel\Lumen\Application->handleFoundRoute(Array)
#8 /var/www/vendor/laravel/lumen-framework/src/Concerns/RoutesRequests.php(170): Laravel\Lumen\Application->handleDispatcherResponse(Array)
#9 /var/www/vendor/laravel/lumen-framework/src/Concerns/RoutesRequests.php(426): Laravel\Lumen\Application->Laravel\Lumen\Concerns\{closure}(Object(Laravel\Lumen\Http\Request))
#10 /var/www/vendor/laravel/lumen-framework/src/Concerns/RoutesRequests.php(172): Laravel\Lumen\Application->sendThroughPipeline(Array, Object(Closure))
#11 /var/www/vendor/laravel/lumen-framework/src/Concerns/RoutesRequests.php(109): Laravel\Lumen\Application->dispatch(NULL)
#12 /var/www/public/index.php(28): Laravel\Lumen\Application->run()
#13 {main}

Next Illuminate\Contracts\Container\BindingResolutionException: Target class [App\Http\Controllers\WeatherApiController] does not exist. in /var/www/vendor/illuminate/container/Container.php:807
Stack trace:
#0 /var/www/vendor/illuminate/container/Container.php(687): Illuminate\Container\Container->build('App\\Http\\Contro...')
#1 /var/www/vendor/illuminate/container/Container.php(633): Illuminate\Container\Container->resolve('App\\Http\\Contro...', Array)
#2 /var/www/vendor/laravel/lumen-framework/src/Application.php(300): Illuminate\Container\Container->make('App\\Http\\Contro...', Array)
#3 /var/www/vendor/laravel/lumen-framework/src/Concerns/RoutesRequests.php(321): Laravel\Lumen\Application->make('App\\Http\\Contro...')
#4 /var/www/vendor/laravel/lumen-framework/src/Concerns/RoutesRequests.php(279): Laravel\Lumen\Application->callControllerAction(Array)
#5 /var/www/vendor/laravel/lumen-framework/src/Concerns/RoutesRequests.php(264): Laravel\Lumen\Application->callActionOnArrayBasedRoute(Array)
#6 /var/www/vendor/laravel/lumen-framework/src/Concerns/RoutesRequests.php(234): Laravel\Lumen\Application->handleFoundRoute(Array)
#7 /var/www/vendor/laravel/lumen-framework/src/Concerns/RoutesRequests.php(170): Laravel\Lumen\Application->handleDispatcherResponse(Array)
#8 /var/www/vendor/laravel/lumen-framework/src/Concerns/RoutesRequests.php(426): Laravel\Lumen\Application->Laravel\Lumen\Concerns\{closure}(Object(Laravel\Lumen\Http\Request))
#9 /var/www/vendor/laravel/lumen-framework/src/Concerns/RoutesRequests.php(172): Laravel\Lumen\Application->sendThroughPipeline(Array, Object(Closure))
#10 /var/www/vendor/laravel/lumen-framework/src/Concerns/RoutesRequests.php(109): Laravel\Lumen\Application->dispatch(NULL)
#11 /var/www/public/index.php(28): Laravel\Lumen\Application->run()
#12 {main} {"exception":"[object] (Illuminate\\Contracts\\Container\\BindingResolutionException(code: 0): Target class [App\\Http\\Controllers\\WeatherApiController] does not exist. at /var/www/vendor/illuminate/container/Container.php:807)
[stacktrace]
#0 /var/www/vendor/illuminate/container/Container.php(687): Illuminate\\Container\\Container->build('App\\\\Http\\\\Contro...')
#1 /var/www/vendor/illuminate/container/Container.php(633): Illuminate\\Container\\Container->resolve('App\\\\Http\\\\Contro...', Array)
#2 /var/www/vendor/laravel/lumen-framework/src/Application.php(300): Illuminate\\Container\\Container->make('App\\\\Http\\\\Contro...', Array)
#3 /var/www/vendor/laravel/lumen-framework/src/Concerns/RoutesRequests.php(321): Laravel\\Lumen\\Application->make('App\\\\Http\\\\Contro...')
#4 /var/www/vendor/laravel/lumen-framework/src/Concerns/RoutesRequests.php(279): Laravel\\Lumen\\Application->callControllerAction(Array)
#5 /var/www/vendor/laravel/lumen-framework/src/Concerns/RoutesRequests.php(264): Laravel\\Lumen\\Application->callActionOnArrayBasedRoute(Array)
#6 /var/www/vendor/laravel/lumen-framework/src/Concerns/RoutesRequests.php(234): Laravel\\Lumen\\Application->handleFoundRoute(Array)
#7 /var/www/vendor/laravel/lumen-framework/src/Concerns/RoutesRequests.php(170): Laravel\\Lumen\\Application->handleDispatcherResponse(Array)
#8 /var/www/vendor/laravel/lumen-framework/src/Concerns/RoutesRequests.php(426): Laravel\\Lumen\\Application->Laravel\\Lumen\\Concerns\\{closure}(Object(Laravel\\Lumen\\Http\\Request))
#9 /var/www/vendor/laravel/lumen-framework/src/Concerns/RoutesRequests.php(172): Laravel\\Lumen\\Application->sendThroughPipeline(Array, Object(Closure))
#10 /var/www/vendor/laravel/lumen-framework/src/Concerns/RoutesRequests.php(109): Laravel\\Lumen\\Application->dispatch(NULL)
#11 /var/www/public/index.php(28): Laravel\\Lumen\\Application->run()
#12 {main}

[previous exception] [object] (ReflectionException(code: -1): Class App\\Http\\Controllers\\WeatherApiController does not exist at /var/www/vendor/illuminate/container/Container.php:805)
[stacktrace]
#0 /var/www/vendor/illuminate/container/Container.php(805): ReflectionClass->__construct('App\\\\Http\\\\Contro...')
#1 /var/www/vendor/illuminate/container/Container.php(687): Illuminate\\Container\\Container->build('App\\\\Http\\\\Contro...')
#2 /var/www/vendor/illuminate/container/Container.php(633): Illuminate\\Container\\Container->resolve('App\\\\Http\\\\Contro...', Array)
#3 /var/www/vendor/laravel/lumen-framework/src/Application.php(300): Illuminate\\Container\\Container->make('App\\\\Http\\\\Contro...', Array)
#4 /var/www/vendor/laravel/lumen-framework/src/Concerns/RoutesRequests.php(321): Laravel\\Lumen\\Application->make('App\\\\Http\\\\Contro...')
#5 /var/www/vendor/laravel/lumen-framework/src/Concerns/RoutesRequests.php(279): Laravel\\Lumen\\Application->callControllerAction(Array)
#6 /var/www/vendor/laravel/lumen-framework/src/Concerns/RoutesRequests.php(264): Laravel\\Lumen\\Application->callActionOnArrayBasedRoute(Array)
#7 /var/www/vendor/laravel/lumen-framework/src/Concerns/RoutesRequests.php(234): Laravel\\Lumen\\Application->handleFoundRoute(Array)
#8 /var/www/vendor/laravel/lumen-framework/src/Concerns/RoutesRequests.php(170): Laravel\\Lumen\\Application->handleDispatcherResponse(Array)
#9 /var/www/vendor/laravel/lumen-framework/src/Concerns/RoutesRequests.php(426): Laravel\\Lumen\\Application->Laravel\\Lumen\\Concerns\\{closure}(Object(Laravel\\Lumen\\Http\\Request))
#10 /var/www/vendor/laravel/lumen-framework/src/Concerns/RoutesRequests.php(172): Laravel\\Lumen\\Application->sendThroughPipeline(Array, Object(Closure))
#11 /var/www/vendor/laravel/lumen-framework/src/Concerns/RoutesRequests.php(109): Laravel\\Lumen\\Application->dispatch(NULL)
#12 /var/www/public/index.php(28): Laravel\\Lumen\\Application->run()
#13 {main}
"} 
[2020-06-29 23:11:53] local.ERROR: Error: Class 'OpenWeatherMapClient' not found in /var/www/app/Http/Controllers/WeatherApiController.php:23
Stack trace:
#0 [internal function]: App\Http\Controllers\WeatherApiController->getCityWeather('GB', 'london')
#1 /var/www/vendor/illuminate/container/BoundMethod.php(33): call_user_func_array(Array, Array)
#2 /var/www/vendor/illuminate/container/Util.php(37): Illuminate\Container\BoundMethod::Illuminate\Container\{closure}()
#3 /var/www/vendor/illuminate/container/BoundMethod.php(91): Illuminate\Container\Util::unwrapIfClosure(Object(Closure))
#4 /var/www/vendor/illuminate/container/BoundMethod.php(35): Illuminate\Container\BoundMethod::callBoundMethod(Object(Laravel\Lumen\Application), Array, Object(Closure))
#5 /var/www/vendor/illuminate/container/Container.php(592): Illuminate\Container\BoundMethod::call(Object(Laravel\Lumen\Application), Array, Array, NULL)
#6 /var/www/vendor/laravel/lumen-framework/src/Concerns/RoutesRequests.php(386): Illuminate\Container\Container->call(Array, Array)
#7 /var/www/vendor/laravel/lumen-framework/src/Concerns/RoutesRequests.php(352): Laravel\Lumen\Application->callControllerCallable(Array, Array)
#8 /var/www/vendor/laravel/lumen-framework/src/Concerns/RoutesRequests.php(326): Laravel\Lumen\Application->callLumenController(Object(App\Http\Controllers\WeatherApiController), 'getCityWeather', Array)
#9 /var/www/vendor/laravel/lumen-framework/src/Concerns/RoutesRequests.php(279): Laravel\Lumen\Application->callControllerAction(Array)
#10 /var/www/vendor/laravel/lumen-framework/src/Concerns/RoutesRequests.php(264): Laravel\Lumen\Application->callActionOnArrayBasedRoute(Array)
#11 /var/www/vendor/laravel/lumen-framework/src/Concerns/RoutesRequests.php(234): Laravel\Lumen\Application->handleFoundRoute(Array)
#12 /var/www/vendor/laravel/lumen-framework/src/Concerns/RoutesRequests.php(170): Laravel\Lumen\Application->handleDispatcherResponse(Array)
#13 /var/www/vendor/laravel/lumen-framework/src/Concerns/RoutesRequests.php(426): Laravel\Lumen\Application->Laravel\Lumen\Concerns\{closure}(Object(Laravel\Lumen\Http\Request))
#14 /var/www/vendor/laravel/lumen-framework/src/Concerns/RoutesRequests.php(172): Laravel\Lumen\Application->sendThroughPipeline(Array, Object(Closure))
#15 /var/www/vendor/laravel/lumen-framework/src/Concerns/RoutesRequests.php(109): Laravel\Lumen\Application->dispatch(NULL)
#16 /var/www/public/index.php(28): Laravel\Lumen\Application->run()
#17 {main} {"exception":"[object] (Error(code: 0): Class 'OpenWeatherMapClient' not found at /var/www/app/Http/Controllers/WeatherApiController.php:23)
[stacktrace]
#0 [internal function]: App\\Http\\Controllers\\WeatherApiController->getCityWeather('GB', 'london')
#1 /var/www/vendor/illuminate/container/BoundMethod.php(33): call_user_func_array(Array, Array)
#2 /var/www/vendor/illuminate/container/Util.php(37): Illuminate\\Container\\BoundMethod::Illuminate\\Container\\{closure}()
#3 /var/www/vendor/illuminate/container/BoundMethod.php(91): Illuminate\\Container\\Util::unwrapIfClosure(Object(Closure))
#4 /var/www/vendor/illuminate/container/BoundMethod.php(35): Illuminate\\Container\\BoundMethod::callBoundMethod(Object(Laravel\\Lumen\\Application), Array, Object(Closure))
#5 /var/www/vendor/illuminate/container/Container.php(592): Illuminate\\Container\\BoundMethod::call(Object(Laravel\\Lumen\\Application), Array, Array, NULL)
#6 /var/www/vendor/laravel/lumen-framework/src/Concerns/RoutesRequests.php(386): Illuminate\\Container\\Container->call(Array, Array)
#7 /var/www/vendor/laravel/lumen-framework/src/Concerns/RoutesRequests.php(352): Laravel\\Lumen\\Application->callControllerCallable(Array, Array)
#8 /var/www/vendor/laravel/lumen-framework/src/Concerns/RoutesRequests.php(326): Laravel\\Lumen\\Application->callLumenController(Object(App\\Http\\Controllers\\WeatherApiController), 'getCityWeather', Array)
#9 /var/www/vendor/laravel/lumen-framework/src/Concerns/RoutesRequests.php(279): Laravel\\Lumen\\Application->callControllerAction(Array)
#10 /var/www/vendor/laravel/lumen-framework/src/Concerns/RoutesRequests.php(264): Laravel\\Lumen\\Application->callActionOnArrayBasedRoute(Array)
#11 /var/www/vendor/laravel/lumen-framework/src/Concerns/RoutesRequests.php(234): Laravel\\Lumen\\Application->handleFoundRoute(Array)
#12 /var/www/vendor/laravel/lumen-framework/src/Concerns/RoutesRequests.php(170): Laravel\\Lumen\\Application->handleDispatcherResponse(Array)
#13 /var/www/vendor/laravel/lumen-framework/src/Concerns/RoutesRequests.php(426): Laravel\\Lumen\\Application->Laravel\\Lumen\\Concerns\\{closure}(Object(Laravel\\Lumen\\Http\\Request))
#14 /var/www/vendor/laravel/lumen-framework/src/Concerns/RoutesRequests.php(172): Laravel\\Lumen\\Application->sendThroughPipeline(Array, Object(Closure))
#15 /var/www/vendor/laravel/lumen-framework/src/Concerns/RoutesRequests.php(109): Laravel\\Lumen\\Application->dispatch(NULL)
#16 /var/www/public/index.php(28): Laravel\\Lumen\\Application->run()
#17 {main}
"} 
[2020-06-29 23:13:46] local.ERROR: ErrorException: A non-numeric value encountered in /var/www/app/Classes/OpenWeatherMapClient.php:14
Stack trace:
#0 /var/www/app/Classes/OpenWeatherMapClient.php(14): Laravel\Lumen\Application->Laravel\Lumen\Concerns\{closure}(2, 'A non-numeric v...', '/var/www/app/Cl...', 14, Array)
#1 /var/www/app/Http/Controllers/WeatherApiController.php(23): App\Classes\OpenWeatherMapClient->getCityCurrentWeather('london', 'GB')
#2 [internal function]: App\Http\Controllers\WeatherApiController->getCityWeather('GB', 'london')
#3 /var/www/vendor/illuminate/container/BoundMethod.php(33): call_user_func_array(Array, Array)
#4 /var/www/vendor/illuminate/container/Util.php(37): Illuminate\Container\BoundMethod::Illuminate\Container\{closure}()
#5 /var/www/vendor/illuminate/container/BoundMethod.php(91): Illuminate\Container\Util::unwrapIfClosure(Object(Closure))
#6 /var/www/vendor/illuminate/container/BoundMethod.php(35): Illuminate\Container\BoundMethod::callBoundMethod(Object(Laravel\Lumen\Application), Array, Object(Closure))
#7 /var/www/vendor/illuminate/container/Container.php(592): Illuminate\Container\BoundMethod::call(Object(Laravel\Lumen\Application), Array, Array, NULL)
#8 /var/www/vendor/laravel/lumen-framework/src/Concerns/RoutesRequests.php(386): Illuminate\Container\Container->call(Array, Array)
#9 /var/www/vendor/laravel/lumen-framework/src/Concerns/RoutesRequests.php(352): Laravel\Lumen\Application->callControllerCallable(Array, Array)
#10 /var/www/vendor/laravel/lumen-framework/src/Concerns/RoutesRequests.php(326): Laravel\Lumen\Application->callLumenController(Object(App\Http\Controllers\WeatherApiController), 'getCityWeather', Array)
#11 /var/www/vendor/laravel/lumen-framework/src/Concerns/RoutesRequests.php(279): Laravel\Lumen\Application->callControllerAction(Array)
#12 /var/www/vendor/laravel/lumen-framework/src/Concerns/RoutesRequests.php(264): Laravel\Lumen\Application->callActionOnArrayBasedRoute(Array)
#13 /var/www/vendor/laravel/lumen-framework/src/Concerns/RoutesRequests.php(234): Laravel\Lumen\Application->handleFoundRoute(Array)
#14 /var/www/vendor/laravel/lumen-framework/src/Concerns/RoutesRequests.php(170): Laravel\Lumen\Application->handleDispatcherResponse(Array)
#15 /var/www/vendor/laravel/lumen-framework/src/Concerns/RoutesRequests.php(426): Laravel\Lumen\Application->Laravel\Lumen\Concerns\{closure}(Object(Laravel\Lumen\Http\Request))
#16 /var/www/vendor/laravel/lumen-framework/src/Concerns/RoutesRequests.php(172): Laravel\Lumen\Application->sendThroughPipeline(Array, Object(Closure))
#17 /var/www/vendor/laravel/lumen-framework/src/Concerns/RoutesRequests.php(109): Laravel\Lumen\Application->dispatch(NULL)
#18 /var/www/public/index.php(28): Laravel\Lumen\Application->run()
#19 {main} {"exception":"[object] (ErrorException(code: 0): A non-numeric value encountered at /var/www/app/Classes/OpenWeatherMapClient.php:14)
[stacktrace]
#0 /var/www/app/Classes/OpenWeatherMapClient.php(14): Laravel\\Lumen\\Application->Laravel\\Lumen\\Concerns\\{closure}(2, 'A non-numeric v...', '/var/www/app/Cl...', 14, Array)
#1 /var/www/app/Http/Controllers/WeatherApiController.php(23): App\\Classes\\OpenWeatherMapClient->getCityCurrentWeather('london', 'GB')
#2 [internal function]: App\\Http\\Controllers\\WeatherApiController->getCityWeather('GB', 'london')
#3 /var/www/vendor/illuminate/container/BoundMethod.php(33): call_user_func_array(Array, Array)
#4 /var/www/vendor/illuminate/container/Util.php(37): Illuminate\\Container\\BoundMethod::Illuminate\\Container\\{closure}()
#5 /var/www/vendor/illuminate/container/BoundMethod.php(91): Illuminate\\Container\\Util::unwrapIfClosure(Object(Closure))
#6 /var/www/vendor/illuminate/container/BoundMethod.php(35): Illuminate\\Container\\BoundMethod::callBoundMethod(Object(Laravel\\Lumen\\Application), Array, Object(Closure))
#7 /var/www/vendor/illuminate/container/Container.php(592): Illuminate\\Container\\BoundMethod::call(Object(Laravel\\Lumen\\Application), Array, Array, NULL)
#8 /var/www/vendor/laravel/lumen-framework/src/Concerns/RoutesRequests.php(386): Illuminate\\Container\\Container->call(Array, Array)
#9 /var/www/vendor/laravel/lumen-framework/src/Concerns/RoutesRequests.php(352): Laravel\\Lumen\\Application->callControllerCallable(Array, Array)
#10 /var/www/vendor/laravel/lumen-framework/src/Concerns/RoutesRequests.php(326): Laravel\\Lumen\\Application->callLumenController(Object(App\\Http\\Controllers\\WeatherApiController), 'getCityWeather', Array)
#11 /var/www/vendor/laravel/lumen-framework/src/Concerns/RoutesRequests.php(279): Laravel\\Lumen\\Application->callControllerAction(Array)
#12 /var/www/vendor/laravel/lumen-framework/src/Concerns/RoutesRequests.php(264): Laravel\\Lumen\\Application->callActionOnArrayBasedRoute(Array)
#13 /var/www/vendor/laravel/lumen-framework/src/Concerns/RoutesRequests.php(234): Laravel\\Lumen\\Application->handleFoundRoute(Array)
#14 /var/www/vendor/laravel/lumen-framework/src/Concerns/RoutesRequests.php(170): Laravel\\Lumen\\Application->handleDispatcherResponse(Array)
#15 /var/www/vendor/laravel/lumen-framework/src/Concerns/RoutesRequests.php(426): Laravel\\Lumen\\Application->Laravel\\Lumen\\Concerns\\{closure}(Object(Laravel\\Lumen\\Http\\Request))
#16 /var/www/vendor/laravel/lumen-framework/src/Concerns/RoutesRequests.php(172): Laravel\\Lumen\\Application->sendThroughPipeline(Array, Object(Closure))
#17 /var/www/vendor/laravel/lumen-framework/src/Concerns/RoutesRequests.php(109): Laravel\\Lumen\\Application->dispatch(NULL)
#18 /var/www/public/index.php(28): Laravel\\Lumen\\Application->run()
#19 {main}
"} 
[2020-06-29 23:14:31] local.ERROR: ErrorException: A non-numeric value encountered in /var/www/app/Classes/OpenWeatherMapClient.php:14
Stack trace:
#0 /var/www/app/Classes/OpenWeatherMapClient.php(14): Laravel\Lumen\Application->Laravel\Lumen\Concerns\{closure}(2, 'A non-numeric v...', '/var/www/app/Cl...', 14, Array)
#1 /var/www/app/Http/Controllers/WeatherApiController.php(23): App\Classes\OpenWeatherMapClient->getCityCurrentWeather('london', 'GB')
#2 [internal function]: App\Http\Controllers\WeatherApiController->getCityWeather('GB', 'london')
#3 /var/www/vendor/illuminate/container/BoundMethod.php(33): call_user_func_array(Array, Array)
#4 /var/www/vendor/illuminate/container/Util.php(37): Illuminate\Container\BoundMethod::Illuminate\Container\{closure}()
#5 /var/www/vendor/illuminate/container/BoundMethod.php(91): Illuminate\Container\Util::unwrapIfClosure(Object(Closure))
#6 /var/www/vendor/illuminate/container/BoundMethod.php(35): Illuminate\Container\BoundMethod::callBoundMethod(Object(Laravel\Lumen\Application), Array, Object(Closure))
#7 /var/www/vendor/illuminate/container/Container.php(592): Illuminate\Container\BoundMethod::call(Object(Laravel\Lumen\Application), Array, Array, NULL)
#8 /var/www/vendor/laravel/lumen-framework/src/Concerns/RoutesRequests.php(386): Illuminate\Container\Container->call(Array, Array)
#9 /var/www/vendor/laravel/lumen-framework/src/Concerns/RoutesRequests.php(352): Laravel\Lumen\Application->callControllerCallable(Array, Array)
#10 /var/www/vendor/laravel/lumen-framework/src/Concerns/RoutesRequests.php(326): Laravel\Lumen\Application->callLumenController(Object(App\Http\Controllers\WeatherApiController), 'getCityWeather', Array)
#11 /var/www/vendor/laravel/lumen-framework/src/Concerns/RoutesRequests.php(279): Laravel\Lumen\Application->callControllerAction(Array)
#12 /var/www/vendor/laravel/lumen-framework/src/Concerns/RoutesRequests.php(264): Laravel\Lumen\Application->callActionOnArrayBasedRoute(Array)
#13 /var/www/vendor/laravel/lumen-framework/src/Concerns/RoutesRequests.php(234): Laravel\Lumen\Application->handleFoundRoute(Array)
#14 /var/www/vendor/laravel/lumen-framework/src/Concerns/RoutesRequests.php(170): Laravel\Lumen\Application->handleDispatcherResponse(Array)
#15 /var/www/vendor/laravel/lumen-framework/src/Concerns/RoutesRequests.php(426): Laravel\Lumen\Application->Laravel\Lumen\Concerns\{closure}(Object(Laravel\Lumen\Http\Request))
#16 /var/www/vendor/laravel/lumen-framework/src/Concerns/RoutesRequests.php(172): Laravel\Lumen\Application->sendThroughPipeline(Array, Object(Closure))
#17 /var/www/vendor/laravel/lumen-framework/src/Concerns/RoutesRequests.php(109): Laravel\Lumen\Application->dispatch(NULL)
#18 /var/www/public/index.php(28): Laravel\Lumen\Application->run()
#19 {main} {"exception":"[object] (ErrorException(code: 0): A non-numeric value encountered at /var/www/app/Classes/OpenWeatherMapClient.php:14)
[stacktrace]
#0 /var/www/app/Classes/OpenWeatherMapClient.php(14): Laravel\\Lumen\\Application->Laravel\\Lumen\\Concerns\\{closure}(2, 'A non-numeric v...', '/var/www/app/Cl...', 14, Array)
#1 /var/www/app/Http/Controllers/WeatherApiController.php(23): App\\Classes\\OpenWeatherMapClient->getCityCurrentWeather('london', 'GB')
#2 [internal function]: App\\Http\\Controllers\\WeatherApiController->getCityWeather('GB', 'london')
#3 /var/www/vendor/illuminate/container/BoundMethod.php(33): call_user_func_array(Array, Array)
#4 /var/www/vendor/illuminate/container/Util.php(37): Illuminate\\Container\\BoundMethod::Illuminate\\Container\\{closure}()
#5 /var/www/vendor/illuminate/container/BoundMethod.php(91): Illuminate\\Container\\Util::unwrapIfClosure(Object(Closure))
#6 /var/www/vendor/illuminate/container/BoundMethod.php(35): Illuminate\\Container\\BoundMethod::callBoundMethod(Object(Laravel\\Lumen\\Application), Array, Object(Closure))
#7 /var/www/vendor/illuminate/container/Container.php(592): Illuminate\\Container\\BoundMethod::call(Object(Laravel\\Lumen\\Application), Array, Array, NULL)
#8 /var/www/vendor/laravel/lumen-framework/src/Concerns/RoutesRequests.php(386): Illuminate\\Container\\Container->call(Array, Array)
#9 /var/www/vendor/laravel/lumen-framework/src/Concerns/RoutesRequests.php(352): Laravel\\Lumen\\Application->callControllerCallable(Array, Array)
#10 /var/www/vendor/laravel/lumen-framework/src/Concerns/RoutesRequests.php(326): Laravel\\Lumen\\Application->callLumenController(Object(App\\Http\\Controllers\\WeatherApiController), 'getCityWeather', Array)
#11 /var/www/vendor/laravel/lumen-framework/src/Concerns/RoutesRequests.php(279): Laravel\\Lumen\\Application->callControllerAction(Array)
#12 /var/www/vendor/laravel/lumen-framework/src/Concerns/RoutesRequests.php(264): Laravel\\Lumen\\Application->callActionOnArrayBasedRoute(Array)
#13 /var/www/vendor/laravel/lumen-framework/src/Concerns/RoutesRequests.php(234): Laravel\\Lumen\\Application->handleFoundRoute(Array)
#14 /var/www/vendor/laravel/lumen-framework/src/Concerns/RoutesRequests.php(170): Laravel\\Lumen\\Application->handleDispatcherResponse(Array)
#15 /var/www/vendor/laravel/lumen-framework/src/Concerns/RoutesRequests.php(426): Laravel\\Lumen\\Application->Laravel\\Lumen\\Concerns\\{closure}(Object(Laravel\\Lumen\\Http\\Request))
#16 /var/www/vendor/laravel/lumen-framework/src/Concerns/RoutesRequests.php(172): Laravel\\Lumen\\Application->sendThroughPipeline(Array, Object(Closure))
#17 /var/www/vendor/laravel/lumen-framework/src/Concerns/RoutesRequests.php(109): Laravel\\Lumen\\Application->dispatch(NULL)
#18 /var/www/public/index.php(28): Laravel\\Lumen\\Application->run()
#19 {main}
"} 
[2020-06-29 23:35:50] local.ERROR: ErrorException: Undefined variable: GB in /var/www/app/Classes/WeatherApiClient.php:14
Stack trace:
#0 /var/www/app/Classes/WeatherApiClient.php(14): Laravel\Lumen\Application->Laravel\Lumen\Concerns\{closure}(8, 'Undefined varia...', '/var/www/app/Cl...', 14, Array)
#1 /var/www/app/Http/Controllers/WeatherApiController.php(30): App\Classes\WeatherApiClient->getCityPastWeather('london', 'GB', '2020-06-28')
#2 [internal function]: App\Http\Controllers\WeatherApiController->getPastWeather('GB', 'london', '2020-06-28')
#3 /var/www/vendor/illuminate/container/BoundMethod.php(33): call_user_func_array(Array, Array)
#4 /var/www/vendor/illuminate/container/Util.php(37): Illuminate\Container\BoundMethod::Illuminate\Container\{closure}()
#5 /var/www/vendor/illuminate/container/BoundMethod.php(91): Illuminate\Container\Util::unwrapIfClosure(Object(Closure))
#6 /var/www/vendor/illuminate/container/BoundMethod.php(35): Illuminate\Container\BoundMethod::callBoundMethod(Object(Laravel\Lumen\Application), Array, Object(Closure))
#7 /var/www/vendor/illuminate/container/Container.php(592): Illuminate\Container\BoundMethod::call(Object(Laravel\Lumen\Application), Array, Array, NULL)
#8 /var/www/vendor/laravel/lumen-framework/src/Concerns/RoutesRequests.php(386): Illuminate\Container\Container->call(Array, Array)
#9 /var/www/vendor/laravel/lumen-framework/src/Concerns/RoutesRequests.php(352): Laravel\Lumen\Application->callControllerCallable(Array, Array)
#10 /var/www/vendor/laravel/lumen-framework/src/Concerns/RoutesRequests.php(326): Laravel\Lumen\Application->callLumenController(Object(App\Http\Controllers\WeatherApiController), 'getPastWeather', Array)
#11 /var/www/vendor/laravel/lumen-framework/src/Concerns/RoutesRequests.php(279): Laravel\Lumen\Application->callControllerAction(Array)
#12 /var/www/vendor/laravel/lumen-framework/src/Concerns/RoutesRequests.php(264): Laravel\Lumen\Application->callActionOnArrayBasedRoute(Array)
#13 /var/www/vendor/laravel/lumen-framework/src/Concerns/RoutesRequests.php(234): Laravel\Lumen\Application->handleFoundRoute(Array)
#14 /var/www/vendor/laravel/lumen-framework/src/Concerns/RoutesRequests.php(170): Laravel\Lumen\Application->handleDispatcherResponse(Array)
#15 /var/www/vendor/laravel/lumen-framework/src/Concerns/RoutesRequests.php(426): Laravel\Lumen\Application->Laravel\Lumen\Concerns\{closure}(Object(Laravel\Lumen\Http\Request))
#16 /var/www/vendor/laravel/lumen-framework/src/Concerns/RoutesRequests.php(172): Laravel\Lumen\Application->sendThroughPipeline(Array, Object(Closure))
#17 /var/www/vendor/laravel/lumen-framework/src/Concerns/RoutesRequests.php(109): Laravel\Lumen\Application->dispatch(NULL)
#18 /var/www/public/index.php(28): Laravel\Lumen\Application->run()
#19 {main} {"exception":"[object] (ErrorException(code: 0): Undefined variable: GB at /var/www/app/Classes/WeatherApiClient.php:14)
[stacktrace]
#0 /var/www/app/Classes/WeatherApiClient.php(14): Laravel\\Lumen\\Application->Laravel\\Lumen\\Concerns\\{closure}(8, 'Undefined varia...', '/var/www/app/Cl...', 14, Array)
#1 /var/www/app/Http/Controllers/WeatherApiController.php(30): App\\Classes\\WeatherApiClient->getCityPastWeather('london', 'GB', '2020-06-28')
#2 [internal function]: App\\Http\\Controllers\\WeatherApiController->getPastWeather('GB', 'london', '2020-06-28')
#3 /var/www/vendor/illuminate/container/BoundMethod.php(33): call_user_func_array(Array, Array)
#4 /var/www/vendor/illuminate/container/Util.php(37): Illuminate\\Container\\BoundMethod::Illuminate\\Container\\{closure}()
#5 /var/www/vendor/illuminate/container/BoundMethod.php(91): Illuminate\\Container\\Util::unwrapIfClosure(Object(Closure))
#6 /var/www/vendor/illuminate/container/BoundMethod.php(35): Illuminate\\Container\\BoundMethod::callBoundMethod(Object(Laravel\\Lumen\\Application), Array, Object(Closure))
#7 /var/www/vendor/illuminate/container/Container.php(592): Illuminate\\Container\\BoundMethod::call(Object(Laravel\\Lumen\\Application), Array, Array, NULL)
#8 /var/www/vendor/laravel/lumen-framework/src/Concerns/RoutesRequests.php(386): Illuminate\\Container\\Container->call(Array, Array)
#9 /var/www/vendor/laravel/lumen-framework/src/Concerns/RoutesRequests.php(352): Laravel\\Lumen\\Application->callControllerCallable(Array, Array)
#10 /var/www/vendor/laravel/lumen-framework/src/Concerns/RoutesRequests.php(326): Laravel\\Lumen\\Application->callLumenController(Object(App\\Http\\Controllers\\WeatherApiController), 'getPastWeather', Array)
#11 /var/www/vendor/laravel/lumen-framework/src/Concerns/RoutesRequests.php(279): Laravel\\Lumen\\Application->callControllerAction(Array)
#12 /var/www/vendor/laravel/lumen-framework/src/Concerns/RoutesRequests.php(264): Laravel\\Lumen\\Application->callActionOnArrayBasedRoute(Array)
#13 /var/www/vendor/laravel/lumen-framework/src/Concerns/RoutesRequests.php(234): Laravel\\Lumen\\Application->handleFoundRoute(Array)
#14 /var/www/vendor/laravel/lumen-framework/src/Concerns/RoutesRequests.php(170): Laravel\\Lumen\\Application->handleDispatcherResponse(Array)
#15 /var/www/vendor/laravel/lumen-framework/src/Concerns/RoutesRequests.php(426): Laravel\\Lumen\\Application->Laravel\\Lumen\\Concerns\\{closure}(Object(Laravel\\Lumen\\Http\\Request))
#16 /var/www/vendor/laravel/lumen-framework/src/Concerns/RoutesRequests.php(172): Laravel\\Lumen\\Application->sendThroughPipeline(Array, Object(Closure))
#17 /var/www/vendor/laravel/lumen-framework/src/Concerns/RoutesRequests.php(109): Laravel\\Lumen\\Application->dispatch(NULL)
#18 /var/www/public/index.php(28): Laravel\\Lumen\\Application->run()
#19 {main}
"} 
