[2020-06-30 10:00:41] local.ERROR: ErrorException: Undefined variable: date in /var/www/app/Classes/WeatherApiClient.php:14
Stack trace:
#0 /var/www/app/Classes/WeatherApiClient.php(14): Laravel\Lumen\Application->Laravel\Lumen\Concerns\{closure}(8, 'Undefined varia...', '/var/www/app/Cl...', 14, Array)
#1 /var/www/app/Http/Controllers/WeatherApiController.php(37): App\Classes\WeatherApiClient->getCityPastWeather('london', 'GB', '2020-06-29')
#2 [internal function]: App\Http\Controllers\WeatherApiController->getPastWeather('GB', 'london')
#3 /var/www/vendor/illuminate/container/BoundMethod.php(33): call_user_func_array(Array, Array)
#4 /var/www/vendor/illuminate/container/Util.php(37): Illuminate\Container\BoundMethod::Illuminate\Container\{closure}()
#5 /var/www/vendor/illuminate/container/BoundMethod.php(91): Illuminate\Container\Util::unwrapIfClosure(Object(Closure))
#6 /var/www/vendor/illuminate/container/BoundMethod.php(35): Illuminate\Container\BoundMethod::callBoundMethod(Object(Laravel\Lumen\Application), Array, Object(Closure))
#7 /var/www/vendor/illuminate/container/Container.php(592): Illuminate\Container\BoundMethod::call(Object(Laravel\Lumen\Application), Array, Array, NULL)
#8 /var/www/vendor/laravel/lumen-framework/src/Concerns/RoutesRequests.php(386): Illuminate\Container\Container->call(Array, Array)
#9 /var/www/vendor/laravel/lumen-framework/src/Concerns/RoutesRequests.php(352): Laravel\Lumen\Application->callControllerCallable(Array, Array)
#10 /var/www/vendor/laravel/lumen-framework/src/Concerns/RoutesRequests.php(326): Laravel\Lumen\Application->callLumenController(Object(App\Http\Controllers\WeatherApiController), 'getPastWeather', Array)
#11 /var/www/vendor/laravel/lumen-framework/src/Concerns/RoutesRequests.php(279): Laravel\Lumen\Application->callControllerAction(Array)
#12 /var/www/vendor/laravel/lumen-framework/src/Concerns/RoutesRequests.php(264): Laravel\Lumen\Application->callActionOnArrayBasedRoute(Array)
#13 /var/www/vendor/laravel/lumen-framework/src/Concerns/RoutesRequests.php(234): Laravel\Lumen\Application->handleFoundRoute(Array)
#14 /var/www/vendor/laravel/lumen-framework/src/Concerns/RoutesRequests.php(170): Laravel\Lumen\Application->handleDispatcherResponse(Array)
#15 /var/www/vendor/laravel/lumen-framework/src/Concerns/RoutesRequests.php(426): Laravel\Lumen\Application->Laravel\Lumen\Concerns\{closure}(Object(Laravel\Lumen\Http\Request))
#16 /var/www/vendor/laravel/lumen-framework/src/Concerns/RoutesRequests.php(172): Laravel\Lumen\Application->sendThroughPipeline(Array, Object(Closure))
#17 /var/www/vendor/laravel/lumen-framework/src/Concerns/RoutesRequests.php(109): Laravel\Lumen\Application->dispatch(NULL)
#18 /var/www/public/index.php(28): Laravel\Lumen\Application->run()
#19 {main} {"exception":"[object] (ErrorException(code: 0): Undefined variable: date at /var/www/app/Classes/WeatherApiClient.php:14)
[stacktrace]
#0 /var/www/app/Classes/WeatherApiClient.php(14): Laravel\\Lumen\\Application->Laravel\\Lumen\\Concerns\\{closure}(8, 'Undefined varia...', '/var/www/app/Cl...', 14, Array)
#1 /var/www/app/Http/Controllers/WeatherApiController.php(37): App\\Classes\\WeatherApiClient->getCityPastWeather('london', 'GB', '2020-06-29')
#2 [internal function]: App\\Http\\Controllers\\WeatherApiController->getPastWeather('GB', 'london')
#3 /var/www/vendor/illuminate/container/BoundMethod.php(33): call_user_func_array(Array, Array)
#4 /var/www/vendor/illuminate/container/Util.php(37): Illuminate\\Container\\BoundMethod::Illuminate\\Container\\{closure}()
#5 /var/www/vendor/illuminate/container/BoundMethod.php(91): Illuminate\\Container\\Util::unwrapIfClosure(Object(Closure))
#6 /var/www/vendor/illuminate/container/BoundMethod.php(35): Illuminate\\Container\\BoundMethod::callBoundMethod(Object(Laravel\\Lumen\\Application), Array, Object(Closure))
#7 /var/www/vendor/illuminate/container/Container.php(592): Illuminate\\Container\\BoundMethod::call(Object(Laravel\\Lumen\\Application), Array, Array, NULL)
#8 /var/www/vendor/laravel/lumen-framework/src/Concerns/RoutesRequests.php(386): Illuminate\\Container\\Container->call(Array, Array)
#9 /var/www/vendor/laravel/lumen-framework/src/Concerns/RoutesRequests.php(352): Laravel\\Lumen\\Application->callControllerCallable(Array, Array)
#10 /var/www/vendor/laravel/lumen-framework/src/Concerns/RoutesRequests.php(326): Laravel\\Lumen\\Application->callLumenController(Object(App\\Http\\Controllers\\WeatherApiController), 'getPastWeather', Array)
#11 /var/www/vendor/laravel/lumen-framework/src/Concerns/RoutesRequests.php(279): Laravel\\Lumen\\Application->callControllerAction(Array)
#12 /var/www/vendor/laravel/lumen-framework/src/Concerns/RoutesRequests.php(264): Laravel\\Lumen\\Application->callActionOnArrayBasedRoute(Array)
#13 /var/www/vendor/laravel/lumen-framework/src/Concerns/RoutesRequests.php(234): Laravel\\Lumen\\Application->handleFoundRoute(Array)
#14 /var/www/vendor/laravel/lumen-framework/src/Concerns/RoutesRequests.php(170): Laravel\\Lumen\\Application->handleDispatcherResponse(Array)
#15 /var/www/vendor/laravel/lumen-framework/src/Concerns/RoutesRequests.php(426): Laravel\\Lumen\\Application->Laravel\\Lumen\\Concerns\\{closure}(Object(Laravel\\Lumen\\Http\\Request))
#16 /var/www/vendor/laravel/lumen-framework/src/Concerns/RoutesRequests.php(172): Laravel\\Lumen\\Application->sendThroughPipeline(Array, Object(Closure))
#17 /var/www/vendor/laravel/lumen-framework/src/Concerns/RoutesRequests.php(109): Laravel\\Lumen\\Application->dispatch(NULL)
#18 /var/www/public/index.php(28): Laravel\\Lumen\\Application->run()
#19 {main}
"} 
[2020-06-30 10:06:34] local.ERROR: ErrorException: Trying to get property 'location' of non-object in /var/www/app/Classes/WeatherApiClient.php:17
Stack trace:
#0 /var/www/app/Classes/WeatherApiClient.php(17): Laravel\Lumen\Application->Laravel\Lumen\Concerns\{closure}(8, 'Trying to get p...', '/var/www/app/Cl...', 17, Array)
#1 /var/www/app/Http/Controllers/WeatherApiController.php(37): App\Classes\WeatherApiClient->getCityPastWeather('london', 'GB', '2020-06-29')
#2 [internal function]: App\Http\Controllers\WeatherApiController->getPastWeather('GB', 'london')
#3 /var/www/vendor/illuminate/container/BoundMethod.php(33): call_user_func_array(Array, Array)
#4 /var/www/vendor/illuminate/container/Util.php(37): Illuminate\Container\BoundMethod::Illuminate\Container\{closure}()
#5 /var/www/vendor/illuminate/container/BoundMethod.php(91): Illuminate\Container\Util::unwrapIfClosure(Object(Closure))
#6 /var/www/vendor/illuminate/container/BoundMethod.php(35): Illuminate\Container\BoundMethod::callBoundMethod(Object(Laravel\Lumen\Application), Array, Object(Closure))
#7 /var/www/vendor/illuminate/container/Container.php(592): Illuminate\Container\BoundMethod::call(Object(Laravel\Lumen\Application), Array, Array, NULL)
#8 /var/www/vendor/laravel/lumen-framework/src/Concerns/RoutesRequests.php(386): Illuminate\Container\Container->call(Array, Array)
#9 /var/www/vendor/laravel/lumen-framework/src/Concerns/RoutesRequests.php(352): Laravel\Lumen\Application->callControllerCallable(Array, Array)
#10 /var/www/vendor/laravel/lumen-framework/src/Concerns/RoutesRequests.php(326): Laravel\Lumen\Application->callLumenController(Object(App\Http\Controllers\WeatherApiController), 'getPastWeather', Array)
#11 /var/www/vendor/laravel/lumen-framework/src/Concerns/RoutesRequests.php(279): Laravel\Lumen\Application->callControllerAction(Array)
#12 /var/www/vendor/laravel/lumen-framework/src/Concerns/RoutesRequests.php(264): Laravel\Lumen\Application->callActionOnArrayBasedRoute(Array)
#13 /var/www/vendor/laravel/lumen-framework/src/Concerns/RoutesRequests.php(234): Laravel\Lumen\Application->handleFoundRoute(Array)
#14 /var/www/vendor/laravel/lumen-framework/src/Concerns/RoutesRequests.php(170): Laravel\Lumen\Application->handleDispatcherResponse(Array)
#15 /var/www/vendor/laravel/lumen-framework/src/Concerns/RoutesRequests.php(426): Laravel\Lumen\Application->Laravel\Lumen\Concerns\{closure}(Object(Laravel\Lumen\Http\Request))
#16 /var/www/vendor/laravel/lumen-framework/src/Concerns/RoutesRequests.php(172): Laravel\Lumen\Application->sendThroughPipeline(Array, Object(Closure))
#17 /var/www/vendor/laravel/lumen-framework/src/Concerns/RoutesRequests.php(109): Laravel\Lumen\Application->dispatch(NULL)
#18 /var/www/public/index.php(28): Laravel\Lumen\Application->run()
#19 {main} {"exception":"[object] (ErrorException(code: 0): Trying to get property 'location' of non-object at /var/www/app/Classes/WeatherApiClient.php:17)
[stacktrace]
#0 /var/www/app/Classes/WeatherApiClient.php(17): Laravel\\Lumen\\Application->Laravel\\Lumen\\Concerns\\{closure}(8, 'Trying to get p...', '/var/www/app/Cl...', 17, Array)
#1 /var/www/app/Http/Controllers/WeatherApiController.php(37): App\\Classes\\WeatherApiClient->getCityPastWeather('london', 'GB', '2020-06-29')
#2 [internal function]: App\\Http\\Controllers\\WeatherApiController->getPastWeather('GB', 'london')
#3 /var/www/vendor/illuminate/container/BoundMethod.php(33): call_user_func_array(Array, Array)
#4 /var/www/vendor/illuminate/container/Util.php(37): Illuminate\\Container\\BoundMethod::Illuminate\\Container\\{closure}()
#5 /var/www/vendor/illuminate/container/BoundMethod.php(91): Illuminate\\Container\\Util::unwrapIfClosure(Object(Closure))
#6 /var/www/vendor/illuminate/container/BoundMethod.php(35): Illuminate\\Container\\BoundMethod::callBoundMethod(Object(Laravel\\Lumen\\Application), Array, Object(Closure))
#7 /var/www/vendor/illuminate/container/Container.php(592): Illuminate\\Container\\BoundMethod::call(Object(Laravel\\Lumen\\Application), Array, Array, NULL)
#8 /var/www/vendor/laravel/lumen-framework/src/Concerns/RoutesRequests.php(386): Illuminate\\Container\\Container->call(Array, Array)
#9 /var/www/vendor/laravel/lumen-framework/src/Concerns/RoutesRequests.php(352): Laravel\\Lumen\\Application->callControllerCallable(Array, Array)
#10 /var/www/vendor/laravel/lumen-framework/src/Concerns/RoutesRequests.php(326): Laravel\\Lumen\\Application->callLumenController(Object(App\\Http\\Controllers\\WeatherApiController), 'getPastWeather', Array)
#11 /var/www/vendor/laravel/lumen-framework/src/Concerns/RoutesRequests.php(279): Laravel\\Lumen\\Application->callControllerAction(Array)
#12 /var/www/vendor/laravel/lumen-framework/src/Concerns/RoutesRequests.php(264): Laravel\\Lumen\\Application->callActionOnArrayBasedRoute(Array)
#13 /var/www/vendor/laravel/lumen-framework/src/Concerns/RoutesRequests.php(234): Laravel\\Lumen\\Application->handleFoundRoute(Array)
#14 /var/www/vendor/laravel/lumen-framework/src/Concerns/RoutesRequests.php(170): Laravel\\Lumen\\Application->handleDispatcherResponse(Array)
#15 /var/www/vendor/laravel/lumen-framework/src/Concerns/RoutesRequests.php(426): Laravel\\Lumen\\Application->Laravel\\Lumen\\Concerns\\{closure}(Object(Laravel\\Lumen\\Http\\Request))
#16 /var/www/vendor/laravel/lumen-framework/src/Concerns/RoutesRequests.php(172): Laravel\\Lumen\\Application->sendThroughPipeline(Array, Object(Closure))
#17 /var/www/vendor/laravel/lumen-framework/src/Concerns/RoutesRequests.php(109): Laravel\\Lumen\\Application->dispatch(NULL)
#18 /var/www/public/index.php(28): Laravel\\Lumen\\Application->run()
#19 {main}
"} 
[2020-06-30 10:07:01] local.ERROR: ErrorException: Undefined offset: 0 in /var/www/app/Classes/WeatherApiClient.php:17
Stack trace:
#0 /var/www/app/Classes/WeatherApiClient.php(17): Laravel\Lumen\Application->Laravel\Lumen\Concerns\{closure}(8, 'Undefined offse...', '/var/www/app/Cl...', 17, Array)
#1 /var/www/app/Http/Controllers/WeatherApiController.php(37): App\Classes\WeatherApiClient->getCityPastWeather('london', 'GB', '2020-06-29')
#2 [internal function]: App\Http\Controllers\WeatherApiController->getPastWeather('GB', 'london')
#3 /var/www/vendor/illuminate/container/BoundMethod.php(33): call_user_func_array(Array, Array)
#4 /var/www/vendor/illuminate/container/Util.php(37): Illuminate\Container\BoundMethod::Illuminate\Container\{closure}()
#5 /var/www/vendor/illuminate/container/BoundMethod.php(91): Illuminate\Container\Util::unwrapIfClosure(Object(Closure))
#6 /var/www/vendor/illuminate/container/BoundMethod.php(35): Illuminate\Container\BoundMethod::callBoundMethod(Object(Laravel\Lumen\Application), Array, Object(Closure))
#7 /var/www/vendor/illuminate/container/Container.php(592): Illuminate\Container\BoundMethod::call(Object(Laravel\Lumen\Application), Array, Array, NULL)
#8 /var/www/vendor/laravel/lumen-framework/src/Concerns/RoutesRequests.php(386): Illuminate\Container\Container->call(Array, Array)
#9 /var/www/vendor/laravel/lumen-framework/src/Concerns/RoutesRequests.php(352): Laravel\Lumen\Application->callControllerCallable(Array, Array)
#10 /var/www/vendor/laravel/lumen-framework/src/Concerns/RoutesRequests.php(326): Laravel\Lumen\Application->callLumenController(Object(App\Http\Controllers\WeatherApiController), 'getPastWeather', Array)
#11 /var/www/vendor/laravel/lumen-framework/src/Concerns/RoutesRequests.php(279): Laravel\Lumen\Application->callControllerAction(Array)
#12 /var/www/vendor/laravel/lumen-framework/src/Concerns/RoutesRequests.php(264): Laravel\Lumen\Application->callActionOnArrayBasedRoute(Array)
#13 /var/www/vendor/laravel/lumen-framework/src/Concerns/RoutesRequests.php(234): Laravel\Lumen\Application->handleFoundRoute(Array)
#14 /var/www/vendor/laravel/lumen-framework/src/Concerns/RoutesRequests.php(170): Laravel\Lumen\Application->handleDispatcherResponse(Array)
#15 /var/www/vendor/laravel/lumen-framework/src/Concerns/RoutesRequests.php(426): Laravel\Lumen\Application->Laravel\Lumen\Concerns\{closure}(Object(Laravel\Lumen\Http\Request))
#16 /var/www/vendor/laravel/lumen-framework/src/Concerns/RoutesRequests.php(172): Laravel\Lumen\Application->sendThroughPipeline(Array, Object(Closure))
#17 /var/www/vendor/laravel/lumen-framework/src/Concerns/RoutesRequests.php(109): Laravel\Lumen\Application->dispatch(NULL)
#18 /var/www/public/index.php(28): Laravel\Lumen\Application->run()
#19 {main} {"exception":"[object] (ErrorException(code: 0): Undefined offset: 0 at /var/www/app/Classes/WeatherApiClient.php:17)
[stacktrace]
#0 /var/www/app/Classes/WeatherApiClient.php(17): Laravel\\Lumen\\Application->Laravel\\Lumen\\Concerns\\{closure}(8, 'Undefined offse...', '/var/www/app/Cl...', 17, Array)
#1 /var/www/app/Http/Controllers/WeatherApiController.php(37): App\\Classes\\WeatherApiClient->getCityPastWeather('london', 'GB', '2020-06-29')
#2 [internal function]: App\\Http\\Controllers\\WeatherApiController->getPastWeather('GB', 'london')
#3 /var/www/vendor/illuminate/container/BoundMethod.php(33): call_user_func_array(Array, Array)
#4 /var/www/vendor/illuminate/container/Util.php(37): Illuminate\\Container\\BoundMethod::Illuminate\\Container\\{closure}()
#5 /var/www/vendor/illuminate/container/BoundMethod.php(91): Illuminate\\Container\\Util::unwrapIfClosure(Object(Closure))
#6 /var/www/vendor/illuminate/container/BoundMethod.php(35): Illuminate\\Container\\BoundMethod::callBoundMethod(Object(Laravel\\Lumen\\Application), Array, Object(Closure))
#7 /var/www/vendor/illuminate/container/Container.php(592): Illuminate\\Container\\BoundMethod::call(Object(Laravel\\Lumen\\Application), Array, Array, NULL)
#8 /var/www/vendor/laravel/lumen-framework/src/Concerns/RoutesRequests.php(386): Illuminate\\Container\\Container->call(Array, Array)
#9 /var/www/vendor/laravel/lumen-framework/src/Concerns/RoutesRequests.php(352): Laravel\\Lumen\\Application->callControllerCallable(Array, Array)
#10 /var/www/vendor/laravel/lumen-framework/src/Concerns/RoutesRequests.php(326): Laravel\\Lumen\\Application->callLumenController(Object(App\\Http\\Controllers\\WeatherApiController), 'getPastWeather', Array)
#11 /var/www/vendor/laravel/lumen-framework/src/Concerns/RoutesRequests.php(279): Laravel\\Lumen\\Application->callControllerAction(Array)
#12 /var/www/vendor/laravel/lumen-framework/src/Concerns/RoutesRequests.php(264): Laravel\\Lumen\\Application->callActionOnArrayBasedRoute(Array)
#13 /var/www/vendor/laravel/lumen-framework/src/Concerns/RoutesRequests.php(234): Laravel\\Lumen\\Application->handleFoundRoute(Array)
#14 /var/www/vendor/laravel/lumen-framework/src/Concerns/RoutesRequests.php(170): Laravel\\Lumen\\Application->handleDispatcherResponse(Array)
#15 /var/www/vendor/laravel/lumen-framework/src/Concerns/RoutesRequests.php(426): Laravel\\Lumen\\Application->Laravel\\Lumen\\Concerns\\{closure}(Object(Laravel\\Lumen\\Http\\Request))
#16 /var/www/vendor/laravel/lumen-framework/src/Concerns/RoutesRequests.php(172): Laravel\\Lumen\\Application->sendThroughPipeline(Array, Object(Closure))
#17 /var/www/vendor/laravel/lumen-framework/src/Concerns/RoutesRequests.php(109): Laravel\\Lumen\\Application->dispatch(NULL)
#18 /var/www/public/index.php(28): Laravel\\Lumen\\Application->run()
#19 {main}
"} 
[2020-06-30 10:53:50] local.ERROR: ErrorException: Undefined index: description in /var/www/app/Classes/OpenWeatherMapClient.php:35
Stack trace:
#0 /var/www/app/Classes/OpenWeatherMapClient.php(35): Laravel\Lumen\Application->Laravel\Lumen\Concerns\{closure}(8, 'Undefined index...', '/var/www/app/Cl...', 35, Array)
#1 /var/www/app/Classes/OpenWeatherMapClient.php(17): App\Classes\OpenWeatherMapClient->prepareData(Array)
#2 /var/www/app/Http/Controllers/WeatherApiController.php(17): App\Classes\OpenWeatherMapClient->getCityCurrentWeather('london', 'GB')
#3 [internal function]: App\Http\Controllers\WeatherApiController->getCurrentWeather('GB', 'london')
#4 /var/www/vendor/illuminate/container/BoundMethod.php(33): call_user_func_array(Array, Array)
#5 /var/www/vendor/illuminate/container/Util.php(37): Illuminate\Container\BoundMethod::Illuminate\Container\{closure}()
#6 /var/www/vendor/illuminate/container/BoundMethod.php(91): Illuminate\Container\Util::unwrapIfClosure(Object(Closure))
#7 /var/www/vendor/illuminate/container/BoundMethod.php(35): Illuminate\Container\BoundMethod::callBoundMethod(Object(Laravel\Lumen\Application), Array, Object(Closure))
#8 /var/www/vendor/illuminate/container/Container.php(592): Illuminate\Container\BoundMethod::call(Object(Laravel\Lumen\Application), Array, Array, NULL)
#9 /var/www/vendor/laravel/lumen-framework/src/Concerns/RoutesRequests.php(386): Illuminate\Container\Container->call(Array, Array)
#10 /var/www/vendor/laravel/lumen-framework/src/Concerns/RoutesRequests.php(352): Laravel\Lumen\Application->callControllerCallable(Array, Array)
#11 /var/www/vendor/laravel/lumen-framework/src/Concerns/RoutesRequests.php(326): Laravel\Lumen\Application->callLumenController(Object(App\Http\Controllers\WeatherApiController), 'getCurrentWeath...', Array)
#12 /var/www/vendor/laravel/lumen-framework/src/Concerns/RoutesRequests.php(279): Laravel\Lumen\Application->callControllerAction(Array)
#13 /var/www/vendor/laravel/lumen-framework/src/Concerns/RoutesRequests.php(264): Laravel\Lumen\Application->callActionOnArrayBasedRoute(Array)
#14 /var/www/vendor/laravel/lumen-framework/src/Concerns/RoutesRequests.php(234): Laravel\Lumen\Application->handleFoundRoute(Array)
#15 /var/www/vendor/laravel/lumen-framework/src/Concerns/RoutesRequests.php(170): Laravel\Lumen\Application->handleDispatcherResponse(Array)
#16 /var/www/vendor/laravel/lumen-framework/src/Concerns/RoutesRequests.php(426): Laravel\Lumen\Application->Laravel\Lumen\Concerns\{closure}(Object(Laravel\Lumen\Http\Request))
#17 /var/www/vendor/laravel/lumen-framework/src/Concerns/RoutesRequests.php(172): Laravel\Lumen\Application->sendThroughPipeline(Array, Object(Closure))
#18 /var/www/vendor/laravel/lumen-framework/src/Concerns/RoutesRequests.php(109): Laravel\Lumen\Application->dispatch(NULL)
#19 /var/www/public/index.php(28): Laravel\Lumen\Application->run()
#20 {main} {"exception":"[object] (ErrorException(code: 0): Undefined index: description at /var/www/app/Classes/OpenWeatherMapClient.php:35)
[stacktrace]
#0 /var/www/app/Classes/OpenWeatherMapClient.php(35): Laravel\\Lumen\\Application->Laravel\\Lumen\\Concerns\\{closure}(8, 'Undefined index...', '/var/www/app/Cl...', 35, Array)
#1 /var/www/app/Classes/OpenWeatherMapClient.php(17): App\\Classes\\OpenWeatherMapClient->prepareData(Array)
#2 /var/www/app/Http/Controllers/WeatherApiController.php(17): App\\Classes\\OpenWeatherMapClient->getCityCurrentWeather('london', 'GB')
#3 [internal function]: App\\Http\\Controllers\\WeatherApiController->getCurrentWeather('GB', 'london')
#4 /var/www/vendor/illuminate/container/BoundMethod.php(33): call_user_func_array(Array, Array)
#5 /var/www/vendor/illuminate/container/Util.php(37): Illuminate\\Container\\BoundMethod::Illuminate\\Container\\{closure}()
#6 /var/www/vendor/illuminate/container/BoundMethod.php(91): Illuminate\\Container\\Util::unwrapIfClosure(Object(Closure))
#7 /var/www/vendor/illuminate/container/BoundMethod.php(35): Illuminate\\Container\\BoundMethod::callBoundMethod(Object(Laravel\\Lumen\\Application), Array, Object(Closure))
#8 /var/www/vendor/illuminate/container/Container.php(592): Illuminate\\Container\\BoundMethod::call(Object(Laravel\\Lumen\\Application), Array, Array, NULL)
#9 /var/www/vendor/laravel/lumen-framework/src/Concerns/RoutesRequests.php(386): Illuminate\\Container\\Container->call(Array, Array)
#10 /var/www/vendor/laravel/lumen-framework/src/Concerns/RoutesRequests.php(352): Laravel\\Lumen\\Application->callControllerCallable(Array, Array)
#11 /var/www/vendor/laravel/lumen-framework/src/Concerns/RoutesRequests.php(326): Laravel\\Lumen\\Application->callLumenController(Object(App\\Http\\Controllers\\WeatherApiController), 'getCurrentWeath...', Array)
#12 /var/www/vendor/laravel/lumen-framework/src/Concerns/RoutesRequests.php(279): Laravel\\Lumen\\Application->callControllerAction(Array)
#13 /var/www/vendor/laravel/lumen-framework/src/Concerns/RoutesRequests.php(264): Laravel\\Lumen\\Application->callActionOnArrayBasedRoute(Array)
#14 /var/www/vendor/laravel/lumen-framework/src/Concerns/RoutesRequests.php(234): Laravel\\Lumen\\Application->handleFoundRoute(Array)
#15 /var/www/vendor/laravel/lumen-framework/src/Concerns/RoutesRequests.php(170): Laravel\\Lumen\\Application->handleDispatcherResponse(Array)
#16 /var/www/vendor/laravel/lumen-framework/src/Concerns/RoutesRequests.php(426): Laravel\\Lumen\\Application->Laravel\\Lumen\\Concerns\\{closure}(Object(Laravel\\Lumen\\Http\\Request))
#17 /var/www/vendor/laravel/lumen-framework/src/Concerns/RoutesRequests.php(172): Laravel\\Lumen\\Application->sendThroughPipeline(Array, Object(Closure))
#18 /var/www/vendor/laravel/lumen-framework/src/Concerns/RoutesRequests.php(109): Laravel\\Lumen\\Application->dispatch(NULL)
#19 /var/www/public/index.php(28): Laravel\\Lumen\\Application->run()
#20 {main}
"} 
[2020-06-30 15:02:32] local.ERROR: ErrorException: Undefined index: data in /var/www/app/Classes/WeatherBitClient.php:27
Stack trace:
#0 /var/www/app/Classes/WeatherBitClient.php(27): Laravel\Lumen\Application->Laravel\Lumen\Concerns\{closure}(8, 'Undefined index...', '/var/www/app/Cl...', 27, Array)
#1 /var/www/app/Classes/WeatherBitClient.php(17): App\Classes\WeatherBitClient->prepareForecastData(Object(Illuminate\Http\Client\Response))
#2 /var/www/app/Http/Controllers/WeatherApiController.php(55): App\Classes\WeatherBitClient->getCityForecastWeather('london', 'GB')
#3 [internal function]: App\Http\Controllers\WeatherApiController->getForecastWeather('GB', 'london')
#4 /var/www/vendor/illuminate/container/BoundMethod.php(33): call_user_func_array(Array, Array)
#5 /var/www/vendor/illuminate/container/Util.php(37): Illuminate\Container\BoundMethod::Illuminate\Container\{closure}()
#6 /var/www/vendor/illuminate/container/BoundMethod.php(91): Illuminate\Container\Util::unwrapIfClosure(Object(Closure))
#7 /var/www/vendor/illuminate/container/BoundMethod.php(35): Illuminate\Container\BoundMethod::callBoundMethod(Object(Laravel\Lumen\Application), Array, Object(Closure))
#8 /var/www/vendor/illuminate/container/Container.php(592): Illuminate\Container\BoundMethod::call(Object(Laravel\Lumen\Application), Array, Array, NULL)
#9 /var/www/vendor/laravel/lumen-framework/src/Concerns/RoutesRequests.php(386): Illuminate\Container\Container->call(Array, Array)
#10 /var/www/vendor/laravel/lumen-framework/src/Concerns/RoutesRequests.php(352): Laravel\Lumen\Application->callControllerCallable(Array, Array)
#11 /var/www/vendor/laravel/lumen-framework/src/Concerns/RoutesRequests.php(326): Laravel\Lumen\Application->callLumenController(Object(App\Http\Controllers\WeatherApiController), 'getForecastWeat...', Array)
#12 /var/www/vendor/laravel/lumen-framework/src/Concerns/RoutesRequests.php(279): Laravel\Lumen\Application->callControllerAction(Array)
#13 /var/www/vendor/laravel/lumen-framework/src/Concerns/RoutesRequests.php(264): Laravel\Lumen\Application->callActionOnArrayBasedRoute(Array)
#14 /var/www/vendor/laravel/lumen-framework/src/Concerns/RoutesRequests.php(234): Laravel\Lumen\Application->handleFoundRoute(Array)
#15 /var/www/vendor/laravel/lumen-framework/src/Concerns/RoutesRequests.php(170): Laravel\Lumen\Application->handleDispatcherResponse(Array)
#16 /var/www/vendor/laravel/lumen-framework/src/Concerns/RoutesRequests.php(426): Laravel\Lumen\Application->Laravel\Lumen\Concerns\{closure}(Object(Laravel\Lumen\Http\Request))
#17 /var/www/vendor/laravel/lumen-framework/src/Concerns/RoutesRequests.php(172): Laravel\Lumen\Application->sendThroughPipeline(Array, Object(Closure))
#18 /var/www/vendor/laravel/lumen-framework/src/Concerns/RoutesRequests.php(109): Laravel\Lumen\Application->dispatch(NULL)
#19 /var/www/public/index.php(28): Laravel\Lumen\Application->run()
#20 {main} {"exception":"[object] (ErrorException(code: 0): Undefined index: data at /var/www/app/Classes/WeatherBitClient.php:27)
[stacktrace]
#0 /var/www/app/Classes/WeatherBitClient.php(27): Laravel\\Lumen\\Application->Laravel\\Lumen\\Concerns\\{closure}(8, 'Undefined index...', '/var/www/app/Cl...', 27, Array)
#1 /var/www/app/Classes/WeatherBitClient.php(17): App\\Classes\\WeatherBitClient->prepareForecastData(Object(Illuminate\\Http\\Client\\Response))
#2 /var/www/app/Http/Controllers/WeatherApiController.php(55): App\\Classes\\WeatherBitClient->getCityForecastWeather('london', 'GB')
#3 [internal function]: App\\Http\\Controllers\\WeatherApiController->getForecastWeather('GB', 'london')
#4 /var/www/vendor/illuminate/container/BoundMethod.php(33): call_user_func_array(Array, Array)
#5 /var/www/vendor/illuminate/container/Util.php(37): Illuminate\\Container\\BoundMethod::Illuminate\\Container\\{closure}()
#6 /var/www/vendor/illuminate/container/BoundMethod.php(91): Illuminate\\Container\\Util::unwrapIfClosure(Object(Closure))
#7 /var/www/vendor/illuminate/container/BoundMethod.php(35): Illuminate\\Container\\BoundMethod::callBoundMethod(Object(Laravel\\Lumen\\Application), Array, Object(Closure))
#8 /var/www/vendor/illuminate/container/Container.php(592): Illuminate\\Container\\BoundMethod::call(Object(Laravel\\Lumen\\Application), Array, Array, NULL)
#9 /var/www/vendor/laravel/lumen-framework/src/Concerns/RoutesRequests.php(386): Illuminate\\Container\\Container->call(Array, Array)
#10 /var/www/vendor/laravel/lumen-framework/src/Concerns/RoutesRequests.php(352): Laravel\\Lumen\\Application->callControllerCallable(Array, Array)
#11 /var/www/vendor/laravel/lumen-framework/src/Concerns/RoutesRequests.php(326): Laravel\\Lumen\\Application->callLumenController(Object(App\\Http\\Controllers\\WeatherApiController), 'getForecastWeat...', Array)
#12 /var/www/vendor/laravel/lumen-framework/src/Concerns/RoutesRequests.php(279): Laravel\\Lumen\\Application->callControllerAction(Array)
#13 /var/www/vendor/laravel/lumen-framework/src/Concerns/RoutesRequests.php(264): Laravel\\Lumen\\Application->callActionOnArrayBasedRoute(Array)
#14 /var/www/vendor/laravel/lumen-framework/src/Concerns/RoutesRequests.php(234): Laravel\\Lumen\\Application->handleFoundRoute(Array)
#15 /var/www/vendor/laravel/lumen-framework/src/Concerns/RoutesRequests.php(170): Laravel\\Lumen\\Application->handleDispatcherResponse(Array)
#16 /var/www/vendor/laravel/lumen-framework/src/Concerns/RoutesRequests.php(426): Laravel\\Lumen\\Application->Laravel\\Lumen\\Concerns\\{closure}(Object(Laravel\\Lumen\\Http\\Request))
#17 /var/www/vendor/laravel/lumen-framework/src/Concerns/RoutesRequests.php(172): Laravel\\Lumen\\Application->sendThroughPipeline(Array, Object(Closure))
#18 /var/www/vendor/laravel/lumen-framework/src/Concerns/RoutesRequests.php(109): Laravel\\Lumen\\Application->dispatch(NULL)
#19 /var/www/public/index.php(28): Laravel\\Lumen\\Application->run()
#20 {main}
"} 
[2020-06-30 15:03:16] local.ERROR: ErrorException: Undefined index: data in /var/www/app/Classes/WeatherBitClient.php:27
Stack trace:
#0 /var/www/app/Classes/WeatherBitClient.php(27): Laravel\Lumen\Application->Laravel\Lumen\Concerns\{closure}(8, 'Undefined index...', '/var/www/app/Cl...', 27, Array)
#1 /var/www/app/Classes/WeatherBitClient.php(17): App\Classes\WeatherBitClient->prepareForecastData(Object(Illuminate\Http\Client\Response))
#2 /var/www/app/Http/Controllers/WeatherApiController.php(55): App\Classes\WeatherBitClient->getCityForecastWeather('london', 'GB')
#3 [internal function]: App\Http\Controllers\WeatherApiController->getForecastWeather('GB', 'london')
#4 /var/www/vendor/illuminate/container/BoundMethod.php(33): call_user_func_array(Array, Array)
#5 /var/www/vendor/illuminate/container/Util.php(37): Illuminate\Container\BoundMethod::Illuminate\Container\{closure}()
#6 /var/www/vendor/illuminate/container/BoundMethod.php(91): Illuminate\Container\Util::unwrapIfClosure(Object(Closure))
#7 /var/www/vendor/illuminate/container/BoundMethod.php(35): Illuminate\Container\BoundMethod::callBoundMethod(Object(Laravel\Lumen\Application), Array, Object(Closure))
#8 /var/www/vendor/illuminate/container/Container.php(592): Illuminate\Container\BoundMethod::call(Object(Laravel\Lumen\Application), Array, Array, NULL)
#9 /var/www/vendor/laravel/lumen-framework/src/Concerns/RoutesRequests.php(386): Illuminate\Container\Container->call(Array, Array)
#10 /var/www/vendor/laravel/lumen-framework/src/Concerns/RoutesRequests.php(352): Laravel\Lumen\Application->callControllerCallable(Array, Array)
#11 /var/www/vendor/laravel/lumen-framework/src/Concerns/RoutesRequests.php(326): Laravel\Lumen\Application->callLumenController(Object(App\Http\Controllers\WeatherApiController), 'getForecastWeat...', Array)
#12 /var/www/vendor/laravel/lumen-framework/src/Concerns/RoutesRequests.php(279): Laravel\Lumen\Application->callControllerAction(Array)
#13 /var/www/vendor/laravel/lumen-framework/src/Concerns/RoutesRequests.php(264): Laravel\Lumen\Application->callActionOnArrayBasedRoute(Array)
#14 /var/www/vendor/laravel/lumen-framework/src/Concerns/RoutesRequests.php(234): Laravel\Lumen\Application->handleFoundRoute(Array)
#15 /var/www/vendor/laravel/lumen-framework/src/Concerns/RoutesRequests.php(170): Laravel\Lumen\Application->handleDispatcherResponse(Array)
#16 /var/www/vendor/laravel/lumen-framework/src/Concerns/RoutesRequests.php(426): Laravel\Lumen\Application->Laravel\Lumen\Concerns\{closure}(Object(Laravel\Lumen\Http\Request))
#17 /var/www/vendor/laravel/lumen-framework/src/Concerns/RoutesRequests.php(172): Laravel\Lumen\Application->sendThroughPipeline(Array, Object(Closure))
#18 /var/www/vendor/laravel/lumen-framework/src/Concerns/RoutesRequests.php(109): Laravel\Lumen\Application->dispatch(NULL)
#19 /var/www/public/index.php(28): Laravel\Lumen\Application->run()
#20 {main} {"exception":"[object] (ErrorException(code: 0): Undefined index: data at /var/www/app/Classes/WeatherBitClient.php:27)
[stacktrace]
#0 /var/www/app/Classes/WeatherBitClient.php(27): Laravel\\Lumen\\Application->Laravel\\Lumen\\Concerns\\{closure}(8, 'Undefined index...', '/var/www/app/Cl...', 27, Array)
#1 /var/www/app/Classes/WeatherBitClient.php(17): App\\Classes\\WeatherBitClient->prepareForecastData(Object(Illuminate\\Http\\Client\\Response))
#2 /var/www/app/Http/Controllers/WeatherApiController.php(55): App\\Classes\\WeatherBitClient->getCityForecastWeather('london', 'GB')
#3 [internal function]: App\\Http\\Controllers\\WeatherApiController->getForecastWeather('GB', 'london')
#4 /var/www/vendor/illuminate/container/BoundMethod.php(33): call_user_func_array(Array, Array)
#5 /var/www/vendor/illuminate/container/Util.php(37): Illuminate\\Container\\BoundMethod::Illuminate\\Container\\{closure}()
#6 /var/www/vendor/illuminate/container/BoundMethod.php(91): Illuminate\\Container\\Util::unwrapIfClosure(Object(Closure))
#7 /var/www/vendor/illuminate/container/BoundMethod.php(35): Illuminate\\Container\\BoundMethod::callBoundMethod(Object(Laravel\\Lumen\\Application), Array, Object(Closure))
#8 /var/www/vendor/illuminate/container/Container.php(592): Illuminate\\Container\\BoundMethod::call(Object(Laravel\\Lumen\\Application), Array, Array, NULL)
#9 /var/www/vendor/laravel/lumen-framework/src/Concerns/RoutesRequests.php(386): Illuminate\\Container\\Container->call(Array, Array)
#10 /var/www/vendor/laravel/lumen-framework/src/Concerns/RoutesRequests.php(352): Laravel\\Lumen\\Application->callControllerCallable(Array, Array)
#11 /var/www/vendor/laravel/lumen-framework/src/Concerns/RoutesRequests.php(326): Laravel\\Lumen\\Application->callLumenController(Object(App\\Http\\Controllers\\WeatherApiController), 'getForecastWeat...', Array)
#12 /var/www/vendor/laravel/lumen-framework/src/Concerns/RoutesRequests.php(279): Laravel\\Lumen\\Application->callControllerAction(Array)
#13 /var/www/vendor/laravel/lumen-framework/src/Concerns/RoutesRequests.php(264): Laravel\\Lumen\\Application->callActionOnArrayBasedRoute(Array)
#14 /var/www/vendor/laravel/lumen-framework/src/Concerns/RoutesRequests.php(234): Laravel\\Lumen\\Application->handleFoundRoute(Array)
#15 /var/www/vendor/laravel/lumen-framework/src/Concerns/RoutesRequests.php(170): Laravel\\Lumen\\Application->handleDispatcherResponse(Array)
#16 /var/www/vendor/laravel/lumen-framework/src/Concerns/RoutesRequests.php(426): Laravel\\Lumen\\Application->Laravel\\Lumen\\Concerns\\{closure}(Object(Laravel\\Lumen\\Http\\Request))
#17 /var/www/vendor/laravel/lumen-framework/src/Concerns/RoutesRequests.php(172): Laravel\\Lumen\\Application->sendThroughPipeline(Array, Object(Closure))
#18 /var/www/vendor/laravel/lumen-framework/src/Concerns/RoutesRequests.php(109): Laravel\\Lumen\\Application->dispatch(NULL)
#19 /var/www/public/index.php(28): Laravel\\Lumen\\Application->run()
#20 {main}
"} 
[2020-06-30 15:04:15] local.ERROR: ErrorException: Undefined index: data in /var/www/app/Classes/WeatherBitClient.php:27
Stack trace:
#0 /var/www/app/Classes/WeatherBitClient.php(27): Laravel\Lumen\Application->Laravel\Lumen\Concerns\{closure}(8, 'Undefined index...', '/var/www/app/Cl...', 27, Array)
#1 /var/www/app/Classes/WeatherBitClient.php(17): App\Classes\WeatherBitClient->prepareForecastData(Object(Illuminate\Http\Client\Response))
#2 /var/www/app/Http/Controllers/WeatherApiController.php(55): App\Classes\WeatherBitClient->getCityForecastWeather('london', 'GB')
#3 [internal function]: App\Http\Controllers\WeatherApiController->getForecastWeather('GB', 'london')
#4 /var/www/vendor/illuminate/container/BoundMethod.php(33): call_user_func_array(Array, Array)
#5 /var/www/vendor/illuminate/container/Util.php(37): Illuminate\Container\BoundMethod::Illuminate\Container\{closure}()
#6 /var/www/vendor/illuminate/container/BoundMethod.php(91): Illuminate\Container\Util::unwrapIfClosure(Object(Closure))
#7 /var/www/vendor/illuminate/container/BoundMethod.php(35): Illuminate\Container\BoundMethod::callBoundMethod(Object(Laravel\Lumen\Application), Array, Object(Closure))
#8 /var/www/vendor/illuminate/container/Container.php(592): Illuminate\Container\BoundMethod::call(Object(Laravel\Lumen\Application), Array, Array, NULL)
#9 /var/www/vendor/laravel/lumen-framework/src/Concerns/RoutesRequests.php(386): Illuminate\Container\Container->call(Array, Array)
#10 /var/www/vendor/laravel/lumen-framework/src/Concerns/RoutesRequests.php(352): Laravel\Lumen\Application->callControllerCallable(Array, Array)
#11 /var/www/vendor/laravel/lumen-framework/src/Concerns/RoutesRequests.php(326): Laravel\Lumen\Application->callLumenController(Object(App\Http\Controllers\WeatherApiController), 'getForecastWeat...', Array)
#12 /var/www/vendor/laravel/lumen-framework/src/Concerns/RoutesRequests.php(279): Laravel\Lumen\Application->callControllerAction(Array)
#13 /var/www/vendor/laravel/lumen-framework/src/Concerns/RoutesRequests.php(264): Laravel\Lumen\Application->callActionOnArrayBasedRoute(Array)
#14 /var/www/vendor/laravel/lumen-framework/src/Concerns/RoutesRequests.php(234): Laravel\Lumen\Application->handleFoundRoute(Array)
#15 /var/www/vendor/laravel/lumen-framework/src/Concerns/RoutesRequests.php(170): Laravel\Lumen\Application->handleDispatcherResponse(Array)
#16 /var/www/vendor/laravel/lumen-framework/src/Concerns/RoutesRequests.php(426): Laravel\Lumen\Application->Laravel\Lumen\Concerns\{closure}(Object(Laravel\Lumen\Http\Request))
#17 /var/www/vendor/laravel/lumen-framework/src/Concerns/RoutesRequests.php(172): Laravel\Lumen\Application->sendThroughPipeline(Array, Object(Closure))
#18 /var/www/vendor/laravel/lumen-framework/src/Concerns/RoutesRequests.php(109): Laravel\Lumen\Application->dispatch(NULL)
#19 /var/www/public/index.php(28): Laravel\Lumen\Application->run()
#20 {main} {"exception":"[object] (ErrorException(code: 0): Undefined index: data at /var/www/app/Classes/WeatherBitClient.php:27)
[stacktrace]
#0 /var/www/app/Classes/WeatherBitClient.php(27): Laravel\\Lumen\\Application->Laravel\\Lumen\\Concerns\\{closure}(8, 'Undefined index...', '/var/www/app/Cl...', 27, Array)
#1 /var/www/app/Classes/WeatherBitClient.php(17): App\\Classes\\WeatherBitClient->prepareForecastData(Object(Illuminate\\Http\\Client\\Response))
#2 /var/www/app/Http/Controllers/WeatherApiController.php(55): App\\Classes\\WeatherBitClient->getCityForecastWeather('london', 'GB')
#3 [internal function]: App\\Http\\Controllers\\WeatherApiController->getForecastWeather('GB', 'london')
#4 /var/www/vendor/illuminate/container/BoundMethod.php(33): call_user_func_array(Array, Array)
#5 /var/www/vendor/illuminate/container/Util.php(37): Illuminate\\Container\\BoundMethod::Illuminate\\Container\\{closure}()
#6 /var/www/vendor/illuminate/container/BoundMethod.php(91): Illuminate\\Container\\Util::unwrapIfClosure(Object(Closure))
#7 /var/www/vendor/illuminate/container/BoundMethod.php(35): Illuminate\\Container\\BoundMethod::callBoundMethod(Object(Laravel\\Lumen\\Application), Array, Object(Closure))
#8 /var/www/vendor/illuminate/container/Container.php(592): Illuminate\\Container\\BoundMethod::call(Object(Laravel\\Lumen\\Application), Array, Array, NULL)
#9 /var/www/vendor/laravel/lumen-framework/src/Concerns/RoutesRequests.php(386): Illuminate\\Container\\Container->call(Array, Array)
#10 /var/www/vendor/laravel/lumen-framework/src/Concerns/RoutesRequests.php(352): Laravel\\Lumen\\Application->callControllerCallable(Array, Array)
#11 /var/www/vendor/laravel/lumen-framework/src/Concerns/RoutesRequests.php(326): Laravel\\Lumen\\Application->callLumenController(Object(App\\Http\\Controllers\\WeatherApiController), 'getForecastWeat...', Array)
#12 /var/www/vendor/laravel/lumen-framework/src/Concerns/RoutesRequests.php(279): Laravel\\Lumen\\Application->callControllerAction(Array)
#13 /var/www/vendor/laravel/lumen-framework/src/Concerns/RoutesRequests.php(264): Laravel\\Lumen\\Application->callActionOnArrayBasedRoute(Array)
#14 /var/www/vendor/laravel/lumen-framework/src/Concerns/RoutesRequests.php(234): Laravel\\Lumen\\Application->handleFoundRoute(Array)
#15 /var/www/vendor/laravel/lumen-framework/src/Concerns/RoutesRequests.php(170): Laravel\\Lumen\\Application->handleDispatcherResponse(Array)
#16 /var/www/vendor/laravel/lumen-framework/src/Concerns/RoutesRequests.php(426): Laravel\\Lumen\\Application->Laravel\\Lumen\\Concerns\\{closure}(Object(Laravel\\Lumen\\Http\\Request))
#17 /var/www/vendor/laravel/lumen-framework/src/Concerns/RoutesRequests.php(172): Laravel\\Lumen\\Application->sendThroughPipeline(Array, Object(Closure))
#18 /var/www/vendor/laravel/lumen-framework/src/Concerns/RoutesRequests.php(109): Laravel\\Lumen\\Application->dispatch(NULL)
#19 /var/www/public/index.php(28): Laravel\\Lumen\\Application->run()
#20 {main}
"} 
[2020-06-30 16:00:56] local.ERROR: ErrorException: Undefined index: location in /var/www/app/Classes/WeatherApiClient.php:24
Stack trace:
#0 /var/www/app/Classes/WeatherApiClient.php(24): Laravel\Lumen\Application->Laravel\Lumen\Concerns\{closure}(8, 'Undefined index...', '/var/www/app/Cl...', 24, Array)
#1 /var/www/app/Classes/WeatherApiClient.php(16): App\Classes\WeatherApiClient->prepareHistoricData(Array)
#2 /var/www/app/Http/Controllers/WeatherApiController.php(37): App\Classes\WeatherApiClient->getCityPastWeather('london', 'GB', '2020-06-29')
#3 [internal function]: App\Http\Controllers\WeatherApiController->getPastWeather('GB', 'london')
#4 /var/www/vendor/illuminate/container/BoundMethod.php(33): call_user_func_array(Array, Array)
#5 /var/www/vendor/illuminate/container/Util.php(37): Illuminate\Container\BoundMethod::Illuminate\Container\{closure}()
#6 /var/www/vendor/illuminate/container/BoundMethod.php(91): Illuminate\Container\Util::unwrapIfClosure(Object(Closure))
#7 /var/www/vendor/illuminate/container/BoundMethod.php(35): Illuminate\Container\BoundMethod::callBoundMethod(Object(Laravel\Lumen\Application), Array, Object(Closure))
#8 /var/www/vendor/illuminate/container/Container.php(592): Illuminate\Container\BoundMethod::call(Object(Laravel\Lumen\Application), Array, Array, NULL)
#9 /var/www/vendor/laravel/lumen-framework/src/Concerns/RoutesRequests.php(386): Illuminate\Container\Container->call(Array, Array)
#10 /var/www/vendor/laravel/lumen-framework/src/Concerns/RoutesRequests.php(352): Laravel\Lumen\Application->callControllerCallable(Array, Array)
#11 /var/www/vendor/laravel/lumen-framework/src/Concerns/RoutesRequests.php(326): Laravel\Lumen\Application->callLumenController(Object(App\Http\Controllers\WeatherApiController), 'getPastWeather', Array)
#12 /var/www/vendor/laravel/lumen-framework/src/Concerns/RoutesRequests.php(279): Laravel\Lumen\Application->callControllerAction(Array)
#13 /var/www/vendor/laravel/lumen-framework/src/Concerns/RoutesRequests.php(264): Laravel\Lumen\Application->callActionOnArrayBasedRoute(Array)
#14 /var/www/vendor/laravel/lumen-framework/src/Concerns/RoutesRequests.php(234): Laravel\Lumen\Application->handleFoundRoute(Array)
#15 /var/www/vendor/laravel/lumen-framework/src/Concerns/RoutesRequests.php(170): Laravel\Lumen\Application->handleDispatcherResponse(Array)
#16 /var/www/vendor/laravel/lumen-framework/src/Concerns/RoutesRequests.php(426): Laravel\Lumen\Application->Laravel\Lumen\Concerns\{closure}(Object(Laravel\Lumen\Http\Request))
#17 /var/www/vendor/laravel/lumen-framework/src/Concerns/RoutesRequests.php(172): Laravel\Lumen\Application->sendThroughPipeline(Array, Object(Closure))
#18 /var/www/vendor/laravel/lumen-framework/src/Concerns/RoutesRequests.php(109): Laravel\Lumen\Application->dispatch(NULL)
#19 /var/www/public/index.php(28): Laravel\Lumen\Application->run()
#20 {main} {"exception":"[object] (ErrorException(code: 0): Undefined index: location at /var/www/app/Classes/WeatherApiClient.php:24)
[stacktrace]
#0 /var/www/app/Classes/WeatherApiClient.php(24): Laravel\\Lumen\\Application->Laravel\\Lumen\\Concerns\\{closure}(8, 'Undefined index...', '/var/www/app/Cl...', 24, Array)
#1 /var/www/app/Classes/WeatherApiClient.php(16): App\\Classes\\WeatherApiClient->prepareHistoricData(Array)
#2 /var/www/app/Http/Controllers/WeatherApiController.php(37): App\\Classes\\WeatherApiClient->getCityPastWeather('london', 'GB', '2020-06-29')
#3 [internal function]: App\\Http\\Controllers\\WeatherApiController->getPastWeather('GB', 'london')
#4 /var/www/vendor/illuminate/container/BoundMethod.php(33): call_user_func_array(Array, Array)
#5 /var/www/vendor/illuminate/container/Util.php(37): Illuminate\\Container\\BoundMethod::Illuminate\\Container\\{closure}()
#6 /var/www/vendor/illuminate/container/BoundMethod.php(91): Illuminate\\Container\\Util::unwrapIfClosure(Object(Closure))
#7 /var/www/vendor/illuminate/container/BoundMethod.php(35): Illuminate\\Container\\BoundMethod::callBoundMethod(Object(Laravel\\Lumen\\Application), Array, Object(Closure))
#8 /var/www/vendor/illuminate/container/Container.php(592): Illuminate\\Container\\BoundMethod::call(Object(Laravel\\Lumen\\Application), Array, Array, NULL)
#9 /var/www/vendor/laravel/lumen-framework/src/Concerns/RoutesRequests.php(386): Illuminate\\Container\\Container->call(Array, Array)
#10 /var/www/vendor/laravel/lumen-framework/src/Concerns/RoutesRequests.php(352): Laravel\\Lumen\\Application->callControllerCallable(Array, Array)
#11 /var/www/vendor/laravel/lumen-framework/src/Concerns/RoutesRequests.php(326): Laravel\\Lumen\\Application->callLumenController(Object(App\\Http\\Controllers\\WeatherApiController), 'getPastWeather', Array)
#12 /var/www/vendor/laravel/lumen-framework/src/Concerns/RoutesRequests.php(279): Laravel\\Lumen\\Application->callControllerAction(Array)
#13 /var/www/vendor/laravel/lumen-framework/src/Concerns/RoutesRequests.php(264): Laravel\\Lumen\\Application->callActionOnArrayBasedRoute(Array)
#14 /var/www/vendor/laravel/lumen-framework/src/Concerns/RoutesRequests.php(234): Laravel\\Lumen\\Application->handleFoundRoute(Array)
#15 /var/www/vendor/laravel/lumen-framework/src/Concerns/RoutesRequests.php(170): Laravel\\Lumen\\Application->handleDispatcherResponse(Array)
#16 /var/www/vendor/laravel/lumen-framework/src/Concerns/RoutesRequests.php(426): Laravel\\Lumen\\Application->Laravel\\Lumen\\Concerns\\{closure}(Object(Laravel\\Lumen\\Http\\Request))
#17 /var/www/vendor/laravel/lumen-framework/src/Concerns/RoutesRequests.php(172): Laravel\\Lumen\\Application->sendThroughPipeline(Array, Object(Closure))
#18 /var/www/vendor/laravel/lumen-framework/src/Concerns/RoutesRequests.php(109): Laravel\\Lumen\\Application->dispatch(NULL)
#19 /var/www/public/index.php(28): Laravel\\Lumen\\Application->run()
#20 {main}
"} 
[2020-06-30 16:01:06] local.ERROR: ErrorException: Undefined index: location in /var/www/app/Classes/WeatherApiClient.php:24
Stack trace:
#0 /var/www/app/Classes/WeatherApiClient.php(24): Laravel\Lumen\Application->Laravel\Lumen\Concerns\{closure}(8, 'Undefined index...', '/var/www/app/Cl...', 24, Array)
#1 /var/www/app/Classes/WeatherApiClient.php(16): App\Classes\WeatherApiClient->prepareHistoricData(Array)
#2 /var/www/app/Http/Controllers/WeatherApiController.php(37): App\Classes\WeatherApiClient->getCityPastWeather('london', 'GB', '2020-06-29')
#3 [internal function]: App\Http\Controllers\WeatherApiController->getPastWeather('GB', 'london')
#4 /var/www/vendor/illuminate/container/BoundMethod.php(33): call_user_func_array(Array, Array)
#5 /var/www/vendor/illuminate/container/Util.php(37): Illuminate\Container\BoundMethod::Illuminate\Container\{closure}()
#6 /var/www/vendor/illuminate/container/BoundMethod.php(91): Illuminate\Container\Util::unwrapIfClosure(Object(Closure))
#7 /var/www/vendor/illuminate/container/BoundMethod.php(35): Illuminate\Container\BoundMethod::callBoundMethod(Object(Laravel\Lumen\Application), Array, Object(Closure))
#8 /var/www/vendor/illuminate/container/Container.php(592): Illuminate\Container\BoundMethod::call(Object(Laravel\Lumen\Application), Array, Array, NULL)
#9 /var/www/vendor/laravel/lumen-framework/src/Concerns/RoutesRequests.php(386): Illuminate\Container\Container->call(Array, Array)
#10 /var/www/vendor/laravel/lumen-framework/src/Concerns/RoutesRequests.php(352): Laravel\Lumen\Application->callControllerCallable(Array, Array)
#11 /var/www/vendor/laravel/lumen-framework/src/Concerns/RoutesRequests.php(326): Laravel\Lumen\Application->callLumenController(Object(App\Http\Controllers\WeatherApiController), 'getPastWeather', Array)
#12 /var/www/vendor/laravel/lumen-framework/src/Concerns/RoutesRequests.php(279): Laravel\Lumen\Application->callControllerAction(Array)
#13 /var/www/vendor/laravel/lumen-framework/src/Concerns/RoutesRequests.php(264): Laravel\Lumen\Application->callActionOnArrayBasedRoute(Array)
#14 /var/www/vendor/laravel/lumen-framework/src/Concerns/RoutesRequests.php(234): Laravel\Lumen\Application->handleFoundRoute(Array)
#15 /var/www/vendor/laravel/lumen-framework/src/Concerns/RoutesRequests.php(170): Laravel\Lumen\Application->handleDispatcherResponse(Array)
#16 /var/www/vendor/laravel/lumen-framework/src/Concerns/RoutesRequests.php(426): Laravel\Lumen\Application->Laravel\Lumen\Concerns\{closure}(Object(Laravel\Lumen\Http\Request))
#17 /var/www/vendor/laravel/lumen-framework/src/Concerns/RoutesRequests.php(172): Laravel\Lumen\Application->sendThroughPipeline(Array, Object(Closure))
#18 /var/www/vendor/laravel/lumen-framework/src/Concerns/RoutesRequests.php(109): Laravel\Lumen\Application->dispatch(NULL)
#19 /var/www/public/index.php(28): Laravel\Lumen\Application->run()
#20 {main} {"exception":"[object] (ErrorException(code: 0): Undefined index: location at /var/www/app/Classes/WeatherApiClient.php:24)
[stacktrace]
#0 /var/www/app/Classes/WeatherApiClient.php(24): Laravel\\Lumen\\Application->Laravel\\Lumen\\Concerns\\{closure}(8, 'Undefined index...', '/var/www/app/Cl...', 24, Array)
#1 /var/www/app/Classes/WeatherApiClient.php(16): App\\Classes\\WeatherApiClient->prepareHistoricData(Array)
#2 /var/www/app/Http/Controllers/WeatherApiController.php(37): App\\Classes\\WeatherApiClient->getCityPastWeather('london', 'GB', '2020-06-29')
#3 [internal function]: App\\Http\\Controllers\\WeatherApiController->getPastWeather('GB', 'london')
#4 /var/www/vendor/illuminate/container/BoundMethod.php(33): call_user_func_array(Array, Array)
#5 /var/www/vendor/illuminate/container/Util.php(37): Illuminate\\Container\\BoundMethod::Illuminate\\Container\\{closure}()
#6 /var/www/vendor/illuminate/container/BoundMethod.php(91): Illuminate\\Container\\Util::unwrapIfClosure(Object(Closure))
#7 /var/www/vendor/illuminate/container/BoundMethod.php(35): Illuminate\\Container\\BoundMethod::callBoundMethod(Object(Laravel\\Lumen\\Application), Array, Object(Closure))
#8 /var/www/vendor/illuminate/container/Container.php(592): Illuminate\\Container\\BoundMethod::call(Object(Laravel\\Lumen\\Application), Array, Array, NULL)
#9 /var/www/vendor/laravel/lumen-framework/src/Concerns/RoutesRequests.php(386): Illuminate\\Container\\Container->call(Array, Array)
#10 /var/www/vendor/laravel/lumen-framework/src/Concerns/RoutesRequests.php(352): Laravel\\Lumen\\Application->callControllerCallable(Array, Array)
#11 /var/www/vendor/laravel/lumen-framework/src/Concerns/RoutesRequests.php(326): Laravel\\Lumen\\Application->callLumenController(Object(App\\Http\\Controllers\\WeatherApiController), 'getPastWeather', Array)
#12 /var/www/vendor/laravel/lumen-framework/src/Concerns/RoutesRequests.php(279): Laravel\\Lumen\\Application->callControllerAction(Array)
#13 /var/www/vendor/laravel/lumen-framework/src/Concerns/RoutesRequests.php(264): Laravel\\Lumen\\Application->callActionOnArrayBasedRoute(Array)
#14 /var/www/vendor/laravel/lumen-framework/src/Concerns/RoutesRequests.php(234): Laravel\\Lumen\\Application->handleFoundRoute(Array)
#15 /var/www/vendor/laravel/lumen-framework/src/Concerns/RoutesRequests.php(170): Laravel\\Lumen\\Application->handleDispatcherResponse(Array)
#16 /var/www/vendor/laravel/lumen-framework/src/Concerns/RoutesRequests.php(426): Laravel\\Lumen\\Application->Laravel\\Lumen\\Concerns\\{closure}(Object(Laravel\\Lumen\\Http\\Request))
#17 /var/www/vendor/laravel/lumen-framework/src/Concerns/RoutesRequests.php(172): Laravel\\Lumen\\Application->sendThroughPipeline(Array, Object(Closure))
#18 /var/www/vendor/laravel/lumen-framework/src/Concerns/RoutesRequests.php(109): Laravel\\Lumen\\Application->dispatch(NULL)
#19 /var/www/public/index.php(28): Laravel\\Lumen\\Application->run()
#20 {main}
"} 
[2020-06-30 18:26:37] local.ERROR: ErrorException: Undefined index: name in /var/www/app/Classes/OpenWeatherMapClient.php:24
Stack trace:
#0 /var/www/app/Classes/OpenWeatherMapClient.php(24): Laravel\Lumen\Application->Laravel\Lumen\Concerns\{closure}(8, 'Undefined index...', '/var/www/app/Cl...', 24, Array)
#1 /var/www/app/Classes/OpenWeatherMapClient.php(16): App\Classes\OpenWeatherMapClient->prepareCurrentData(Array)
#2 /var/www/app/Http/Controllers/WeatherApiController.php(17): App\Classes\OpenWeatherMapClient->getCityCurrentWeather('undefined', 'undefined')
#3 [internal function]: App\Http\Controllers\WeatherApiController->getCurrentWeather('undefined', 'undefined')
#4 /var/www/vendor/illuminate/container/BoundMethod.php(33): call_user_func_array(Array, Array)
#5 /var/www/vendor/illuminate/container/Util.php(37): Illuminate\Container\BoundMethod::Illuminate\Container\{closure}()
#6 /var/www/vendor/illuminate/container/BoundMethod.php(91): Illuminate\Container\Util::unwrapIfClosure(Object(Closure))
#7 /var/www/vendor/illuminate/container/BoundMethod.php(35): Illuminate\Container\BoundMethod::callBoundMethod(Object(Laravel\Lumen\Application), Array, Object(Closure))
#8 /var/www/vendor/illuminate/container/Container.php(592): Illuminate\Container\BoundMethod::call(Object(Laravel\Lumen\Application), Array, Array, NULL)
#9 /var/www/vendor/laravel/lumen-framework/src/Concerns/RoutesRequests.php(386): Illuminate\Container\Container->call(Array, Array)
#10 /var/www/vendor/laravel/lumen-framework/src/Concerns/RoutesRequests.php(352): Laravel\Lumen\Application->callControllerCallable(Array, Array)
#11 /var/www/vendor/laravel/lumen-framework/src/Concerns/RoutesRequests.php(326): Laravel\Lumen\Application->callLumenController(Object(App\Http\Controllers\WeatherApiController), 'getCurrentWeath...', Array)
#12 /var/www/vendor/laravel/lumen-framework/src/Concerns/RoutesRequests.php(279): Laravel\Lumen\Application->callControllerAction(Array)
#13 /var/www/vendor/laravel/lumen-framework/src/Concerns/RoutesRequests.php(264): Laravel\Lumen\Application->callActionOnArrayBasedRoute(Array)
#14 /var/www/vendor/laravel/lumen-framework/src/Concerns/RoutesRequests.php(234): Laravel\Lumen\Application->handleFoundRoute(Array)
#15 /var/www/vendor/laravel/lumen-framework/src/Concerns/RoutesRequests.php(170): Laravel\Lumen\Application->handleDispatcherResponse(Array)
#16 /var/www/vendor/laravel/lumen-framework/src/Concerns/RoutesRequests.php(426): Laravel\Lumen\Application->Laravel\Lumen\Concerns\{closure}(Object(Laravel\Lumen\Http\Request))
#17 /var/www/vendor/laravel/lumen-framework/src/Concerns/RoutesRequests.php(172): Laravel\Lumen\Application->sendThroughPipeline(Array, Object(Closure))
#18 /var/www/vendor/laravel/lumen-framework/src/Concerns/RoutesRequests.php(109): Laravel\Lumen\Application->dispatch(NULL)
#19 /var/www/public/index.php(28): Laravel\Lumen\Application->run()
#20 {main} {"exception":"[object] (ErrorException(code: 0): Undefined index: name at /var/www/app/Classes/OpenWeatherMapClient.php:24)
[stacktrace]
#0 /var/www/app/Classes/OpenWeatherMapClient.php(24): Laravel\\Lumen\\Application->Laravel\\Lumen\\Concerns\\{closure}(8, 'Undefined index...', '/var/www/app/Cl...', 24, Array)
#1 /var/www/app/Classes/OpenWeatherMapClient.php(16): App\\Classes\\OpenWeatherMapClient->prepareCurrentData(Array)
#2 /var/www/app/Http/Controllers/WeatherApiController.php(17): App\\Classes\\OpenWeatherMapClient->getCityCurrentWeather('undefined', 'undefined')
#3 [internal function]: App\\Http\\Controllers\\WeatherApiController->getCurrentWeather('undefined', 'undefined')
#4 /var/www/vendor/illuminate/container/BoundMethod.php(33): call_user_func_array(Array, Array)
#5 /var/www/vendor/illuminate/container/Util.php(37): Illuminate\\Container\\BoundMethod::Illuminate\\Container\\{closure}()
#6 /var/www/vendor/illuminate/container/BoundMethod.php(91): Illuminate\\Container\\Util::unwrapIfClosure(Object(Closure))
#7 /var/www/vendor/illuminate/container/BoundMethod.php(35): Illuminate\\Container\\BoundMethod::callBoundMethod(Object(Laravel\\Lumen\\Application), Array, Object(Closure))
#8 /var/www/vendor/illuminate/container/Container.php(592): Illuminate\\Container\\BoundMethod::call(Object(Laravel\\Lumen\\Application), Array, Array, NULL)
#9 /var/www/vendor/laravel/lumen-framework/src/Concerns/RoutesRequests.php(386): Illuminate\\Container\\Container->call(Array, Array)
#10 /var/www/vendor/laravel/lumen-framework/src/Concerns/RoutesRequests.php(352): Laravel\\Lumen\\Application->callControllerCallable(Array, Array)
#11 /var/www/vendor/laravel/lumen-framework/src/Concerns/RoutesRequests.php(326): Laravel\\Lumen\\Application->callLumenController(Object(App\\Http\\Controllers\\WeatherApiController), 'getCurrentWeath...', Array)
#12 /var/www/vendor/laravel/lumen-framework/src/Concerns/RoutesRequests.php(279): Laravel\\Lumen\\Application->callControllerAction(Array)
#13 /var/www/vendor/laravel/lumen-framework/src/Concerns/RoutesRequests.php(264): Laravel\\Lumen\\Application->callActionOnArrayBasedRoute(Array)
#14 /var/www/vendor/laravel/lumen-framework/src/Concerns/RoutesRequests.php(234): Laravel\\Lumen\\Application->handleFoundRoute(Array)
#15 /var/www/vendor/laravel/lumen-framework/src/Concerns/RoutesRequests.php(170): Laravel\\Lumen\\Application->handleDispatcherResponse(Array)
#16 /var/www/vendor/laravel/lumen-framework/src/Concerns/RoutesRequests.php(426): Laravel\\Lumen\\Application->Laravel\\Lumen\\Concerns\\{closure}(Object(Laravel\\Lumen\\Http\\Request))
#17 /var/www/vendor/laravel/lumen-framework/src/Concerns/RoutesRequests.php(172): Laravel\\Lumen\\Application->sendThroughPipeline(Array, Object(Closure))
#18 /var/www/vendor/laravel/lumen-framework/src/Concerns/RoutesRequests.php(109): Laravel\\Lumen\\Application->dispatch(NULL)
#19 /var/www/public/index.php(28): Laravel\\Lumen\\Application->run()
#20 {main}
"} 
[2020-06-30 18:26:38] local.ERROR: ErrorException: Undefined index: name in /var/www/app/Classes/OpenWeatherMapClient.php:24
Stack trace:
#0 /var/www/app/Classes/OpenWeatherMapClient.php(24): Laravel\Lumen\Application->Laravel\Lumen\Concerns\{closure}(8, 'Undefined index...', '/var/www/app/Cl...', 24, Array)
#1 /var/www/app/Classes/OpenWeatherMapClient.php(16): App\Classes\OpenWeatherMapClient->prepareCurrentData(Array)
#2 /var/www/app/Http/Controllers/WeatherApiController.php(17): App\Classes\OpenWeatherMapClient->getCityCurrentWeather('undefined', 'undefined')
#3 [internal function]: App\Http\Controllers\WeatherApiController->getCurrentWeather('undefined', 'undefined')
#4 /var/www/vendor/illuminate/container/BoundMethod.php(33): call_user_func_array(Array, Array)
#5 /var/www/vendor/illuminate/container/Util.php(37): Illuminate\Container\BoundMethod::Illuminate\Container\{closure}()
#6 /var/www/vendor/illuminate/container/BoundMethod.php(91): Illuminate\Container\Util::unwrapIfClosure(Object(Closure))
#7 /var/www/vendor/illuminate/container/BoundMethod.php(35): Illuminate\Container\BoundMethod::callBoundMethod(Object(Laravel\Lumen\Application), Array, Object(Closure))
#8 /var/www/vendor/illuminate/container/Container.php(592): Illuminate\Container\BoundMethod::call(Object(Laravel\Lumen\Application), Array, Array, NULL)
#9 /var/www/vendor/laravel/lumen-framework/src/Concerns/RoutesRequests.php(386): Illuminate\Container\Container->call(Array, Array)
#10 /var/www/vendor/laravel/lumen-framework/src/Concerns/RoutesRequests.php(352): Laravel\Lumen\Application->callControllerCallable(Array, Array)
#11 /var/www/vendor/laravel/lumen-framework/src/Concerns/RoutesRequests.php(326): Laravel\Lumen\Application->callLumenController(Object(App\Http\Controllers\WeatherApiController), 'getCurrentWeath...', Array)
#12 /var/www/vendor/laravel/lumen-framework/src/Concerns/RoutesRequests.php(279): Laravel\Lumen\Application->callControllerAction(Array)
#13 /var/www/vendor/laravel/lumen-framework/src/Concerns/RoutesRequests.php(264): Laravel\Lumen\Application->callActionOnArrayBasedRoute(Array)
#14 /var/www/vendor/laravel/lumen-framework/src/Concerns/RoutesRequests.php(234): Laravel\Lumen\Application->handleFoundRoute(Array)
#15 /var/www/vendor/laravel/lumen-framework/src/Concerns/RoutesRequests.php(170): Laravel\Lumen\Application->handleDispatcherResponse(Array)
#16 /var/www/vendor/laravel/lumen-framework/src/Concerns/RoutesRequests.php(426): Laravel\Lumen\Application->Laravel\Lumen\Concerns\{closure}(Object(Laravel\Lumen\Http\Request))
#17 /var/www/vendor/laravel/lumen-framework/src/Concerns/RoutesRequests.php(172): Laravel\Lumen\Application->sendThroughPipeline(Array, Object(Closure))
#18 /var/www/vendor/laravel/lumen-framework/src/Concerns/RoutesRequests.php(109): Laravel\Lumen\Application->dispatch(NULL)
#19 /var/www/public/index.php(28): Laravel\Lumen\Application->run()
#20 {main} {"exception":"[object] (ErrorException(code: 0): Undefined index: name at /var/www/app/Classes/OpenWeatherMapClient.php:24)
[stacktrace]
#0 /var/www/app/Classes/OpenWeatherMapClient.php(24): Laravel\\Lumen\\Application->Laravel\\Lumen\\Concerns\\{closure}(8, 'Undefined index...', '/var/www/app/Cl...', 24, Array)
#1 /var/www/app/Classes/OpenWeatherMapClient.php(16): App\\Classes\\OpenWeatherMapClient->prepareCurrentData(Array)
#2 /var/www/app/Http/Controllers/WeatherApiController.php(17): App\\Classes\\OpenWeatherMapClient->getCityCurrentWeather('undefined', 'undefined')
#3 [internal function]: App\\Http\\Controllers\\WeatherApiController->getCurrentWeather('undefined', 'undefined')
#4 /var/www/vendor/illuminate/container/BoundMethod.php(33): call_user_func_array(Array, Array)
#5 /var/www/vendor/illuminate/container/Util.php(37): Illuminate\\Container\\BoundMethod::Illuminate\\Container\\{closure}()
#6 /var/www/vendor/illuminate/container/BoundMethod.php(91): Illuminate\\Container\\Util::unwrapIfClosure(Object(Closure))
#7 /var/www/vendor/illuminate/container/BoundMethod.php(35): Illuminate\\Container\\BoundMethod::callBoundMethod(Object(Laravel\\Lumen\\Application), Array, Object(Closure))
#8 /var/www/vendor/illuminate/container/Container.php(592): Illuminate\\Container\\BoundMethod::call(Object(Laravel\\Lumen\\Application), Array, Array, NULL)
#9 /var/www/vendor/laravel/lumen-framework/src/Concerns/RoutesRequests.php(386): Illuminate\\Container\\Container->call(Array, Array)
#10 /var/www/vendor/laravel/lumen-framework/src/Concerns/RoutesRequests.php(352): Laravel\\Lumen\\Application->callControllerCallable(Array, Array)
#11 /var/www/vendor/laravel/lumen-framework/src/Concerns/RoutesRequests.php(326): Laravel\\Lumen\\Application->callLumenController(Object(App\\Http\\Controllers\\WeatherApiController), 'getCurrentWeath...', Array)
#12 /var/www/vendor/laravel/lumen-framework/src/Concerns/RoutesRequests.php(279): Laravel\\Lumen\\Application->callControllerAction(Array)
#13 /var/www/vendor/laravel/lumen-framework/src/Concerns/RoutesRequests.php(264): Laravel\\Lumen\\Application->callActionOnArrayBasedRoute(Array)
#14 /var/www/vendor/laravel/lumen-framework/src/Concerns/RoutesRequests.php(234): Laravel\\Lumen\\Application->handleFoundRoute(Array)
#15 /var/www/vendor/laravel/lumen-framework/src/Concerns/RoutesRequests.php(170): Laravel\\Lumen\\Application->handleDispatcherResponse(Array)
#16 /var/www/vendor/laravel/lumen-framework/src/Concerns/RoutesRequests.php(426): Laravel\\Lumen\\Application->Laravel\\Lumen\\Concerns\\{closure}(Object(Laravel\\Lumen\\Http\\Request))
#17 /var/www/vendor/laravel/lumen-framework/src/Concerns/RoutesRequests.php(172): Laravel\\Lumen\\Application->sendThroughPipeline(Array, Object(Closure))
#18 /var/www/vendor/laravel/lumen-framework/src/Concerns/RoutesRequests.php(109): Laravel\\Lumen\\Application->dispatch(NULL)
#19 /var/www/public/index.php(28): Laravel\\Lumen\\Application->run()
#20 {main}
"} 
[2020-06-30 18:26:39] local.ERROR: ErrorException: Undefined index: name in /var/www/app/Classes/OpenWeatherMapClient.php:24
Stack trace:
#0 /var/www/app/Classes/OpenWeatherMapClient.php(24): Laravel\Lumen\Application->Laravel\Lumen\Concerns\{closure}(8, 'Undefined index...', '/var/www/app/Cl...', 24, Array)
#1 /var/www/app/Classes/OpenWeatherMapClient.php(16): App\Classes\OpenWeatherMapClient->prepareCurrentData(Array)
#2 /var/www/app/Http/Controllers/WeatherApiController.php(17): App\Classes\OpenWeatherMapClient->getCityCurrentWeather('undefined', 'undefined')
#3 [internal function]: App\Http\Controllers\WeatherApiController->getCurrentWeather('undefined', 'undefined')
#4 /var/www/vendor/illuminate/container/BoundMethod.php(33): call_user_func_array(Array, Array)
#5 /var/www/vendor/illuminate/container/Util.php(37): Illuminate\Container\BoundMethod::Illuminate\Container\{closure}()
#6 /var/www/vendor/illuminate/container/BoundMethod.php(91): Illuminate\Container\Util::unwrapIfClosure(Object(Closure))
#7 /var/www/vendor/illuminate/container/BoundMethod.php(35): Illuminate\Container\BoundMethod::callBoundMethod(Object(Laravel\Lumen\Application), Array, Object(Closure))
#8 /var/www/vendor/illuminate/container/Container.php(592): Illuminate\Container\BoundMethod::call(Object(Laravel\Lumen\Application), Array, Array, NULL)
#9 /var/www/vendor/laravel/lumen-framework/src/Concerns/RoutesRequests.php(386): Illuminate\Container\Container->call(Array, Array)
#10 /var/www/vendor/laravel/lumen-framework/src/Concerns/RoutesRequests.php(352): Laravel\Lumen\Application->callControllerCallable(Array, Array)
#11 /var/www/vendor/laravel/lumen-framework/src/Concerns/RoutesRequests.php(326): Laravel\Lumen\Application->callLumenController(Object(App\Http\Controllers\WeatherApiController), 'getCurrentWeath...', Array)
#12 /var/www/vendor/laravel/lumen-framework/src/Concerns/RoutesRequests.php(279): Laravel\Lumen\Application->callControllerAction(Array)
#13 /var/www/vendor/laravel/lumen-framework/src/Concerns/RoutesRequests.php(264): Laravel\Lumen\Application->callActionOnArrayBasedRoute(Array)
#14 /var/www/vendor/laravel/lumen-framework/src/Concerns/RoutesRequests.php(234): Laravel\Lumen\Application->handleFoundRoute(Array)
#15 /var/www/vendor/laravel/lumen-framework/src/Concerns/RoutesRequests.php(170): Laravel\Lumen\Application->handleDispatcherResponse(Array)
#16 /var/www/vendor/laravel/lumen-framework/src/Concerns/RoutesRequests.php(426): Laravel\Lumen\Application->Laravel\Lumen\Concerns\{closure}(Object(Laravel\Lumen\Http\Request))
#17 /var/www/vendor/laravel/lumen-framework/src/Concerns/RoutesRequests.php(172): Laravel\Lumen\Application->sendThroughPipeline(Array, Object(Closure))
#18 /var/www/vendor/laravel/lumen-framework/src/Concerns/RoutesRequests.php(109): Laravel\Lumen\Application->dispatch(NULL)
#19 /var/www/public/index.php(28): Laravel\Lumen\Application->run()
#20 {main} {"exception":"[object] (ErrorException(code: 0): Undefined index: name at /var/www/app/Classes/OpenWeatherMapClient.php:24)
[stacktrace]
#0 /var/www/app/Classes/OpenWeatherMapClient.php(24): Laravel\\Lumen\\Application->Laravel\\Lumen\\Concerns\\{closure}(8, 'Undefined index...', '/var/www/app/Cl...', 24, Array)
#1 /var/www/app/Classes/OpenWeatherMapClient.php(16): App\\Classes\\OpenWeatherMapClient->prepareCurrentData(Array)
#2 /var/www/app/Http/Controllers/WeatherApiController.php(17): App\\Classes\\OpenWeatherMapClient->getCityCurrentWeather('undefined', 'undefined')
#3 [internal function]: App\\Http\\Controllers\\WeatherApiController->getCurrentWeather('undefined', 'undefined')
#4 /var/www/vendor/illuminate/container/BoundMethod.php(33): call_user_func_array(Array, Array)
#5 /var/www/vendor/illuminate/container/Util.php(37): Illuminate\\Container\\BoundMethod::Illuminate\\Container\\{closure}()
#6 /var/www/vendor/illuminate/container/BoundMethod.php(91): Illuminate\\Container\\Util::unwrapIfClosure(Object(Closure))
#7 /var/www/vendor/illuminate/container/BoundMethod.php(35): Illuminate\\Container\\BoundMethod::callBoundMethod(Object(Laravel\\Lumen\\Application), Array, Object(Closure))
#8 /var/www/vendor/illuminate/container/Container.php(592): Illuminate\\Container\\BoundMethod::call(Object(Laravel\\Lumen\\Application), Array, Array, NULL)
#9 /var/www/vendor/laravel/lumen-framework/src/Concerns/RoutesRequests.php(386): Illuminate\\Container\\Container->call(Array, Array)
#10 /var/www/vendor/laravel/lumen-framework/src/Concerns/RoutesRequests.php(352): Laravel\\Lumen\\Application->callControllerCallable(Array, Array)
#11 /var/www/vendor/laravel/lumen-framework/src/Concerns/RoutesRequests.php(326): Laravel\\Lumen\\Application->callLumenController(Object(App\\Http\\Controllers\\WeatherApiController), 'getCurrentWeath...', Array)
#12 /var/www/vendor/laravel/lumen-framework/src/Concerns/RoutesRequests.php(279): Laravel\\Lumen\\Application->callControllerAction(Array)
#13 /var/www/vendor/laravel/lumen-framework/src/Concerns/RoutesRequests.php(264): Laravel\\Lumen\\Application->callActionOnArrayBasedRoute(Array)
#14 /var/www/vendor/laravel/lumen-framework/src/Concerns/RoutesRequests.php(234): Laravel\\Lumen\\Application->handleFoundRoute(Array)
#15 /var/www/vendor/laravel/lumen-framework/src/Concerns/RoutesRequests.php(170): Laravel\\Lumen\\Application->handleDispatcherResponse(Array)
#16 /var/www/vendor/laravel/lumen-framework/src/Concerns/RoutesRequests.php(426): Laravel\\Lumen\\Application->Laravel\\Lumen\\Concerns\\{closure}(Object(Laravel\\Lumen\\Http\\Request))
#17 /var/www/vendor/laravel/lumen-framework/src/Concerns/RoutesRequests.php(172): Laravel\\Lumen\\Application->sendThroughPipeline(Array, Object(Closure))
#18 /var/www/vendor/laravel/lumen-framework/src/Concerns/RoutesRequests.php(109): Laravel\\Lumen\\Application->dispatch(NULL)
#19 /var/www/public/index.php(28): Laravel\\Lumen\\Application->run()
#20 {main}
"} 
