[2020-06-28 12:21:10] local.ERROR: PDOException: SQLSTATE[HY000]: General error: 3780 Referencing column 'user_id' and referenced column 'id' in foreign key constraint 'user_city_user_id_foreign' are incompatible. in /var/www/vendor/illuminate/database/Connection.php:464
Stack trace:
#0 /var/www/vendor/illuminate/database/Connection.php(464): PDOStatement->execute()
#1 /var/www/vendor/illuminate/database/Connection.php(664): Illuminate\Database\Connection->Illuminate\Database\{closure}('alter table `us...', Array)
#2 /var/www/vendor/illuminate/database/Connection.php(631): Illuminate\Database\Connection->runQueryCallback('alter table `us...', Array, Object(Closure))
#3 /var/www/vendor/illuminate/database/Connection.php(465): Illuminate\Database\Connection->run('alter table `us...', Array, Object(Closure))
#4 /var/www/vendor/illuminate/database/Schema/Blueprint.php(102): Illuminate\Database\Connection->statement('alter table `us...')
#5 /var/www/vendor/illuminate/database/Schema/Builder.php(290): Illuminate\Database\Schema\Blueprint->build(Object(Illuminate\Database\MySqlConnection), Object(Illuminate\Database\Schema\Grammars\MySqlGrammar))
#6 /var/www/vendor/illuminate/database/Schema/Builder.php(167): Illuminate\Database\Schema\Builder->build(Object(Illuminate\Database\Schema\Blueprint))
#7 /var/www/vendor/illuminate/support/Facades/Facade.php(261): Illuminate\Database\Schema\Builder->create('user_city', Object(Closure))
#8 /var/www/database/migrations/2020_06_28_113601_create_user_city_table.php(21): Illuminate\Support\Facades\Facade::__callStatic('create', Array)
#9 /var/www/vendor/illuminate/database/Migrations/Migrator.php(392): CreateUserCityTable->up()
#10 /var/www/vendor/illuminate/database/Migrations/Migrator.php(401): Illuminate\Database\Migrations\Migrator->Illuminate\Database\Migrations\{closure}()
#11 /var/www/vendor/illuminate/database/Migrations/Migrator.php(200): Illuminate\Database\Migrations\Migrator->runMigration(Object(CreateUserCityTable), 'up')
#12 /var/www/vendor/illuminate/database/Migrations/Migrator.php(165): Illuminate\Database\Migrations\Migrator->runUp('/var/www/databa...', 2, false)
#13 /var/www/vendor/illuminate/database/Migrations/Migrator.php(110): Illuminate\Database\Migrations\Migrator->runPending(Array, Array)
#14 /var/www/vendor/illuminate/database/Console/Migrations/MigrateCommand.php(72): Illuminate\Database\Migrations\Migrator->run(Array, Array)
#15 /var/www/vendor/illuminate/database/Migrations/Migrator.php(541): Illuminate\Database\Console\Migrations\MigrateCommand->Illuminate\Database\Console\Migrations\{closure}()
#16 /var/www/vendor/illuminate/database/Console/Migrations/MigrateCommand.php(81): Illuminate\Database\Migrations\Migrator->usingConnection(NULL, Object(Closure))
#17 [internal function]: Illuminate\Database\Console\Migrations\MigrateCommand->handle()
#18 /var/www/vendor/illuminate/container/BoundMethod.php(33): call_user_func_array(Array, Array)
#19 /var/www/vendor/illuminate/container/Util.php(37): Illuminate\Container\BoundMethod::Illuminate\Container\{closure}()
#20 /var/www/vendor/illuminate/container/BoundMethod.php(91): Illuminate\Container\Util::unwrapIfClosure(Object(Closure))
#21 /var/www/vendor/illuminate/container/BoundMethod.php(35): Illuminate\Container\BoundMethod::callBoundMethod(Object(Laravel\Lumen\Application), Array, Object(Closure))
#22 /var/www/vendor/illuminate/container/Container.php(592): Illuminate\Container\BoundMethod::call(Object(Laravel\Lumen\Application), Array, Array, NULL)
#23 /var/www/vendor/illuminate/console/Command.php(134): Illuminate\Container\Container->call(Array)
#24 /var/www/vendor/symfony/console/Command/Command.php(258): Illuminate\Console\Command->execute(Object(Symfony\Component\Console\Input\ArgvInput), Object(Illuminate\Console\OutputStyle))
#25 /var/www/vendor/illuminate/console/Command.php(121): Symfony\Component\Console\Command\Command->run(Object(Symfony\Component\Console\Input\ArgvInput), Object(Illuminate\Console\OutputStyle))
#26 /var/www/vendor/symfony/console/Application.php(911): Illuminate\Console\Command->run(Object(Symfony\Component\Console\Input\ArgvInput), Object(Symfony\Component\Console\Output\ConsoleOutput))
#27 /var/www/vendor/symfony/console/Application.php(264): Symfony\Component\Console\Application->doRunCommand(Object(Illuminate\Database\Console\Migrations\MigrateCommand), Object(Symfony\Component\Console\Input\ArgvInput), Object(Symfony\Component\Console\Output\ConsoleOutput))
#28 /var/www/vendor/symfony/console/Application.php(140): Symfony\Component\Console\Application->doRun(Object(Symfony\Component\Console\Input\ArgvInput), Object(Symfony\Component\Console\Output\ConsoleOutput))
#29 /var/www/vendor/illuminate/console/Application.php(93): Symfony\Component\Console\Application->run(Object(Symfony\Component\Console\Input\ArgvInput), Object(Symfony\Component\Console\Output\ConsoleOutput))
#30 /var/www/vendor/laravel/lumen-framework/src/Console/Kernel.php(116): Illuminate\Console\Application->run(Object(Symfony\Component\Console\Input\ArgvInput), Object(Symfony\Component\Console\Output\ConsoleOutput))
#31 /var/www/artisan(35): Laravel\Lumen\Console\Kernel->handle(Object(Symfony\Component\Console\Input\ArgvInput), Object(Symfony\Component\Console\Output\ConsoleOutput))
#32 {main}

Next Illuminate\Database\QueryException: SQLSTATE[HY000]: General error: 3780 Referencing column 'user_id' and referenced column 'id' in foreign key constraint 'user_city_user_id_foreign' are incompatible. (SQL: alter table `user_city` add constraint `user_city_user_id_foreign` foreign key (`user_id`) references `users` (`id`) on delete cascade) in /var/www/vendor/illuminate/database/Connection.php:671
Stack trace:
#0 /var/www/vendor/illuminate/database/Connection.php(631): Illuminate\Database\Connection->runQueryCallback('alter table `us...', Array, Object(Closure))
#1 /var/www/vendor/illuminate/database/Connection.php(465): Illuminate\Database\Connection->run('alter table `us...', Array, Object(Closure))
#2 /var/www/vendor/illuminate/database/Schema/Blueprint.php(102): Illuminate\Database\Connection->statement('alter table `us...')
#3 /var/www/vendor/illuminate/database/Schema/Builder.php(290): Illuminate\Database\Schema\Blueprint->build(Object(Illuminate\Database\MySqlConnection), Object(Illuminate\Database\Schema\Grammars\MySqlGrammar))
#4 /var/www/vendor/illuminate/database/Schema/Builder.php(167): Illuminate\Database\Schema\Builder->build(Object(Illuminate\Database\Schema\Blueprint))
#5 /var/www/vendor/illuminate/support/Facades/Facade.php(261): Illuminate\Database\Schema\Builder->create('user_city', Object(Closure))
#6 /var/www/database/migrations/2020_06_28_113601_create_user_city_table.php(21): Illuminate\Support\Facades\Facade::__callStatic('create', Array)
#7 /var/www/vendor/illuminate/database/Migrations/Migrator.php(392): CreateUserCityTable->up()
#8 /var/www/vendor/illuminate/database/Migrations/Migrator.php(401): Illuminate\Database\Migrations\Migrator->Illuminate\Database\Migrations\{closure}()
#9 /var/www/vendor/illuminate/database/Migrations/Migrator.php(200): Illuminate\Database\Migrations\Migrator->runMigration(Object(CreateUserCityTable), 'up')
#10 /var/www/vendor/illuminate/database/Migrations/Migrator.php(165): Illuminate\Database\Migrations\Migrator->runUp('/var/www/databa...', 2, false)
#11 /var/www/vendor/illuminate/database/Migrations/Migrator.php(110): Illuminate\Database\Migrations\Migrator->runPending(Array, Array)
#12 /var/www/vendor/illuminate/database/Console/Migrations/MigrateCommand.php(72): Illuminate\Database\Migrations\Migrator->run(Array, Array)
#13 /var/www/vendor/illuminate/database/Migrations/Migrator.php(541): Illuminate\Database\Console\Migrations\MigrateCommand->Illuminate\Database\Console\Migrations\{closure}()
#14 /var/www/vendor/illuminate/database/Console/Migrations/MigrateCommand.php(81): Illuminate\Database\Migrations\Migrator->usingConnection(NULL, Object(Closure))
#15 [internal function]: Illuminate\Database\Console\Migrations\MigrateCommand->handle()
#16 /var/www/vendor/illuminate/container/BoundMethod.php(33): call_user_func_array(Array, Array)
#17 /var/www/vendor/illuminate/container/Util.php(37): Illuminate\Container\BoundMethod::Illuminate\Container\{closure}()
#18 /var/www/vendor/illuminate/container/BoundMethod.php(91): Illuminate\Container\Util::unwrapIfClosure(Object(Closure))
#19 /var/www/vendor/illuminate/container/BoundMethod.php(35): Illuminate\Container\BoundMethod::callBoundMethod(Object(Laravel\Lumen\Application), Array, Object(Closure))
#20 /var/www/vendor/illuminate/container/Container.php(592): Illuminate\Container\BoundMethod::call(Object(Laravel\Lumen\Application), Array, Array, NULL)
#21 /var/www/vendor/illuminate/console/Command.php(134): Illuminate\Container\Container->call(Array)
#22 /var/www/vendor/symfony/console/Command/Command.php(258): Illuminate\Console\Command->execute(Object(Symfony\Component\Console\Input\ArgvInput), Object(Illuminate\Console\OutputStyle))
#23 /var/www/vendor/illuminate/console/Command.php(121): Symfony\Component\Console\Command\Command->run(Object(Symfony\Component\Console\Input\ArgvInput), Object(Illuminate\Console\OutputStyle))
#24 /var/www/vendor/symfony/console/Application.php(911): Illuminate\Console\Command->run(Object(Symfony\Component\Console\Input\ArgvInput), Object(Symfony\Component\Console\Output\ConsoleOutput))
#25 /var/www/vendor/symfony/console/Application.php(264): Symfony\Component\Console\Application->doRunCommand(Object(Illuminate\Database\Console\Migrations\MigrateCommand), Object(Symfony\Component\Console\Input\ArgvInput), Object(Symfony\Component\Console\Output\ConsoleOutput))
#26 /var/www/vendor/symfony/console/Application.php(140): Symfony\Component\Console\Application->doRun(Object(Symfony\Component\Console\Input\ArgvInput), Object(Symfony\Component\Console\Output\ConsoleOutput))
#27 /var/www/vendor/illuminate/console/Application.php(93): Symfony\Component\Console\Application->run(Object(Symfony\Component\Console\Input\ArgvInput), Object(Symfony\Component\Console\Output\ConsoleOutput))
#28 /var/www/vendor/laravel/lumen-framework/src/Console/Kernel.php(116): Illuminate\Console\Application->run(Object(Symfony\Component\Console\Input\ArgvInput), Object(Symfony\Component\Console\Output\ConsoleOutput))
#29 /var/www/artisan(35): Laravel\Lumen\Console\Kernel->handle(Object(Symfony\Component\Console\Input\ArgvInput), Object(Symfony\Component\Console\Output\ConsoleOutput))
#30 {main} {"exception":"[object] (Illuminate\\Database\\QueryException(code: HY000): SQLSTATE[HY000]: General error: 3780 Referencing column 'user_id' and referenced column 'id' in foreign key constraint 'user_city_user_id_foreign' are incompatible. (SQL: alter table `user_city` add constraint `user_city_user_id_foreign` foreign key (`user_id`) references `users` (`id`) on delete cascade) at /var/www/vendor/illuminate/database/Connection.php:671)
[stacktrace]
#0 /var/www/vendor/illuminate/database/Connection.php(631): Illuminate\\Database\\Connection->runQueryCallback('alter table `us...', Array, Object(Closure))
#1 /var/www/vendor/illuminate/database/Connection.php(465): Illuminate\\Database\\Connection->run('alter table `us...', Array, Object(Closure))
#2 /var/www/vendor/illuminate/database/Schema/Blueprint.php(102): Illuminate\\Database\\Connection->statement('alter table `us...')
#3 /var/www/vendor/illuminate/database/Schema/Builder.php(290): Illuminate\\Database\\Schema\\Blueprint->build(Object(Illuminate\\Database\\MySqlConnection), Object(Illuminate\\Database\\Schema\\Grammars\\MySqlGrammar))
#4 /var/www/vendor/illuminate/database/Schema/Builder.php(167): Illuminate\\Database\\Schema\\Builder->build(Object(Illuminate\\Database\\Schema\\Blueprint))
#5 /var/www/vendor/illuminate/support/Facades/Facade.php(261): Illuminate\\Database\\Schema\\Builder->create('user_city', Object(Closure))
#6 /var/www/database/migrations/2020_06_28_113601_create_user_city_table.php(21): Illuminate\\Support\\Facades\\Facade::__callStatic('create', Array)
#7 /var/www/vendor/illuminate/database/Migrations/Migrator.php(392): CreateUserCityTable->up()
#8 /var/www/vendor/illuminate/database/Migrations/Migrator.php(401): Illuminate\\Database\\Migrations\\Migrator->Illuminate\\Database\\Migrations\\{closure}()
#9 /var/www/vendor/illuminate/database/Migrations/Migrator.php(200): Illuminate\\Database\\Migrations\\Migrator->runMigration(Object(CreateUserCityTable), 'up')
#10 /var/www/vendor/illuminate/database/Migrations/Migrator.php(165): Illuminate\\Database\\Migrations\\Migrator->runUp('/var/www/databa...', 2, false)
#11 /var/www/vendor/illuminate/database/Migrations/Migrator.php(110): Illuminate\\Database\\Migrations\\Migrator->runPending(Array, Array)
#12 /var/www/vendor/illuminate/database/Console/Migrations/MigrateCommand.php(72): Illuminate\\Database\\Migrations\\Migrator->run(Array, Array)
#13 /var/www/vendor/illuminate/database/Migrations/Migrator.php(541): Illuminate\\Database\\Console\\Migrations\\MigrateCommand->Illuminate\\Database\\Console\\Migrations\\{closure}()
#14 /var/www/vendor/illuminate/database/Console/Migrations/MigrateCommand.php(81): Illuminate\\Database\\Migrations\\Migrator->usingConnection(NULL, Object(Closure))
#15 [internal function]: Illuminate\\Database\\Console\\Migrations\\MigrateCommand->handle()
#16 /var/www/vendor/illuminate/container/BoundMethod.php(33): call_user_func_array(Array, Array)
#17 /var/www/vendor/illuminate/container/Util.php(37): Illuminate\\Container\\BoundMethod::Illuminate\\Container\\{closure}()
#18 /var/www/vendor/illuminate/container/BoundMethod.php(91): Illuminate\\Container\\Util::unwrapIfClosure(Object(Closure))
#19 /var/www/vendor/illuminate/container/BoundMethod.php(35): Illuminate\\Container\\BoundMethod::callBoundMethod(Object(Laravel\\Lumen\\Application), Array, Object(Closure))
#20 /var/www/vendor/illuminate/container/Container.php(592): Illuminate\\Container\\BoundMethod::call(Object(Laravel\\Lumen\\Application), Array, Array, NULL)
#21 /var/www/vendor/illuminate/console/Command.php(134): Illuminate\\Container\\Container->call(Array)
#22 /var/www/vendor/symfony/console/Command/Command.php(258): Illuminate\\Console\\Command->execute(Object(Symfony\\Component\\Console\\Input\\ArgvInput), Object(Illuminate\\Console\\OutputStyle))
#23 /var/www/vendor/illuminate/console/Command.php(121): Symfony\\Component\\Console\\Command\\Command->run(Object(Symfony\\Component\\Console\\Input\\ArgvInput), Object(Illuminate\\Console\\OutputStyle))
#24 /var/www/vendor/symfony/console/Application.php(911): Illuminate\\Console\\Command->run(Object(Symfony\\Component\\Console\\Input\\ArgvInput), Object(Symfony\\Component\\Console\\Output\\ConsoleOutput))
#25 /var/www/vendor/symfony/console/Application.php(264): Symfony\\Component\\Console\\Application->doRunCommand(Object(Illuminate\\Database\\Console\\Migrations\\MigrateCommand), Object(Symfony\\Component\\Console\\Input\\ArgvInput), Object(Symfony\\Component\\Console\\Output\\ConsoleOutput))
#26 /var/www/vendor/symfony/console/Application.php(140): Symfony\\Component\\Console\\Application->doRun(Object(Symfony\\Component\\Console\\Input\\ArgvInput), Object(Symfony\\Component\\Console\\Output\\ConsoleOutput))
#27 /var/www/vendor/illuminate/console/Application.php(93): Symfony\\Component\\Console\\Application->run(Object(Symfony\\Component\\Console\\Input\\ArgvInput), Object(Symfony\\Component\\Console\\Output\\ConsoleOutput))
#28 /var/www/vendor/laravel/lumen-framework/src/Console/Kernel.php(116): Illuminate\\Console\\Application->run(Object(Symfony\\Component\\Console\\Input\\ArgvInput), Object(Symfony\\Component\\Console\\Output\\ConsoleOutput))
#29 /var/www/artisan(35): Laravel\\Lumen\\Console\\Kernel->handle(Object(Symfony\\Component\\Console\\Input\\ArgvInput), Object(Symfony\\Component\\Console\\Output\\ConsoleOutput))
#30 {main}

[previous exception] [object] (PDOException(code: HY000): SQLSTATE[HY000]: General error: 3780 Referencing column 'user_id' and referenced column 'id' in foreign key constraint 'user_city_user_id_foreign' are incompatible. at /var/www/vendor/illuminate/database/Connection.php:464)
[stacktrace]
#0 /var/www/vendor/illuminate/database/Connection.php(464): PDOStatement->execute()
#1 /var/www/vendor/illuminate/database/Connection.php(664): Illuminate\\Database\\Connection->Illuminate\\Database\\{closure}('alter table `us...', Array)
#2 /var/www/vendor/illuminate/database/Connection.php(631): Illuminate\\Database\\Connection->runQueryCallback('alter table `us...', Array, Object(Closure))
#3 /var/www/vendor/illuminate/database/Connection.php(465): Illuminate\\Database\\Connection->run('alter table `us...', Array, Object(Closure))
#4 /var/www/vendor/illuminate/database/Schema/Blueprint.php(102): Illuminate\\Database\\Connection->statement('alter table `us...')
#5 /var/www/vendor/illuminate/database/Schema/Builder.php(290): Illuminate\\Database\\Schema\\Blueprint->build(Object(Illuminate\\Database\\MySqlConnection), Object(Illuminate\\Database\\Schema\\Grammars\\MySqlGrammar))
#6 /var/www/vendor/illuminate/database/Schema/Builder.php(167): Illuminate\\Database\\Schema\\Builder->build(Object(Illuminate\\Database\\Schema\\Blueprint))
#7 /var/www/vendor/illuminate/support/Facades/Facade.php(261): Illuminate\\Database\\Schema\\Builder->create('user_city', Object(Closure))
#8 /var/www/database/migrations/2020_06_28_113601_create_user_city_table.php(21): Illuminate\\Support\\Facades\\Facade::__callStatic('create', Array)
#9 /var/www/vendor/illuminate/database/Migrations/Migrator.php(392): CreateUserCityTable->up()
#10 /var/www/vendor/illuminate/database/Migrations/Migrator.php(401): Illuminate\\Database\\Migrations\\Migrator->Illuminate\\Database\\Migrations\\{closure}()
#11 /var/www/vendor/illuminate/database/Migrations/Migrator.php(200): Illuminate\\Database\\Migrations\\Migrator->runMigration(Object(CreateUserCityTable), 'up')
#12 /var/www/vendor/illuminate/database/Migrations/Migrator.php(165): Illuminate\\Database\\Migrations\\Migrator->runUp('/var/www/databa...', 2, false)
#13 /var/www/vendor/illuminate/database/Migrations/Migrator.php(110): Illuminate\\Database\\Migrations\\Migrator->runPending(Array, Array)
#14 /var/www/vendor/illuminate/database/Console/Migrations/MigrateCommand.php(72): Illuminate\\Database\\Migrations\\Migrator->run(Array, Array)
#15 /var/www/vendor/illuminate/database/Migrations/Migrator.php(541): Illuminate\\Database\\Console\\Migrations\\MigrateCommand->Illuminate\\Database\\Console\\Migrations\\{closure}()
#16 /var/www/vendor/illuminate/database/Console/Migrations/MigrateCommand.php(81): Illuminate\\Database\\Migrations\\Migrator->usingConnection(NULL, Object(Closure))
#17 [internal function]: Illuminate\\Database\\Console\\Migrations\\MigrateCommand->handle()
#18 /var/www/vendor/illuminate/container/BoundMethod.php(33): call_user_func_array(Array, Array)
#19 /var/www/vendor/illuminate/container/Util.php(37): Illuminate\\Container\\BoundMethod::Illuminate\\Container\\{closure}()
#20 /var/www/vendor/illuminate/container/BoundMethod.php(91): Illuminate\\Container\\Util::unwrapIfClosure(Object(Closure))
#21 /var/www/vendor/illuminate/container/BoundMethod.php(35): Illuminate\\Container\\BoundMethod::callBoundMethod(Object(Laravel\\Lumen\\Application), Array, Object(Closure))
#22 /var/www/vendor/illuminate/container/Container.php(592): Illuminate\\Container\\BoundMethod::call(Object(Laravel\\Lumen\\Application), Array, Array, NULL)
#23 /var/www/vendor/illuminate/console/Command.php(134): Illuminate\\Container\\Container->call(Array)
#24 /var/www/vendor/symfony/console/Command/Command.php(258): Illuminate\\Console\\Command->execute(Object(Symfony\\Component\\Console\\Input\\ArgvInput), Object(Illuminate\\Console\\OutputStyle))
#25 /var/www/vendor/illuminate/console/Command.php(121): Symfony\\Component\\Console\\Command\\Command->run(Object(Symfony\\Component\\Console\\Input\\ArgvInput), Object(Illuminate\\Console\\OutputStyle))
#26 /var/www/vendor/symfony/console/Application.php(911): Illuminate\\Console\\Command->run(Object(Symfony\\Component\\Console\\Input\\ArgvInput), Object(Symfony\\Component\\Console\\Output\\ConsoleOutput))
#27 /var/www/vendor/symfony/console/Application.php(264): Symfony\\Component\\Console\\Application->doRunCommand(Object(Illuminate\\Database\\Console\\Migrations\\MigrateCommand), Object(Symfony\\Component\\Console\\Input\\ArgvInput), Object(Symfony\\Component\\Console\\Output\\ConsoleOutput))
#28 /var/www/vendor/symfony/console/Application.php(140): Symfony\\Component\\Console\\Application->doRun(Object(Symfony\\Component\\Console\\Input\\ArgvInput), Object(Symfony\\Component\\Console\\Output\\ConsoleOutput))
#29 /var/www/vendor/illuminate/console/Application.php(93): Symfony\\Component\\Console\\Application->run(Object(Symfony\\Component\\Console\\Input\\ArgvInput), Object(Symfony\\Component\\Console\\Output\\ConsoleOutput))
#30 /var/www/vendor/laravel/lumen-framework/src/Console/Kernel.php(116): Illuminate\\Console\\Application->run(Object(Symfony\\Component\\Console\\Input\\ArgvInput), Object(Symfony\\Component\\Console\\Output\\ConsoleOutput))
#31 /var/www/artisan(35): Laravel\\Lumen\\Console\\Kernel->handle(Object(Symfony\\Component\\Console\\Input\\ArgvInput), Object(Symfony\\Component\\Console\\Output\\ConsoleOutput))
#32 {main}
"} 
[2020-06-28 12:24:54] local.ERROR: ErrorException: include(/var/www/vendor/composer/../../database/seeds/DatabaseSeeder.php): failed to open stream: No such file or directory in /var/www/vendor/composer/ClassLoader.php:444
Stack trace:
#0 /var/www/vendor/composer/ClassLoader.php(444): Laravel\Lumen\Application->Laravel\Lumen\Concerns\{closure}(2, 'include(/var/ww...', '/var/www/vendor...', 444, Array)
#1 /var/www/vendor/composer/ClassLoader.php(444): include()
#2 /var/www/vendor/composer/ClassLoader.php(322): Composer\Autoload\includeFile('/var/www/vendor...')
#3 [internal function]: Composer\Autoload\ClassLoader->loadClass('DatabaseSeeder')
#4 [internal function]: spl_autoload_call('DatabaseSeeder')
#5 /var/www/vendor/illuminate/container/Container.php(805): ReflectionClass->__construct('DatabaseSeeder')
#6 /var/www/vendor/illuminate/container/Container.php(687): Illuminate\Container\Container->build('DatabaseSeeder')
#7 /var/www/vendor/illuminate/container/Container.php(633): Illuminate\Container\Container->resolve('DatabaseSeeder', Array)
#8 /var/www/vendor/laravel/lumen-framework/src/Application.php(300): Illuminate\Container\Container->make('DatabaseSeeder', Array)
#9 /var/www/vendor/illuminate/database/Console/Seeds/SeedCommand.php(84): Laravel\Lumen\Application->make('DatabaseSeeder')
#10 /var/www/vendor/illuminate/database/Console/Seeds/SeedCommand.php(65): Illuminate\Database\Console\Seeds\SeedCommand->getSeeder()
#11 /var/www/vendor/illuminate/database/Eloquent/Concerns/GuardsAttributes.php(148): Illuminate\Database\Console\Seeds\SeedCommand->Illuminate\Database\Console\Seeds\{closure}()
#12 /var/www/vendor/illuminate/database/Console/Seeds/SeedCommand.php(66): Illuminate\Database\Eloquent\Model::unguarded(Object(Closure))
#13 [internal function]: Illuminate\Database\Console\Seeds\SeedCommand->handle()
#14 /var/www/vendor/illuminate/container/BoundMethod.php(33): call_user_func_array(Array, Array)
#15 /var/www/vendor/illuminate/container/Util.php(37): Illuminate\Container\BoundMethod::Illuminate\Container\{closure}()
#16 /var/www/vendor/illuminate/container/BoundMethod.php(91): Illuminate\Container\Util::unwrapIfClosure(Object(Closure))
#17 /var/www/vendor/illuminate/container/BoundMethod.php(35): Illuminate\Container\BoundMethod::callBoundMethod(Object(Laravel\Lumen\Application), Array, Object(Closure))
#18 /var/www/vendor/illuminate/container/Container.php(592): Illuminate\Container\BoundMethod::call(Object(Laravel\Lumen\Application), Array, Array, NULL)
#19 /var/www/vendor/illuminate/console/Command.php(134): Illuminate\Container\Container->call(Array)
#20 /var/www/vendor/symfony/console/Command/Command.php(258): Illuminate\Console\Command->execute(Object(Symfony\Component\Console\Input\ArgvInput), Object(Illuminate\Console\OutputStyle))
#21 /var/www/vendor/illuminate/console/Command.php(121): Symfony\Component\Console\Command\Command->run(Object(Symfony\Component\Console\Input\ArgvInput), Object(Illuminate\Console\OutputStyle))
#22 /var/www/vendor/symfony/console/Application.php(911): Illuminate\Console\Command->run(Object(Symfony\Component\Console\Input\ArgvInput), Object(Symfony\Component\Console\Output\ConsoleOutput))
#23 /var/www/vendor/symfony/console/Application.php(264): Symfony\Component\Console\Application->doRunCommand(Object(Illuminate\Database\Console\Seeds\SeedCommand), Object(Symfony\Component\Console\Input\ArgvInput), Object(Symfony\Component\Console\Output\ConsoleOutput))
#24 /var/www/vendor/symfony/console/Application.php(140): Symfony\Component\Console\Application->doRun(Object(Symfony\Component\Console\Input\ArgvInput), Object(Symfony\Component\Console\Output\ConsoleOutput))
#25 /var/www/vendor/illuminate/console/Application.php(93): Symfony\Component\Console\Application->run(Object(Symfony\Component\Console\Input\ArgvInput), Object(Symfony\Component\Console\Output\ConsoleOutput))
#26 /var/www/vendor/laravel/lumen-framework/src/Console/Kernel.php(116): Illuminate\Console\Application->run(Object(Symfony\Component\Console\Input\ArgvInput), Object(Symfony\Component\Console\Output\ConsoleOutput))
#27 /var/www/artisan(35): Laravel\Lumen\Console\Kernel->handle(Object(Symfony\Component\Console\Input\ArgvInput), Object(Symfony\Component\Console\Output\ConsoleOutput))
#28 {main} {"exception":"[object] (ErrorException(code: 0): include(/var/www/vendor/composer/../../database/seeds/DatabaseSeeder.php): failed to open stream: No such file or directory at /var/www/vendor/composer/ClassLoader.php:444)
[stacktrace]
#0 /var/www/vendor/composer/ClassLoader.php(444): Laravel\\Lumen\\Application->Laravel\\Lumen\\Concerns\\{closure}(2, 'include(/var/ww...', '/var/www/vendor...', 444, Array)
#1 /var/www/vendor/composer/ClassLoader.php(444): include()
#2 /var/www/vendor/composer/ClassLoader.php(322): Composer\\Autoload\\includeFile('/var/www/vendor...')
#3 [internal function]: Composer\\Autoload\\ClassLoader->loadClass('DatabaseSeeder')
#4 [internal function]: spl_autoload_call('DatabaseSeeder')
#5 /var/www/vendor/illuminate/container/Container.php(805): ReflectionClass->__construct('DatabaseSeeder')
#6 /var/www/vendor/illuminate/container/Container.php(687): Illuminate\\Container\\Container->build('DatabaseSeeder')
#7 /var/www/vendor/illuminate/container/Container.php(633): Illuminate\\Container\\Container->resolve('DatabaseSeeder', Array)
#8 /var/www/vendor/laravel/lumen-framework/src/Application.php(300): Illuminate\\Container\\Container->make('DatabaseSeeder', Array)
#9 /var/www/vendor/illuminate/database/Console/Seeds/SeedCommand.php(84): Laravel\\Lumen\\Application->make('DatabaseSeeder')
#10 /var/www/vendor/illuminate/database/Console/Seeds/SeedCommand.php(65): Illuminate\\Database\\Console\\Seeds\\SeedCommand->getSeeder()
#11 /var/www/vendor/illuminate/database/Eloquent/Concerns/GuardsAttributes.php(148): Illuminate\\Database\\Console\\Seeds\\SeedCommand->Illuminate\\Database\\Console\\Seeds\\{closure}()
#12 /var/www/vendor/illuminate/database/Console/Seeds/SeedCommand.php(66): Illuminate\\Database\\Eloquent\\Model::unguarded(Object(Closure))
#13 [internal function]: Illuminate\\Database\\Console\\Seeds\\SeedCommand->handle()
#14 /var/www/vendor/illuminate/container/BoundMethod.php(33): call_user_func_array(Array, Array)
#15 /var/www/vendor/illuminate/container/Util.php(37): Illuminate\\Container\\BoundMethod::Illuminate\\Container\\{closure}()
#16 /var/www/vendor/illuminate/container/BoundMethod.php(91): Illuminate\\Container\\Util::unwrapIfClosure(Object(Closure))
#17 /var/www/vendor/illuminate/container/BoundMethod.php(35): Illuminate\\Container\\BoundMethod::callBoundMethod(Object(Laravel\\Lumen\\Application), Array, Object(Closure))
#18 /var/www/vendor/illuminate/container/Container.php(592): Illuminate\\Container\\BoundMethod::call(Object(Laravel\\Lumen\\Application), Array, Array, NULL)
#19 /var/www/vendor/illuminate/console/Command.php(134): Illuminate\\Container\\Container->call(Array)
#20 /var/www/vendor/symfony/console/Command/Command.php(258): Illuminate\\Console\\Command->execute(Object(Symfony\\Component\\Console\\Input\\ArgvInput), Object(Illuminate\\Console\\OutputStyle))
#21 /var/www/vendor/illuminate/console/Command.php(121): Symfony\\Component\\Console\\Command\\Command->run(Object(Symfony\\Component\\Console\\Input\\ArgvInput), Object(Illuminate\\Console\\OutputStyle))
#22 /var/www/vendor/symfony/console/Application.php(911): Illuminate\\Console\\Command->run(Object(Symfony\\Component\\Console\\Input\\ArgvInput), Object(Symfony\\Component\\Console\\Output\\ConsoleOutput))
#23 /var/www/vendor/symfony/console/Application.php(264): Symfony\\Component\\Console\\Application->doRunCommand(Object(Illuminate\\Database\\Console\\Seeds\\SeedCommand), Object(Symfony\\Component\\Console\\Input\\ArgvInput), Object(Symfony\\Component\\Console\\Output\\ConsoleOutput))
#24 /var/www/vendor/symfony/console/Application.php(140): Symfony\\Component\\Console\\Application->doRun(Object(Symfony\\Component\\Console\\Input\\ArgvInput), Object(Symfony\\Component\\Console\\Output\\ConsoleOutput))
#25 /var/www/vendor/illuminate/console/Application.php(93): Symfony\\Component\\Console\\Application->run(Object(Symfony\\Component\\Console\\Input\\ArgvInput), Object(Symfony\\Component\\Console\\Output\\ConsoleOutput))
#26 /var/www/vendor/laravel/lumen-framework/src/Console/Kernel.php(116): Illuminate\\Console\\Application->run(Object(Symfony\\Component\\Console\\Input\\ArgvInput), Object(Symfony\\Component\\Console\\Output\\ConsoleOutput))
#27 /var/www/artisan(35): Laravel\\Lumen\\Console\\Kernel->handle(Object(Symfony\\Component\\Console\\Input\\ArgvInput), Object(Symfony\\Component\\Console\\Output\\ConsoleOutput))
#28 {main}
"} 
[2020-06-28 12:35:58] local.ERROR: PDOException: SQLSTATE[42S01]: Base table or view already exists: 1050 Table 'user_city' already exists in /var/www/vendor/illuminate/database/Connection.php:464
Stack trace:
#0 /var/www/vendor/illuminate/database/Connection.php(464): PDOStatement->execute()
#1 /var/www/vendor/illuminate/database/Connection.php(664): Illuminate\Database\Connection->Illuminate\Database\{closure}('create table `u...', Array)
#2 /var/www/vendor/illuminate/database/Connection.php(631): Illuminate\Database\Connection->runQueryCallback('create table `u...', Array, Object(Closure))
#3 /var/www/vendor/illuminate/database/Connection.php(465): Illuminate\Database\Connection->run('create table `u...', Array, Object(Closure))
#4 /var/www/vendor/illuminate/database/Schema/Blueprint.php(102): Illuminate\Database\Connection->statement('create table `u...')
#5 /var/www/vendor/illuminate/database/Schema/Builder.php(290): Illuminate\Database\Schema\Blueprint->build(Object(Illuminate\Database\MySqlConnection), Object(Illuminate\Database\Schema\Grammars\MySqlGrammar))
#6 /var/www/vendor/illuminate/database/Schema/Builder.php(167): Illuminate\Database\Schema\Builder->build(Object(Illuminate\Database\Schema\Blueprint))
#7 /var/www/vendor/illuminate/support/Facades/Facade.php(261): Illuminate\Database\Schema\Builder->create('user_city', Object(Closure))
#8 /var/www/database/migrations/2020_06_28_113601_create_user_city_table.php(21): Illuminate\Support\Facades\Facade::__callStatic('create', Array)
#9 /var/www/vendor/illuminate/database/Migrations/Migrator.php(392): CreateUserCityTable->up()
#10 /var/www/vendor/illuminate/database/Migrations/Migrator.php(401): Illuminate\Database\Migrations\Migrator->Illuminate\Database\Migrations\{closure}()
#11 /var/www/vendor/illuminate/database/Migrations/Migrator.php(200): Illuminate\Database\Migrations\Migrator->runMigration(Object(CreateUserCityTable), 'up')
#12 /var/www/vendor/illuminate/database/Migrations/Migrator.php(165): Illuminate\Database\Migrations\Migrator->runUp('/var/www/databa...', 2, false)
#13 /var/www/vendor/illuminate/database/Migrations/Migrator.php(110): Illuminate\Database\Migrations\Migrator->runPending(Array, Array)
#14 /var/www/vendor/illuminate/database/Console/Migrations/MigrateCommand.php(72): Illuminate\Database\Migrations\Migrator->run(Array, Array)
#15 /var/www/vendor/illuminate/database/Migrations/Migrator.php(541): Illuminate\Database\Console\Migrations\MigrateCommand->Illuminate\Database\Console\Migrations\{closure}()
#16 /var/www/vendor/illuminate/database/Console/Migrations/MigrateCommand.php(81): Illuminate\Database\Migrations\Migrator->usingConnection(NULL, Object(Closure))
#17 [internal function]: Illuminate\Database\Console\Migrations\MigrateCommand->handle()
#18 /var/www/vendor/illuminate/container/BoundMethod.php(33): call_user_func_array(Array, Array)
#19 /var/www/vendor/illuminate/container/Util.php(37): Illuminate\Container\BoundMethod::Illuminate\Container\{closure}()
#20 /var/www/vendor/illuminate/container/BoundMethod.php(91): Illuminate\Container\Util::unwrapIfClosure(Object(Closure))
#21 /var/www/vendor/illuminate/container/BoundMethod.php(35): Illuminate\Container\BoundMethod::callBoundMethod(Object(Laravel\Lumen\Application), Array, Object(Closure))
#22 /var/www/vendor/illuminate/container/Container.php(592): Illuminate\Container\BoundMethod::call(Object(Laravel\Lumen\Application), Array, Array, NULL)
#23 /var/www/vendor/illuminate/console/Command.php(134): Illuminate\Container\Container->call(Array)
#24 /var/www/vendor/symfony/console/Command/Command.php(258): Illuminate\Console\Command->execute(Object(Symfony\Component\Console\Input\ArgvInput), Object(Illuminate\Console\OutputStyle))
#25 /var/www/vendor/illuminate/console/Command.php(121): Symfony\Component\Console\Command\Command->run(Object(Symfony\Component\Console\Input\ArgvInput), Object(Illuminate\Console\OutputStyle))
#26 /var/www/vendor/symfony/console/Application.php(911): Illuminate\Console\Command->run(Object(Symfony\Component\Console\Input\ArgvInput), Object(Symfony\Component\Console\Output\ConsoleOutput))
#27 /var/www/vendor/symfony/console/Application.php(264): Symfony\Component\Console\Application->doRunCommand(Object(Illuminate\Database\Console\Migrations\MigrateCommand), Object(Symfony\Component\Console\Input\ArgvInput), Object(Symfony\Component\Console\Output\ConsoleOutput))
#28 /var/www/vendor/symfony/console/Application.php(140): Symfony\Component\Console\Application->doRun(Object(Symfony\Component\Console\Input\ArgvInput), Object(Symfony\Component\Console\Output\ConsoleOutput))
#29 /var/www/vendor/illuminate/console/Application.php(93): Symfony\Component\Console\Application->run(Object(Symfony\Component\Console\Input\ArgvInput), Object(Symfony\Component\Console\Output\ConsoleOutput))
#30 /var/www/vendor/laravel/lumen-framework/src/Console/Kernel.php(116): Illuminate\Console\Application->run(Object(Symfony\Component\Console\Input\ArgvInput), Object(Symfony\Component\Console\Output\ConsoleOutput))
#31 /var/www/artisan(35): Laravel\Lumen\Console\Kernel->handle(Object(Symfony\Component\Console\Input\ArgvInput), Object(Symfony\Component\Console\Output\ConsoleOutput))
#32 {main}

Next Illuminate\Database\QueryException: SQLSTATE[42S01]: Base table or view already exists: 1050 Table 'user_city' already exists (SQL: create table `user_city` (`user_id` bigint unsigned not null, `city_id` bigint unsigned not null) default character set utf8mb4 collate 'utf8mb4_unicode_ci') in /var/www/vendor/illuminate/database/Connection.php:671
Stack trace:
#0 /var/www/vendor/illuminate/database/Connection.php(631): Illuminate\Database\Connection->runQueryCallback('create table `u...', Array, Object(Closure))
#1 /var/www/vendor/illuminate/database/Connection.php(465): Illuminate\Database\Connection->run('create table `u...', Array, Object(Closure))
#2 /var/www/vendor/illuminate/database/Schema/Blueprint.php(102): Illuminate\Database\Connection->statement('create table `u...')
#3 /var/www/vendor/illuminate/database/Schema/Builder.php(290): Illuminate\Database\Schema\Blueprint->build(Object(Illuminate\Database\MySqlConnection), Object(Illuminate\Database\Schema\Grammars\MySqlGrammar))
#4 /var/www/vendor/illuminate/database/Schema/Builder.php(167): Illuminate\Database\Schema\Builder->build(Object(Illuminate\Database\Schema\Blueprint))
#5 /var/www/vendor/illuminate/support/Facades/Facade.php(261): Illuminate\Database\Schema\Builder->create('user_city', Object(Closure))
#6 /var/www/database/migrations/2020_06_28_113601_create_user_city_table.php(21): Illuminate\Support\Facades\Facade::__callStatic('create', Array)
#7 /var/www/vendor/illuminate/database/Migrations/Migrator.php(392): CreateUserCityTable->up()
#8 /var/www/vendor/illuminate/database/Migrations/Migrator.php(401): Illuminate\Database\Migrations\Migrator->Illuminate\Database\Migrations\{closure}()
#9 /var/www/vendor/illuminate/database/Migrations/Migrator.php(200): Illuminate\Database\Migrations\Migrator->runMigration(Object(CreateUserCityTable), 'up')
#10 /var/www/vendor/illuminate/database/Migrations/Migrator.php(165): Illuminate\Database\Migrations\Migrator->runUp('/var/www/databa...', 2, false)
#11 /var/www/vendor/illuminate/database/Migrations/Migrator.php(110): Illuminate\Database\Migrations\Migrator->runPending(Array, Array)
#12 /var/www/vendor/illuminate/database/Console/Migrations/MigrateCommand.php(72): Illuminate\Database\Migrations\Migrator->run(Array, Array)
#13 /var/www/vendor/illuminate/database/Migrations/Migrator.php(541): Illuminate\Database\Console\Migrations\MigrateCommand->Illuminate\Database\Console\Migrations\{closure}()
#14 /var/www/vendor/illuminate/database/Console/Migrations/MigrateCommand.php(81): Illuminate\Database\Migrations\Migrator->usingConnection(NULL, Object(Closure))
#15 [internal function]: Illuminate\Database\Console\Migrations\MigrateCommand->handle()
#16 /var/www/vendor/illuminate/container/BoundMethod.php(33): call_user_func_array(Array, Array)
#17 /var/www/vendor/illuminate/container/Util.php(37): Illuminate\Container\BoundMethod::Illuminate\Container\{closure}()
#18 /var/www/vendor/illuminate/container/BoundMethod.php(91): Illuminate\Container\Util::unwrapIfClosure(Object(Closure))
#19 /var/www/vendor/illuminate/container/BoundMethod.php(35): Illuminate\Container\BoundMethod::callBoundMethod(Object(Laravel\Lumen\Application), Array, Object(Closure))
#20 /var/www/vendor/illuminate/container/Container.php(592): Illuminate\Container\BoundMethod::call(Object(Laravel\Lumen\Application), Array, Array, NULL)
#21 /var/www/vendor/illuminate/console/Command.php(134): Illuminate\Container\Container->call(Array)
#22 /var/www/vendor/symfony/console/Command/Command.php(258): Illuminate\Console\Command->execute(Object(Symfony\Component\Console\Input\ArgvInput), Object(Illuminate\Console\OutputStyle))
#23 /var/www/vendor/illuminate/console/Command.php(121): Symfony\Component\Console\Command\Command->run(Object(Symfony\Component\Console\Input\ArgvInput), Object(Illuminate\Console\OutputStyle))
#24 /var/www/vendor/symfony/console/Application.php(911): Illuminate\Console\Command->run(Object(Symfony\Component\Console\Input\ArgvInput), Object(Symfony\Component\Console\Output\ConsoleOutput))
#25 /var/www/vendor/symfony/console/Application.php(264): Symfony\Component\Console\Application->doRunCommand(Object(Illuminate\Database\Console\Migrations\MigrateCommand), Object(Symfony\Component\Console\Input\ArgvInput), Object(Symfony\Component\Console\Output\ConsoleOutput))
#26 /var/www/vendor/symfony/console/Application.php(140): Symfony\Component\Console\Application->doRun(Object(Symfony\Component\Console\Input\ArgvInput), Object(Symfony\Component\Console\Output\ConsoleOutput))
#27 /var/www/vendor/illuminate/console/Application.php(93): Symfony\Component\Console\Application->run(Object(Symfony\Component\Console\Input\ArgvInput), Object(Symfony\Component\Console\Output\ConsoleOutput))
#28 /var/www/vendor/laravel/lumen-framework/src/Console/Kernel.php(116): Illuminate\Console\Application->run(Object(Symfony\Component\Console\Input\ArgvInput), Object(Symfony\Component\Console\Output\ConsoleOutput))
#29 /var/www/artisan(35): Laravel\Lumen\Console\Kernel->handle(Object(Symfony\Component\Console\Input\ArgvInput), Object(Symfony\Component\Console\Output\ConsoleOutput))
#30 {main} {"exception":"[object] (Illuminate\\Database\\QueryException(code: 42S01): SQLSTATE[42S01]: Base table or view already exists: 1050 Table 'user_city' already exists (SQL: create table `user_city` (`user_id` bigint unsigned not null, `city_id` bigint unsigned not null) default character set utf8mb4 collate 'utf8mb4_unicode_ci') at /var/www/vendor/illuminate/database/Connection.php:671)
[stacktrace]
#0 /var/www/vendor/illuminate/database/Connection.php(631): Illuminate\\Database\\Connection->runQueryCallback('create table `u...', Array, Object(Closure))
#1 /var/www/vendor/illuminate/database/Connection.php(465): Illuminate\\Database\\Connection->run('create table `u...', Array, Object(Closure))
#2 /var/www/vendor/illuminate/database/Schema/Blueprint.php(102): Illuminate\\Database\\Connection->statement('create table `u...')
#3 /var/www/vendor/illuminate/database/Schema/Builder.php(290): Illuminate\\Database\\Schema\\Blueprint->build(Object(Illuminate\\Database\\MySqlConnection), Object(Illuminate\\Database\\Schema\\Grammars\\MySqlGrammar))
#4 /var/www/vendor/illuminate/database/Schema/Builder.php(167): Illuminate\\Database\\Schema\\Builder->build(Object(Illuminate\\Database\\Schema\\Blueprint))
#5 /var/www/vendor/illuminate/support/Facades/Facade.php(261): Illuminate\\Database\\Schema\\Builder->create('user_city', Object(Closure))
#6 /var/www/database/migrations/2020_06_28_113601_create_user_city_table.php(21): Illuminate\\Support\\Facades\\Facade::__callStatic('create', Array)
#7 /var/www/vendor/illuminate/database/Migrations/Migrator.php(392): CreateUserCityTable->up()
#8 /var/www/vendor/illuminate/database/Migrations/Migrator.php(401): Illuminate\\Database\\Migrations\\Migrator->Illuminate\\Database\\Migrations\\{closure}()
#9 /var/www/vendor/illuminate/database/Migrations/Migrator.php(200): Illuminate\\Database\\Migrations\\Migrator->runMigration(Object(CreateUserCityTable), 'up')
#10 /var/www/vendor/illuminate/database/Migrations/Migrator.php(165): Illuminate\\Database\\Migrations\\Migrator->runUp('/var/www/databa...', 2, false)
#11 /var/www/vendor/illuminate/database/Migrations/Migrator.php(110): Illuminate\\Database\\Migrations\\Migrator->runPending(Array, Array)
#12 /var/www/vendor/illuminate/database/Console/Migrations/MigrateCommand.php(72): Illuminate\\Database\\Migrations\\Migrator->run(Array, Array)
#13 /var/www/vendor/illuminate/database/Migrations/Migrator.php(541): Illuminate\\Database\\Console\\Migrations\\MigrateCommand->Illuminate\\Database\\Console\\Migrations\\{closure}()
#14 /var/www/vendor/illuminate/database/Console/Migrations/MigrateCommand.php(81): Illuminate\\Database\\Migrations\\Migrator->usingConnection(NULL, Object(Closure))
#15 [internal function]: Illuminate\\Database\\Console\\Migrations\\MigrateCommand->handle()
#16 /var/www/vendor/illuminate/container/BoundMethod.php(33): call_user_func_array(Array, Array)
#17 /var/www/vendor/illuminate/container/Util.php(37): Illuminate\\Container\\BoundMethod::Illuminate\\Container\\{closure}()
#18 /var/www/vendor/illuminate/container/BoundMethod.php(91): Illuminate\\Container\\Util::unwrapIfClosure(Object(Closure))
#19 /var/www/vendor/illuminate/container/BoundMethod.php(35): Illuminate\\Container\\BoundMethod::callBoundMethod(Object(Laravel\\Lumen\\Application), Array, Object(Closure))
#20 /var/www/vendor/illuminate/container/Container.php(592): Illuminate\\Container\\BoundMethod::call(Object(Laravel\\Lumen\\Application), Array, Array, NULL)
#21 /var/www/vendor/illuminate/console/Command.php(134): Illuminate\\Container\\Container->call(Array)
#22 /var/www/vendor/symfony/console/Command/Command.php(258): Illuminate\\Console\\Command->execute(Object(Symfony\\Component\\Console\\Input\\ArgvInput), Object(Illuminate\\Console\\OutputStyle))
#23 /var/www/vendor/illuminate/console/Command.php(121): Symfony\\Component\\Console\\Command\\Command->run(Object(Symfony\\Component\\Console\\Input\\ArgvInput), Object(Illuminate\\Console\\OutputStyle))
#24 /var/www/vendor/symfony/console/Application.php(911): Illuminate\\Console\\Command->run(Object(Symfony\\Component\\Console\\Input\\ArgvInput), Object(Symfony\\Component\\Console\\Output\\ConsoleOutput))
#25 /var/www/vendor/symfony/console/Application.php(264): Symfony\\Component\\Console\\Application->doRunCommand(Object(Illuminate\\Database\\Console\\Migrations\\MigrateCommand), Object(Symfony\\Component\\Console\\Input\\ArgvInput), Object(Symfony\\Component\\Console\\Output\\ConsoleOutput))
#26 /var/www/vendor/symfony/console/Application.php(140): Symfony\\Component\\Console\\Application->doRun(Object(Symfony\\Component\\Console\\Input\\ArgvInput), Object(Symfony\\Component\\Console\\Output\\ConsoleOutput))
#27 /var/www/vendor/illuminate/console/Application.php(93): Symfony\\Component\\Console\\Application->run(Object(Symfony\\Component\\Console\\Input\\ArgvInput), Object(Symfony\\Component\\Console\\Output\\ConsoleOutput))
#28 /var/www/vendor/laravel/lumen-framework/src/Console/Kernel.php(116): Illuminate\\Console\\Application->run(Object(Symfony\\Component\\Console\\Input\\ArgvInput), Object(Symfony\\Component\\Console\\Output\\ConsoleOutput))
#29 /var/www/artisan(35): Laravel\\Lumen\\Console\\Kernel->handle(Object(Symfony\\Component\\Console\\Input\\ArgvInput), Object(Symfony\\Component\\Console\\Output\\ConsoleOutput))
#30 {main}

[previous exception] [object] (PDOException(code: 42S01): SQLSTATE[42S01]: Base table or view already exists: 1050 Table 'user_city' already exists at /var/www/vendor/illuminate/database/Connection.php:464)
[stacktrace]
#0 /var/www/vendor/illuminate/database/Connection.php(464): PDOStatement->execute()
#1 /var/www/vendor/illuminate/database/Connection.php(664): Illuminate\\Database\\Connection->Illuminate\\Database\\{closure}('create table `u...', Array)
#2 /var/www/vendor/illuminate/database/Connection.php(631): Illuminate\\Database\\Connection->runQueryCallback('create table `u...', Array, Object(Closure))
#3 /var/www/vendor/illuminate/database/Connection.php(465): Illuminate\\Database\\Connection->run('create table `u...', Array, Object(Closure))
#4 /var/www/vendor/illuminate/database/Schema/Blueprint.php(102): Illuminate\\Database\\Connection->statement('create table `u...')
#5 /var/www/vendor/illuminate/database/Schema/Builder.php(290): Illuminate\\Database\\Schema\\Blueprint->build(Object(Illuminate\\Database\\MySqlConnection), Object(Illuminate\\Database\\Schema\\Grammars\\MySqlGrammar))
#6 /var/www/vendor/illuminate/database/Schema/Builder.php(167): Illuminate\\Database\\Schema\\Builder->build(Object(Illuminate\\Database\\Schema\\Blueprint))
#7 /var/www/vendor/illuminate/support/Facades/Facade.php(261): Illuminate\\Database\\Schema\\Builder->create('user_city', Object(Closure))
#8 /var/www/database/migrations/2020_06_28_113601_create_user_city_table.php(21): Illuminate\\Support\\Facades\\Facade::__callStatic('create', Array)
#9 /var/www/vendor/illuminate/database/Migrations/Migrator.php(392): CreateUserCityTable->up()
#10 /var/www/vendor/illuminate/database/Migrations/Migrator.php(401): Illuminate\\Database\\Migrations\\Migrator->Illuminate\\Database\\Migrations\\{closure}()
#11 /var/www/vendor/illuminate/database/Migrations/Migrator.php(200): Illuminate\\Database\\Migrations\\Migrator->runMigration(Object(CreateUserCityTable), 'up')
#12 /var/www/vendor/illuminate/database/Migrations/Migrator.php(165): Illuminate\\Database\\Migrations\\Migrator->runUp('/var/www/databa...', 2, false)
#13 /var/www/vendor/illuminate/database/Migrations/Migrator.php(110): Illuminate\\Database\\Migrations\\Migrator->runPending(Array, Array)
#14 /var/www/vendor/illuminate/database/Console/Migrations/MigrateCommand.php(72): Illuminate\\Database\\Migrations\\Migrator->run(Array, Array)
#15 /var/www/vendor/illuminate/database/Migrations/Migrator.php(541): Illuminate\\Database\\Console\\Migrations\\MigrateCommand->Illuminate\\Database\\Console\\Migrations\\{closure}()
#16 /var/www/vendor/illuminate/database/Console/Migrations/MigrateCommand.php(81): Illuminate\\Database\\Migrations\\Migrator->usingConnection(NULL, Object(Closure))
#17 [internal function]: Illuminate\\Database\\Console\\Migrations\\MigrateCommand->handle()
#18 /var/www/vendor/illuminate/container/BoundMethod.php(33): call_user_func_array(Array, Array)
#19 /var/www/vendor/illuminate/container/Util.php(37): Illuminate\\Container\\BoundMethod::Illuminate\\Container\\{closure}()
#20 /var/www/vendor/illuminate/container/BoundMethod.php(91): Illuminate\\Container\\Util::unwrapIfClosure(Object(Closure))
#21 /var/www/vendor/illuminate/container/BoundMethod.php(35): Illuminate\\Container\\BoundMethod::callBoundMethod(Object(Laravel\\Lumen\\Application), Array, Object(Closure))
#22 /var/www/vendor/illuminate/container/Container.php(592): Illuminate\\Container\\BoundMethod::call(Object(Laravel\\Lumen\\Application), Array, Array, NULL)
#23 /var/www/vendor/illuminate/console/Command.php(134): Illuminate\\Container\\Container->call(Array)
#24 /var/www/vendor/symfony/console/Command/Command.php(258): Illuminate\\Console\\Command->execute(Object(Symfony\\Component\\Console\\Input\\ArgvInput), Object(Illuminate\\Console\\OutputStyle))
#25 /var/www/vendor/illuminate/console/Command.php(121): Symfony\\Component\\Console\\Command\\Command->run(Object(Symfony\\Component\\Console\\Input\\ArgvInput), Object(Illuminate\\Console\\OutputStyle))
#26 /var/www/vendor/symfony/console/Application.php(911): Illuminate\\Console\\Command->run(Object(Symfony\\Component\\Console\\Input\\ArgvInput), Object(Symfony\\Component\\Console\\Output\\ConsoleOutput))
#27 /var/www/vendor/symfony/console/Application.php(264): Symfony\\Component\\Console\\Application->doRunCommand(Object(Illuminate\\Database\\Console\\Migrations\\MigrateCommand), Object(Symfony\\Component\\Console\\Input\\ArgvInput), Object(Symfony\\Component\\Console\\Output\\ConsoleOutput))
#28 /var/www/vendor/symfony/console/Application.php(140): Symfony\\Component\\Console\\Application->doRun(Object(Symfony\\Component\\Console\\Input\\ArgvInput), Object(Symfony\\Component\\Console\\Output\\ConsoleOutput))
#29 /var/www/vendor/illuminate/console/Application.php(93): Symfony\\Component\\Console\\Application->run(Object(Symfony\\Component\\Console\\Input\\ArgvInput), Object(Symfony\\Component\\Console\\Output\\ConsoleOutput))
#30 /var/www/vendor/laravel/lumen-framework/src/Console/Kernel.php(116): Illuminate\\Console\\Application->run(Object(Symfony\\Component\\Console\\Input\\ArgvInput), Object(Symfony\\Component\\Console\\Output\\ConsoleOutput))
#31 /var/www/artisan(35): Laravel\\Lumen\\Console\\Kernel->handle(Object(Symfony\\Component\\Console\\Input\\ArgvInput), Object(Symfony\\Component\\Console\\Output\\ConsoleOutput))
#32 {main}
"} 
[2020-06-28 16:28:43] local.ERROR: Illuminate\Contracts\Container\BindingResolutionException: Unable to resolve dependency [Parameter #0 [ <required> $userId ]] in class App\Http\Controllers\CityController in /var/www/vendor/illuminate/container/BoundMethod.php:178
Stack trace:
#0 /var/www/vendor/illuminate/container/BoundMethod.php(122): Illuminate\Container\BoundMethod::addDependencyForCallParameter(Object(Laravel\Lumen\Application), Object(ReflectionParameter), Array, Array)
#1 /var/www/vendor/illuminate/container/BoundMethod.php(33): Illuminate\Container\BoundMethod::getMethodDependencies(Object(Laravel\Lumen\Application), Array, Array)
#2 /var/www/vendor/illuminate/container/Util.php(37): Illuminate\Container\BoundMethod::Illuminate\Container\{closure}()
#3 /var/www/vendor/illuminate/container/BoundMethod.php(91): Illuminate\Container\Util::unwrapIfClosure(Object(Closure))
#4 /var/www/vendor/illuminate/container/BoundMethod.php(35): Illuminate\Container\BoundMethod::callBoundMethod(Object(Laravel\Lumen\Application), Array, Object(Closure))
#5 /var/www/vendor/illuminate/container/Container.php(592): Illuminate\Container\BoundMethod::call(Object(Laravel\Lumen\Application), Array, Array, NULL)
#6 /var/www/vendor/laravel/lumen-framework/src/Concerns/RoutesRequests.php(386): Illuminate\Container\Container->call(Array, Array)
#7 /var/www/vendor/laravel/lumen-framework/src/Concerns/RoutesRequests.php(371): Laravel\Lumen\Application->callControllerCallable(Array, Array)
#8 [internal function]: Laravel\Lumen\Application->Laravel\Lumen\Concerns\{closure}(Object(Laravel\Lumen\Http\Request))
#9 /var/www/vendor/laravel/lumen-framework/src/Routing/Pipeline.php(48): call_user_func(Object(Closure), Object(Laravel\Lumen\Http\Request))
#10 /var/www/app/Http/Middleware/Authenticate.php(42): Laravel\Lumen\Routing\Pipeline->Laravel\Lumen\Routing\{closure}(Object(Laravel\Lumen\Http\Request))
#11 /var/www/vendor/illuminate/pipeline/Pipeline.php(167): App\Http\Middleware\Authenticate->handle(Object(Laravel\Lumen\Http\Request), Object(Closure))
#12 [internal function]: Illuminate\Pipeline\Pipeline->Illuminate\Pipeline\{closure}(Object(Laravel\Lumen\Http\Request))
#13 /var/www/vendor/laravel/lumen-framework/src/Routing/Pipeline.php(30): call_user_func(Object(Closure), Object(Laravel\Lumen\Http\Request))
#14 /var/www/vendor/illuminate/pipeline/Pipeline.php(103): Laravel\Lumen\Routing\Pipeline->Laravel\Lumen\Routing\{closure}(Object(Laravel\Lumen\Http\Request))
#15 /var/www/vendor/laravel/lumen-framework/src/Concerns/RoutesRequests.php(423): Illuminate\Pipeline\Pipeline->then(Object(Closure))
#16 /var/www/vendor/laravel/lumen-framework/src/Concerns/RoutesRequests.php(372): Laravel\Lumen\Application->sendThroughPipeline(Array, Object(Closure))
#17 /var/www/vendor/laravel/lumen-framework/src/Concerns/RoutesRequests.php(348): Laravel\Lumen\Application->callLumenControllerWithMiddleware(Object(App\Http\Controllers\CityController), 'getUserCities', Array, Array)
#18 /var/www/vendor/laravel/lumen-framework/src/Concerns/RoutesRequests.php(326): Laravel\Lumen\Application->callLumenController(Object(App\Http\Controllers\CityController), 'getUserCities', Array)
#19 /var/www/vendor/laravel/lumen-framework/src/Concerns/RoutesRequests.php(279): Laravel\Lumen\Application->callControllerAction(Array)
#20 /var/www/vendor/laravel/lumen-framework/src/Concerns/RoutesRequests.php(264): Laravel\Lumen\Application->callActionOnArrayBasedRoute(Array)
#21 /var/www/vendor/laravel/lumen-framework/src/Concerns/RoutesRequests.php(234): Laravel\Lumen\Application->handleFoundRoute(Array)
#22 /var/www/vendor/laravel/lumen-framework/src/Concerns/RoutesRequests.php(170): Laravel\Lumen\Application->handleDispatcherResponse(Array)
#23 /var/www/vendor/laravel/lumen-framework/src/Concerns/RoutesRequests.php(426): Laravel\Lumen\Application->Laravel\Lumen\Concerns\{closure}(Object(Laravel\Lumen\Http\Request))
#24 /var/www/vendor/laravel/lumen-framework/src/Concerns/RoutesRequests.php(172): Laravel\Lumen\Application->sendThroughPipeline(Array, Object(Closure))
#25 /var/www/vendor/laravel/lumen-framework/src/Concerns/RoutesRequests.php(109): Laravel\Lumen\Application->dispatch(NULL)
#26 /var/www/public/index.php(28): Laravel\Lumen\Application->run()
#27 {main} {"exception":"[object] (Illuminate\\Contracts\\Container\\BindingResolutionException(code: 0): Unable to resolve dependency [Parameter #0 [ <required> $userId ]] in class App\\Http\\Controllers\\CityController at /var/www/vendor/illuminate/container/BoundMethod.php:178)
[stacktrace]
#0 /var/www/vendor/illuminate/container/BoundMethod.php(122): Illuminate\\Container\\BoundMethod::addDependencyForCallParameter(Object(Laravel\\Lumen\\Application), Object(ReflectionParameter), Array, Array)
#1 /var/www/vendor/illuminate/container/BoundMethod.php(33): Illuminate\\Container\\BoundMethod::getMethodDependencies(Object(Laravel\\Lumen\\Application), Array, Array)
#2 /var/www/vendor/illuminate/container/Util.php(37): Illuminate\\Container\\BoundMethod::Illuminate\\Container\\{closure}()
#3 /var/www/vendor/illuminate/container/BoundMethod.php(91): Illuminate\\Container\\Util::unwrapIfClosure(Object(Closure))
#4 /var/www/vendor/illuminate/container/BoundMethod.php(35): Illuminate\\Container\\BoundMethod::callBoundMethod(Object(Laravel\\Lumen\\Application), Array, Object(Closure))
#5 /var/www/vendor/illuminate/container/Container.php(592): Illuminate\\Container\\BoundMethod::call(Object(Laravel\\Lumen\\Application), Array, Array, NULL)
#6 /var/www/vendor/laravel/lumen-framework/src/Concerns/RoutesRequests.php(386): Illuminate\\Container\\Container->call(Array, Array)
#7 /var/www/vendor/laravel/lumen-framework/src/Concerns/RoutesRequests.php(371): Laravel\\Lumen\\Application->callControllerCallable(Array, Array)
#8 [internal function]: Laravel\\Lumen\\Application->Laravel\\Lumen\\Concerns\\{closure}(Object(Laravel\\Lumen\\Http\\Request))
#9 /var/www/vendor/laravel/lumen-framework/src/Routing/Pipeline.php(48): call_user_func(Object(Closure), Object(Laravel\\Lumen\\Http\\Request))
#10 /var/www/app/Http/Middleware/Authenticate.php(42): Laravel\\Lumen\\Routing\\Pipeline->Laravel\\Lumen\\Routing\\{closure}(Object(Laravel\\Lumen\\Http\\Request))
#11 /var/www/vendor/illuminate/pipeline/Pipeline.php(167): App\\Http\\Middleware\\Authenticate->handle(Object(Laravel\\Lumen\\Http\\Request), Object(Closure))
#12 [internal function]: Illuminate\\Pipeline\\Pipeline->Illuminate\\Pipeline\\{closure}(Object(Laravel\\Lumen\\Http\\Request))
#13 /var/www/vendor/laravel/lumen-framework/src/Routing/Pipeline.php(30): call_user_func(Object(Closure), Object(Laravel\\Lumen\\Http\\Request))
#14 /var/www/vendor/illuminate/pipeline/Pipeline.php(103): Laravel\\Lumen\\Routing\\Pipeline->Laravel\\Lumen\\Routing\\{closure}(Object(Laravel\\Lumen\\Http\\Request))
#15 /var/www/vendor/laravel/lumen-framework/src/Concerns/RoutesRequests.php(423): Illuminate\\Pipeline\\Pipeline->then(Object(Closure))
#16 /var/www/vendor/laravel/lumen-framework/src/Concerns/RoutesRequests.php(372): Laravel\\Lumen\\Application->sendThroughPipeline(Array, Object(Closure))
#17 /var/www/vendor/laravel/lumen-framework/src/Concerns/RoutesRequests.php(348): Laravel\\Lumen\\Application->callLumenControllerWithMiddleware(Object(App\\Http\\Controllers\\CityController), 'getUserCities', Array, Array)
#18 /var/www/vendor/laravel/lumen-framework/src/Concerns/RoutesRequests.php(326): Laravel\\Lumen\\Application->callLumenController(Object(App\\Http\\Controllers\\CityController), 'getUserCities', Array)
#19 /var/www/vendor/laravel/lumen-framework/src/Concerns/RoutesRequests.php(279): Laravel\\Lumen\\Application->callControllerAction(Array)
#20 /var/www/vendor/laravel/lumen-framework/src/Concerns/RoutesRequests.php(264): Laravel\\Lumen\\Application->callActionOnArrayBasedRoute(Array)
#21 /var/www/vendor/laravel/lumen-framework/src/Concerns/RoutesRequests.php(234): Laravel\\Lumen\\Application->handleFoundRoute(Array)
#22 /var/www/vendor/laravel/lumen-framework/src/Concerns/RoutesRequests.php(170): Laravel\\Lumen\\Application->handleDispatcherResponse(Array)
#23 /var/www/vendor/laravel/lumen-framework/src/Concerns/RoutesRequests.php(426): Laravel\\Lumen\\Application->Laravel\\Lumen\\Concerns\\{closure}(Object(Laravel\\Lumen\\Http\\Request))
#24 /var/www/vendor/laravel/lumen-framework/src/Concerns/RoutesRequests.php(172): Laravel\\Lumen\\Application->sendThroughPipeline(Array, Object(Closure))
#25 /var/www/vendor/laravel/lumen-framework/src/Concerns/RoutesRequests.php(109): Laravel\\Lumen\\Application->dispatch(NULL)
#26 /var/www/public/index.php(28): Laravel\\Lumen\\Application->run()
#27 {main}
"} 
[2020-06-28 16:31:05] local.ERROR: Illuminate\Contracts\Container\BindingResolutionException: Unable to resolve dependency [Parameter #0 [ <required> $userId ]] in class App\Http\Controllers\CityController in /var/www/vendor/illuminate/container/BoundMethod.php:178
Stack trace:
#0 /var/www/vendor/illuminate/container/BoundMethod.php(122): Illuminate\Container\BoundMethod::addDependencyForCallParameter(Object(Laravel\Lumen\Application), Object(ReflectionParameter), Array, Array)
#1 /var/www/vendor/illuminate/container/BoundMethod.php(33): Illuminate\Container\BoundMethod::getMethodDependencies(Object(Laravel\Lumen\Application), Array, Array)
#2 /var/www/vendor/illuminate/container/Util.php(37): Illuminate\Container\BoundMethod::Illuminate\Container\{closure}()
#3 /var/www/vendor/illuminate/container/BoundMethod.php(91): Illuminate\Container\Util::unwrapIfClosure(Object(Closure))
#4 /var/www/vendor/illuminate/container/BoundMethod.php(35): Illuminate\Container\BoundMethod::callBoundMethod(Object(Laravel\Lumen\Application), Array, Object(Closure))
#5 /var/www/vendor/illuminate/container/Container.php(592): Illuminate\Container\BoundMethod::call(Object(Laravel\Lumen\Application), Array, Array, NULL)
#6 /var/www/vendor/laravel/lumen-framework/src/Concerns/RoutesRequests.php(386): Illuminate\Container\Container->call(Array, Array)
#7 /var/www/vendor/laravel/lumen-framework/src/Concerns/RoutesRequests.php(371): Laravel\Lumen\Application->callControllerCallable(Array, Array)
#8 [internal function]: Laravel\Lumen\Application->Laravel\Lumen\Concerns\{closure}(Object(Laravel\Lumen\Http\Request))
#9 /var/www/vendor/laravel/lumen-framework/src/Routing/Pipeline.php(48): call_user_func(Object(Closure), Object(Laravel\Lumen\Http\Request))
#10 /var/www/app/Http/Middleware/Authenticate.php(42): Laravel\Lumen\Routing\Pipeline->Laravel\Lumen\Routing\{closure}(Object(Laravel\Lumen\Http\Request))
#11 /var/www/vendor/illuminate/pipeline/Pipeline.php(167): App\Http\Middleware\Authenticate->handle(Object(Laravel\Lumen\Http\Request), Object(Closure))
#12 [internal function]: Illuminate\Pipeline\Pipeline->Illuminate\Pipeline\{closure}(Object(Laravel\Lumen\Http\Request))
#13 /var/www/vendor/laravel/lumen-framework/src/Routing/Pipeline.php(30): call_user_func(Object(Closure), Object(Laravel\Lumen\Http\Request))
#14 /var/www/vendor/illuminate/pipeline/Pipeline.php(103): Laravel\Lumen\Routing\Pipeline->Laravel\Lumen\Routing\{closure}(Object(Laravel\Lumen\Http\Request))
#15 /var/www/vendor/laravel/lumen-framework/src/Concerns/RoutesRequests.php(423): Illuminate\Pipeline\Pipeline->then(Object(Closure))
#16 /var/www/vendor/laravel/lumen-framework/src/Concerns/RoutesRequests.php(372): Laravel\Lumen\Application->sendThroughPipeline(Array, Object(Closure))
#17 /var/www/vendor/laravel/lumen-framework/src/Concerns/RoutesRequests.php(348): Laravel\Lumen\Application->callLumenControllerWithMiddleware(Object(App\Http\Controllers\CityController), 'getUserCities', Array, Array)
#18 /var/www/vendor/laravel/lumen-framework/src/Concerns/RoutesRequests.php(326): Laravel\Lumen\Application->callLumenController(Object(App\Http\Controllers\CityController), 'getUserCities', Array)
#19 /var/www/vendor/laravel/lumen-framework/src/Concerns/RoutesRequests.php(279): Laravel\Lumen\Application->callControllerAction(Array)
#20 /var/www/vendor/laravel/lumen-framework/src/Concerns/RoutesRequests.php(264): Laravel\Lumen\Application->callActionOnArrayBasedRoute(Array)
#21 /var/www/vendor/laravel/lumen-framework/src/Concerns/RoutesRequests.php(234): Laravel\Lumen\Application->handleFoundRoute(Array)
#22 /var/www/vendor/laravel/lumen-framework/src/Concerns/RoutesRequests.php(170): Laravel\Lumen\Application->handleDispatcherResponse(Array)
#23 /var/www/vendor/laravel/lumen-framework/src/Concerns/RoutesRequests.php(426): Laravel\Lumen\Application->Laravel\Lumen\Concerns\{closure}(Object(Laravel\Lumen\Http\Request))
#24 /var/www/vendor/laravel/lumen-framework/src/Concerns/RoutesRequests.php(172): Laravel\Lumen\Application->sendThroughPipeline(Array, Object(Closure))
#25 /var/www/vendor/laravel/lumen-framework/src/Concerns/RoutesRequests.php(109): Laravel\Lumen\Application->dispatch(NULL)
#26 /var/www/public/index.php(28): Laravel\Lumen\Application->run()
#27 {main} {"exception":"[object] (Illuminate\\Contracts\\Container\\BindingResolutionException(code: 0): Unable to resolve dependency [Parameter #0 [ <required> $userId ]] in class App\\Http\\Controllers\\CityController at /var/www/vendor/illuminate/container/BoundMethod.php:178)
[stacktrace]
#0 /var/www/vendor/illuminate/container/BoundMethod.php(122): Illuminate\\Container\\BoundMethod::addDependencyForCallParameter(Object(Laravel\\Lumen\\Application), Object(ReflectionParameter), Array, Array)
#1 /var/www/vendor/illuminate/container/BoundMethod.php(33): Illuminate\\Container\\BoundMethod::getMethodDependencies(Object(Laravel\\Lumen\\Application), Array, Array)
#2 /var/www/vendor/illuminate/container/Util.php(37): Illuminate\\Container\\BoundMethod::Illuminate\\Container\\{closure}()
#3 /var/www/vendor/illuminate/container/BoundMethod.php(91): Illuminate\\Container\\Util::unwrapIfClosure(Object(Closure))
#4 /var/www/vendor/illuminate/container/BoundMethod.php(35): Illuminate\\Container\\BoundMethod::callBoundMethod(Object(Laravel\\Lumen\\Application), Array, Object(Closure))
#5 /var/www/vendor/illuminate/container/Container.php(592): Illuminate\\Container\\BoundMethod::call(Object(Laravel\\Lumen\\Application), Array, Array, NULL)
#6 /var/www/vendor/laravel/lumen-framework/src/Concerns/RoutesRequests.php(386): Illuminate\\Container\\Container->call(Array, Array)
#7 /var/www/vendor/laravel/lumen-framework/src/Concerns/RoutesRequests.php(371): Laravel\\Lumen\\Application->callControllerCallable(Array, Array)
#8 [internal function]: Laravel\\Lumen\\Application->Laravel\\Lumen\\Concerns\\{closure}(Object(Laravel\\Lumen\\Http\\Request))
#9 /var/www/vendor/laravel/lumen-framework/src/Routing/Pipeline.php(48): call_user_func(Object(Closure), Object(Laravel\\Lumen\\Http\\Request))
#10 /var/www/app/Http/Middleware/Authenticate.php(42): Laravel\\Lumen\\Routing\\Pipeline->Laravel\\Lumen\\Routing\\{closure}(Object(Laravel\\Lumen\\Http\\Request))
#11 /var/www/vendor/illuminate/pipeline/Pipeline.php(167): App\\Http\\Middleware\\Authenticate->handle(Object(Laravel\\Lumen\\Http\\Request), Object(Closure))
#12 [internal function]: Illuminate\\Pipeline\\Pipeline->Illuminate\\Pipeline\\{closure}(Object(Laravel\\Lumen\\Http\\Request))
#13 /var/www/vendor/laravel/lumen-framework/src/Routing/Pipeline.php(30): call_user_func(Object(Closure), Object(Laravel\\Lumen\\Http\\Request))
#14 /var/www/vendor/illuminate/pipeline/Pipeline.php(103): Laravel\\Lumen\\Routing\\Pipeline->Laravel\\Lumen\\Routing\\{closure}(Object(Laravel\\Lumen\\Http\\Request))
#15 /var/www/vendor/laravel/lumen-framework/src/Concerns/RoutesRequests.php(423): Illuminate\\Pipeline\\Pipeline->then(Object(Closure))
#16 /var/www/vendor/laravel/lumen-framework/src/Concerns/RoutesRequests.php(372): Laravel\\Lumen\\Application->sendThroughPipeline(Array, Object(Closure))
#17 /var/www/vendor/laravel/lumen-framework/src/Concerns/RoutesRequests.php(348): Laravel\\Lumen\\Application->callLumenControllerWithMiddleware(Object(App\\Http\\Controllers\\CityController), 'getUserCities', Array, Array)
#18 /var/www/vendor/laravel/lumen-framework/src/Concerns/RoutesRequests.php(326): Laravel\\Lumen\\Application->callLumenController(Object(App\\Http\\Controllers\\CityController), 'getUserCities', Array)
#19 /var/www/vendor/laravel/lumen-framework/src/Concerns/RoutesRequests.php(279): Laravel\\Lumen\\Application->callControllerAction(Array)
#20 /var/www/vendor/laravel/lumen-framework/src/Concerns/RoutesRequests.php(264): Laravel\\Lumen\\Application->callActionOnArrayBasedRoute(Array)
#21 /var/www/vendor/laravel/lumen-framework/src/Concerns/RoutesRequests.php(234): Laravel\\Lumen\\Application->handleFoundRoute(Array)
#22 /var/www/vendor/laravel/lumen-framework/src/Concerns/RoutesRequests.php(170): Laravel\\Lumen\\Application->handleDispatcherResponse(Array)
#23 /var/www/vendor/laravel/lumen-framework/src/Concerns/RoutesRequests.php(426): Laravel\\Lumen\\Application->Laravel\\Lumen\\Concerns\\{closure}(Object(Laravel\\Lumen\\Http\\Request))
#24 /var/www/vendor/laravel/lumen-framework/src/Concerns/RoutesRequests.php(172): Laravel\\Lumen\\Application->sendThroughPipeline(Array, Object(Closure))
#25 /var/www/vendor/laravel/lumen-framework/src/Concerns/RoutesRequests.php(109): Laravel\\Lumen\\Application->dispatch(NULL)
#26 /var/www/public/index.php(28): Laravel\\Lumen\\Application->run()
#27 {main}
"} 
[2020-06-28 16:32:34] local.ERROR: PDOException: SQLSTATE[42S02]: Base table or view not found: 1146 Table 'lumen.city_user' doesn't exist in /var/www/vendor/illuminate/database/Connection.php:331
Stack trace:
#0 /var/www/vendor/illuminate/database/Connection.php(331): PDO->prepare('select `cities`...')
#1 /var/www/vendor/illuminate/database/Connection.php(664): Illuminate\Database\Connection->Illuminate\Database\{closure}('select `cities`...', Array)
#2 /var/www/vendor/illuminate/database/Connection.php(631): Illuminate\Database\Connection->runQueryCallback('select `cities`...', Array, Object(Closure))
#3 /var/www/vendor/illuminate/database/Connection.php(339): Illuminate\Database\Connection->run('select `cities`...', Array, Object(Closure))
#4 /var/www/vendor/illuminate/database/Query/Builder.php(2203): Illuminate\Database\Connection->select('select `cities`...', Array, true)
#5 /var/www/vendor/illuminate/database/Query/Builder.php(2191): Illuminate\Database\Query\Builder->runSelect()
#6 /var/www/vendor/illuminate/database/Query/Builder.php(2686): Illuminate\Database\Query\Builder->Illuminate\Database\Query\{closure}()
#7 /var/www/vendor/illuminate/database/Query/Builder.php(2192): Illuminate\Database\Query\Builder->onceWithColumns(Array, Object(Closure))
#8 /var/www/vendor/illuminate/database/Eloquent/Builder.php(539): Illuminate\Database\Query\Builder->get(Array)
#9 /var/www/vendor/illuminate/database/Eloquent/Relations/BelongsToMany.php(772): Illuminate\Database\Eloquent\Builder->getModels()
#10 /var/www/vendor/illuminate/database/Eloquent/Relations/BelongsToMany.php(751): Illuminate\Database\Eloquent\Relations\BelongsToMany->get()
#11 /var/www/vendor/illuminate/database/Eloquent/Concerns/HasAttributes.php(448): Illuminate\Database\Eloquent\Relations\BelongsToMany->getResults()
#12 /var/www/vendor/illuminate/database/Eloquent/Concerns/HasAttributes.php(420): Illuminate\Database\Eloquent\Model->getRelationshipFromMethod('cities')
#13 /var/www/vendor/illuminate/database/Eloquent/Concerns/HasAttributes.php(375): Illuminate\Database\Eloquent\Model->getRelationValue('cities')
#14 /var/www/vendor/illuminate/database/Eloquent/Model.php(1633): Illuminate\Database\Eloquent\Model->getAttribute('cities')
#15 /var/www/app/Http/Controllers/CityController.php(37): Illuminate\Database\Eloquent\Model->__get('cities')
#16 [internal function]: App\Http\Controllers\CityController->getUserCities('1')
#17 /var/www/vendor/illuminate/container/BoundMethod.php(33): call_user_func_array(Array, Array)
#18 /var/www/vendor/illuminate/container/Util.php(37): Illuminate\Container\BoundMethod::Illuminate\Container\{closure}()
#19 /var/www/vendor/illuminate/container/BoundMethod.php(91): Illuminate\Container\Util::unwrapIfClosure(Object(Closure))
#20 /var/www/vendor/illuminate/container/BoundMethod.php(35): Illuminate\Container\BoundMethod::callBoundMethod(Object(Laravel\Lumen\Application), Array, Object(Closure))
#21 /var/www/vendor/illuminate/container/Container.php(592): Illuminate\Container\BoundMethod::call(Object(Laravel\Lumen\Application), Array, Array, NULL)
#22 /var/www/vendor/laravel/lumen-framework/src/Concerns/RoutesRequests.php(386): Illuminate\Container\Container->call(Array, Array)
#23 /var/www/vendor/laravel/lumen-framework/src/Concerns/RoutesRequests.php(371): Laravel\Lumen\Application->callControllerCallable(Array, Array)
#24 [internal function]: Laravel\Lumen\Application->Laravel\Lumen\Concerns\{closure}(Object(Laravel\Lumen\Http\Request))
#25 /var/www/vendor/laravel/lumen-framework/src/Routing/Pipeline.php(48): call_user_func(Object(Closure), Object(Laravel\Lumen\Http\Request))
#26 /var/www/app/Http/Middleware/Authenticate.php(42): Laravel\Lumen\Routing\Pipeline->Laravel\Lumen\Routing\{closure}(Object(Laravel\Lumen\Http\Request))
#27 /var/www/vendor/illuminate/pipeline/Pipeline.php(167): App\Http\Middleware\Authenticate->handle(Object(Laravel\Lumen\Http\Request), Object(Closure))
#28 [internal function]: Illuminate\Pipeline\Pipeline->Illuminate\Pipeline\{closure}(Object(Laravel\Lumen\Http\Request))
#29 /var/www/vendor/laravel/lumen-framework/src/Routing/Pipeline.php(30): call_user_func(Object(Closure), Object(Laravel\Lumen\Http\Request))
#30 /var/www/vendor/illuminate/pipeline/Pipeline.php(103): Laravel\Lumen\Routing\Pipeline->Laravel\Lumen\Routing\{closure}(Object(Laravel\Lumen\Http\Request))
#31 /var/www/vendor/laravel/lumen-framework/src/Concerns/RoutesRequests.php(423): Illuminate\Pipeline\Pipeline->then(Object(Closure))
#32 /var/www/vendor/laravel/lumen-framework/src/Concerns/RoutesRequests.php(372): Laravel\Lumen\Application->sendThroughPipeline(Array, Object(Closure))
#33 /var/www/vendor/laravel/lumen-framework/src/Concerns/RoutesRequests.php(348): Laravel\Lumen\Application->callLumenControllerWithMiddleware(Object(App\Http\Controllers\CityController), 'getUserCities', Array, Array)
#34 /var/www/vendor/laravel/lumen-framework/src/Concerns/RoutesRequests.php(326): Laravel\Lumen\Application->callLumenController(Object(App\Http\Controllers\CityController), 'getUserCities', Array)
#35 /var/www/vendor/laravel/lumen-framework/src/Concerns/RoutesRequests.php(279): Laravel\Lumen\Application->callControllerAction(Array)
#36 /var/www/vendor/laravel/lumen-framework/src/Concerns/RoutesRequests.php(264): Laravel\Lumen\Application->callActionOnArrayBasedRoute(Array)
#37 /var/www/vendor/laravel/lumen-framework/src/Concerns/RoutesRequests.php(234): Laravel\Lumen\Application->handleFoundRoute(Array)
#38 /var/www/vendor/laravel/lumen-framework/src/Concerns/RoutesRequests.php(170): Laravel\Lumen\Application->handleDispatcherResponse(Array)
#39 /var/www/vendor/laravel/lumen-framework/src/Concerns/RoutesRequests.php(426): Laravel\Lumen\Application->Laravel\Lumen\Concerns\{closure}(Object(Laravel\Lumen\Http\Request))
#40 /var/www/vendor/laravel/lumen-framework/src/Concerns/RoutesRequests.php(172): Laravel\Lumen\Application->sendThroughPipeline(Array, Object(Closure))
#41 /var/www/vendor/laravel/lumen-framework/src/Concerns/RoutesRequests.php(109): Laravel\Lumen\Application->dispatch(NULL)
#42 /var/www/public/index.php(28): Laravel\Lumen\Application->run()
#43 {main}

Next Illuminate\Database\QueryException: SQLSTATE[42S02]: Base table or view not found: 1146 Table 'lumen.city_user' doesn't exist (SQL: select `cities`.*, `city_user`.`user_id` as `pivot_user_id`, `city_user`.`city_id` as `pivot_city_id` from `cities` inner join `city_user` on `cities`.`id` = `city_user`.`city_id` where `city_user`.`user_id` = 1) in /var/www/vendor/illuminate/database/Connection.php:671
Stack trace:
#0 /var/www/vendor/illuminate/database/Connection.php(631): Illuminate\Database\Connection->runQueryCallback('select `cities`...', Array, Object(Closure))
#1 /var/www/vendor/illuminate/database/Connection.php(339): Illuminate\Database\Connection->run('select `cities`...', Array, Object(Closure))
#2 /var/www/vendor/illuminate/database/Query/Builder.php(2203): Illuminate\Database\Connection->select('select `cities`...', Array, true)
#3 /var/www/vendor/illuminate/database/Query/Builder.php(2191): Illuminate\Database\Query\Builder->runSelect()
#4 /var/www/vendor/illuminate/database/Query/Builder.php(2686): Illuminate\Database\Query\Builder->Illuminate\Database\Query\{closure}()
#5 /var/www/vendor/illuminate/database/Query/Builder.php(2192): Illuminate\Database\Query\Builder->onceWithColumns(Array, Object(Closure))
#6 /var/www/vendor/illuminate/database/Eloquent/Builder.php(539): Illuminate\Database\Query\Builder->get(Array)
#7 /var/www/vendor/illuminate/database/Eloquent/Relations/BelongsToMany.php(772): Illuminate\Database\Eloquent\Builder->getModels()
#8 /var/www/vendor/illuminate/database/Eloquent/Relations/BelongsToMany.php(751): Illuminate\Database\Eloquent\Relations\BelongsToMany->get()
#9 /var/www/vendor/illuminate/database/Eloquent/Concerns/HasAttributes.php(448): Illuminate\Database\Eloquent\Relations\BelongsToMany->getResults()
#10 /var/www/vendor/illuminate/database/Eloquent/Concerns/HasAttributes.php(420): Illuminate\Database\Eloquent\Model->getRelationshipFromMethod('cities')
#11 /var/www/vendor/illuminate/database/Eloquent/Concerns/HasAttributes.php(375): Illuminate\Database\Eloquent\Model->getRelationValue('cities')
#12 /var/www/vendor/illuminate/database/Eloquent/Model.php(1633): Illuminate\Database\Eloquent\Model->getAttribute('cities')
#13 /var/www/app/Http/Controllers/CityController.php(37): Illuminate\Database\Eloquent\Model->__get('cities')
#14 [internal function]: App\Http\Controllers\CityController->getUserCities('1')
#15 /var/www/vendor/illuminate/container/BoundMethod.php(33): call_user_func_array(Array, Array)
#16 /var/www/vendor/illuminate/container/Util.php(37): Illuminate\Container\BoundMethod::Illuminate\Container\{closure}()
#17 /var/www/vendor/illuminate/container/BoundMethod.php(91): Illuminate\Container\Util::unwrapIfClosure(Object(Closure))
#18 /var/www/vendor/illuminate/container/BoundMethod.php(35): Illuminate\Container\BoundMethod::callBoundMethod(Object(Laravel\Lumen\Application), Array, Object(Closure))
#19 /var/www/vendor/illuminate/container/Container.php(592): Illuminate\Container\BoundMethod::call(Object(Laravel\Lumen\Application), Array, Array, NULL)
#20 /var/www/vendor/laravel/lumen-framework/src/Concerns/RoutesRequests.php(386): Illuminate\Container\Container->call(Array, Array)
#21 /var/www/vendor/laravel/lumen-framework/src/Concerns/RoutesRequests.php(371): Laravel\Lumen\Application->callControllerCallable(Array, Array)
#22 [internal function]: Laravel\Lumen\Application->Laravel\Lumen\Concerns\{closure}(Object(Laravel\Lumen\Http\Request))
#23 /var/www/vendor/laravel/lumen-framework/src/Routing/Pipeline.php(48): call_user_func(Object(Closure), Object(Laravel\Lumen\Http\Request))
#24 /var/www/app/Http/Middleware/Authenticate.php(42): Laravel\Lumen\Routing\Pipeline->Laravel\Lumen\Routing\{closure}(Object(Laravel\Lumen\Http\Request))
#25 /var/www/vendor/illuminate/pipeline/Pipeline.php(167): App\Http\Middleware\Authenticate->handle(Object(Laravel\Lumen\Http\Request), Object(Closure))
#26 [internal function]: Illuminate\Pipeline\Pipeline->Illuminate\Pipeline\{closure}(Object(Laravel\Lumen\Http\Request))
#27 /var/www/vendor/laravel/lumen-framework/src/Routing/Pipeline.php(30): call_user_func(Object(Closure), Object(Laravel\Lumen\Http\Request))
#28 /var/www/vendor/illuminate/pipeline/Pipeline.php(103): Laravel\Lumen\Routing\Pipeline->Laravel\Lumen\Routing\{closure}(Object(Laravel\Lumen\Http\Request))
#29 /var/www/vendor/laravel/lumen-framework/src/Concerns/RoutesRequests.php(423): Illuminate\Pipeline\Pipeline->then(Object(Closure))
#30 /var/www/vendor/laravel/lumen-framework/src/Concerns/RoutesRequests.php(372): Laravel\Lumen\Application->sendThroughPipeline(Array, Object(Closure))
#31 /var/www/vendor/laravel/lumen-framework/src/Concerns/RoutesRequests.php(348): Laravel\Lumen\Application->callLumenControllerWithMiddleware(Object(App\Http\Controllers\CityController), 'getUserCities', Array, Array)
#32 /var/www/vendor/laravel/lumen-framework/src/Concerns/RoutesRequests.php(326): Laravel\Lumen\Application->callLumenController(Object(App\Http\Controllers\CityController), 'getUserCities', Array)
#33 /var/www/vendor/laravel/lumen-framework/src/Concerns/RoutesRequests.php(279): Laravel\Lumen\Application->callControllerAction(Array)
#34 /var/www/vendor/laravel/lumen-framework/src/Concerns/RoutesRequests.php(264): Laravel\Lumen\Application->callActionOnArrayBasedRoute(Array)
#35 /var/www/vendor/laravel/lumen-framework/src/Concerns/RoutesRequests.php(234): Laravel\Lumen\Application->handleFoundRoute(Array)
#36 /var/www/vendor/laravel/lumen-framework/src/Concerns/RoutesRequests.php(170): Laravel\Lumen\Application->handleDispatcherResponse(Array)
#37 /var/www/vendor/laravel/lumen-framework/src/Concerns/RoutesRequests.php(426): Laravel\Lumen\Application->Laravel\Lumen\Concerns\{closure}(Object(Laravel\Lumen\Http\Request))
#38 /var/www/vendor/laravel/lumen-framework/src/Concerns/RoutesRequests.php(172): Laravel\Lumen\Application->sendThroughPipeline(Array, Object(Closure))
#39 /var/www/vendor/laravel/lumen-framework/src/Concerns/RoutesRequests.php(109): Laravel\Lumen\Application->dispatch(NULL)
#40 /var/www/public/index.php(28): Laravel\Lumen\Application->run()
#41 {main} {"exception":"[object] (Illuminate\\Database\\QueryException(code: 42S02): SQLSTATE[42S02]: Base table or view not found: 1146 Table 'lumen.city_user' doesn't exist (SQL: select `cities`.*, `city_user`.`user_id` as `pivot_user_id`, `city_user`.`city_id` as `pivot_city_id` from `cities` inner join `city_user` on `cities`.`id` = `city_user`.`city_id` where `city_user`.`user_id` = 1) at /var/www/vendor/illuminate/database/Connection.php:671)
[stacktrace]
#0 /var/www/vendor/illuminate/database/Connection.php(631): Illuminate\\Database\\Connection->runQueryCallback('select `cities`...', Array, Object(Closure))
#1 /var/www/vendor/illuminate/database/Connection.php(339): Illuminate\\Database\\Connection->run('select `cities`...', Array, Object(Closure))
#2 /var/www/vendor/illuminate/database/Query/Builder.php(2203): Illuminate\\Database\\Connection->select('select `cities`...', Array, true)
#3 /var/www/vendor/illuminate/database/Query/Builder.php(2191): Illuminate\\Database\\Query\\Builder->runSelect()
#4 /var/www/vendor/illuminate/database/Query/Builder.php(2686): Illuminate\\Database\\Query\\Builder->Illuminate\\Database\\Query\\{closure}()
#5 /var/www/vendor/illuminate/database/Query/Builder.php(2192): Illuminate\\Database\\Query\\Builder->onceWithColumns(Array, Object(Closure))
#6 /var/www/vendor/illuminate/database/Eloquent/Builder.php(539): Illuminate\\Database\\Query\\Builder->get(Array)
#7 /var/www/vendor/illuminate/database/Eloquent/Relations/BelongsToMany.php(772): Illuminate\\Database\\Eloquent\\Builder->getModels()
#8 /var/www/vendor/illuminate/database/Eloquent/Relations/BelongsToMany.php(751): Illuminate\\Database\\Eloquent\\Relations\\BelongsToMany->get()
#9 /var/www/vendor/illuminate/database/Eloquent/Concerns/HasAttributes.php(448): Illuminate\\Database\\Eloquent\\Relations\\BelongsToMany->getResults()
#10 /var/www/vendor/illuminate/database/Eloquent/Concerns/HasAttributes.php(420): Illuminate\\Database\\Eloquent\\Model->getRelationshipFromMethod('cities')
#11 /var/www/vendor/illuminate/database/Eloquent/Concerns/HasAttributes.php(375): Illuminate\\Database\\Eloquent\\Model->getRelationValue('cities')
#12 /var/www/vendor/illuminate/database/Eloquent/Model.php(1633): Illuminate\\Database\\Eloquent\\Model->getAttribute('cities')
#13 /var/www/app/Http/Controllers/CityController.php(37): Illuminate\\Database\\Eloquent\\Model->__get('cities')
#14 [internal function]: App\\Http\\Controllers\\CityController->getUserCities('1')
#15 /var/www/vendor/illuminate/container/BoundMethod.php(33): call_user_func_array(Array, Array)
#16 /var/www/vendor/illuminate/container/Util.php(37): Illuminate\\Container\\BoundMethod::Illuminate\\Container\\{closure}()
#17 /var/www/vendor/illuminate/container/BoundMethod.php(91): Illuminate\\Container\\Util::unwrapIfClosure(Object(Closure))
#18 /var/www/vendor/illuminate/container/BoundMethod.php(35): Illuminate\\Container\\BoundMethod::callBoundMethod(Object(Laravel\\Lumen\\Application), Array, Object(Closure))
#19 /var/www/vendor/illuminate/container/Container.php(592): Illuminate\\Container\\BoundMethod::call(Object(Laravel\\Lumen\\Application), Array, Array, NULL)
#20 /var/www/vendor/laravel/lumen-framework/src/Concerns/RoutesRequests.php(386): Illuminate\\Container\\Container->call(Array, Array)
#21 /var/www/vendor/laravel/lumen-framework/src/Concerns/RoutesRequests.php(371): Laravel\\Lumen\\Application->callControllerCallable(Array, Array)
#22 [internal function]: Laravel\\Lumen\\Application->Laravel\\Lumen\\Concerns\\{closure}(Object(Laravel\\Lumen\\Http\\Request))
#23 /var/www/vendor/laravel/lumen-framework/src/Routing/Pipeline.php(48): call_user_func(Object(Closure), Object(Laravel\\Lumen\\Http\\Request))
#24 /var/www/app/Http/Middleware/Authenticate.php(42): Laravel\\Lumen\\Routing\\Pipeline->Laravel\\Lumen\\Routing\\{closure}(Object(Laravel\\Lumen\\Http\\Request))
#25 /var/www/vendor/illuminate/pipeline/Pipeline.php(167): App\\Http\\Middleware\\Authenticate->handle(Object(Laravel\\Lumen\\Http\\Request), Object(Closure))
#26 [internal function]: Illuminate\\Pipeline\\Pipeline->Illuminate\\Pipeline\\{closure}(Object(Laravel\\Lumen\\Http\\Request))
#27 /var/www/vendor/laravel/lumen-framework/src/Routing/Pipeline.php(30): call_user_func(Object(Closure), Object(Laravel\\Lumen\\Http\\Request))
#28 /var/www/vendor/illuminate/pipeline/Pipeline.php(103): Laravel\\Lumen\\Routing\\Pipeline->Laravel\\Lumen\\Routing\\{closure}(Object(Laravel\\Lumen\\Http\\Request))
#29 /var/www/vendor/laravel/lumen-framework/src/Concerns/RoutesRequests.php(423): Illuminate\\Pipeline\\Pipeline->then(Object(Closure))
#30 /var/www/vendor/laravel/lumen-framework/src/Concerns/RoutesRequests.php(372): Laravel\\Lumen\\Application->sendThroughPipeline(Array, Object(Closure))
#31 /var/www/vendor/laravel/lumen-framework/src/Concerns/RoutesRequests.php(348): Laravel\\Lumen\\Application->callLumenControllerWithMiddleware(Object(App\\Http\\Controllers\\CityController), 'getUserCities', Array, Array)
#32 /var/www/vendor/laravel/lumen-framework/src/Concerns/RoutesRequests.php(326): Laravel\\Lumen\\Application->callLumenController(Object(App\\Http\\Controllers\\CityController), 'getUserCities', Array)
#33 /var/www/vendor/laravel/lumen-framework/src/Concerns/RoutesRequests.php(279): Laravel\\Lumen\\Application->callControllerAction(Array)
#34 /var/www/vendor/laravel/lumen-framework/src/Concerns/RoutesRequests.php(264): Laravel\\Lumen\\Application->callActionOnArrayBasedRoute(Array)
#35 /var/www/vendor/laravel/lumen-framework/src/Concerns/RoutesRequests.php(234): Laravel\\Lumen\\Application->handleFoundRoute(Array)
#36 /var/www/vendor/laravel/lumen-framework/src/Concerns/RoutesRequests.php(170): Laravel\\Lumen\\Application->handleDispatcherResponse(Array)
#37 /var/www/vendor/laravel/lumen-framework/src/Concerns/RoutesRequests.php(426): Laravel\\Lumen\\Application->Laravel\\Lumen\\Concerns\\{closure}(Object(Laravel\\Lumen\\Http\\Request))
#38 /var/www/vendor/laravel/lumen-framework/src/Concerns/RoutesRequests.php(172): Laravel\\Lumen\\Application->sendThroughPipeline(Array, Object(Closure))
#39 /var/www/vendor/laravel/lumen-framework/src/Concerns/RoutesRequests.php(109): Laravel\\Lumen\\Application->dispatch(NULL)
#40 /var/www/public/index.php(28): Laravel\\Lumen\\Application->run()
#41 {main}

[previous exception] [object] (PDOException(code: 42S02): SQLSTATE[42S02]: Base table or view not found: 1146 Table 'lumen.city_user' doesn't exist at /var/www/vendor/illuminate/database/Connection.php:331)
[stacktrace]
#0 /var/www/vendor/illuminate/database/Connection.php(331): PDO->prepare('select `cities`...')
#1 /var/www/vendor/illuminate/database/Connection.php(664): Illuminate\\Database\\Connection->Illuminate\\Database\\{closure}('select `cities`...', Array)
#2 /var/www/vendor/illuminate/database/Connection.php(631): Illuminate\\Database\\Connection->runQueryCallback('select `cities`...', Array, Object(Closure))
#3 /var/www/vendor/illuminate/database/Connection.php(339): Illuminate\\Database\\Connection->run('select `cities`...', Array, Object(Closure))
#4 /var/www/vendor/illuminate/database/Query/Builder.php(2203): Illuminate\\Database\\Connection->select('select `cities`...', Array, true)
#5 /var/www/vendor/illuminate/database/Query/Builder.php(2191): Illuminate\\Database\\Query\\Builder->runSelect()
#6 /var/www/vendor/illuminate/database/Query/Builder.php(2686): Illuminate\\Database\\Query\\Builder->Illuminate\\Database\\Query\\{closure}()
#7 /var/www/vendor/illuminate/database/Query/Builder.php(2192): Illuminate\\Database\\Query\\Builder->onceWithColumns(Array, Object(Closure))
#8 /var/www/vendor/illuminate/database/Eloquent/Builder.php(539): Illuminate\\Database\\Query\\Builder->get(Array)
#9 /var/www/vendor/illuminate/database/Eloquent/Relations/BelongsToMany.php(772): Illuminate\\Database\\Eloquent\\Builder->getModels()
#10 /var/www/vendor/illuminate/database/Eloquent/Relations/BelongsToMany.php(751): Illuminate\\Database\\Eloquent\\Relations\\BelongsToMany->get()
#11 /var/www/vendor/illuminate/database/Eloquent/Concerns/HasAttributes.php(448): Illuminate\\Database\\Eloquent\\Relations\\BelongsToMany->getResults()
#12 /var/www/vendor/illuminate/database/Eloquent/Concerns/HasAttributes.php(420): Illuminate\\Database\\Eloquent\\Model->getRelationshipFromMethod('cities')
#13 /var/www/vendor/illuminate/database/Eloquent/Concerns/HasAttributes.php(375): Illuminate\\Database\\Eloquent\\Model->getRelationValue('cities')
#14 /var/www/vendor/illuminate/database/Eloquent/Model.php(1633): Illuminate\\Database\\Eloquent\\Model->getAttribute('cities')
#15 /var/www/app/Http/Controllers/CityController.php(37): Illuminate\\Database\\Eloquent\\Model->__get('cities')
#16 [internal function]: App\\Http\\Controllers\\CityController->getUserCities('1')
#17 /var/www/vendor/illuminate/container/BoundMethod.php(33): call_user_func_array(Array, Array)
#18 /var/www/vendor/illuminate/container/Util.php(37): Illuminate\\Container\\BoundMethod::Illuminate\\Container\\{closure}()
#19 /var/www/vendor/illuminate/container/BoundMethod.php(91): Illuminate\\Container\\Util::unwrapIfClosure(Object(Closure))
#20 /var/www/vendor/illuminate/container/BoundMethod.php(35): Illuminate\\Container\\BoundMethod::callBoundMethod(Object(Laravel\\Lumen\\Application), Array, Object(Closure))
#21 /var/www/vendor/illuminate/container/Container.php(592): Illuminate\\Container\\BoundMethod::call(Object(Laravel\\Lumen\\Application), Array, Array, NULL)
#22 /var/www/vendor/laravel/lumen-framework/src/Concerns/RoutesRequests.php(386): Illuminate\\Container\\Container->call(Array, Array)
#23 /var/www/vendor/laravel/lumen-framework/src/Concerns/RoutesRequests.php(371): Laravel\\Lumen\\Application->callControllerCallable(Array, Array)
#24 [internal function]: Laravel\\Lumen\\Application->Laravel\\Lumen\\Concerns\\{closure}(Object(Laravel\\Lumen\\Http\\Request))
#25 /var/www/vendor/laravel/lumen-framework/src/Routing/Pipeline.php(48): call_user_func(Object(Closure), Object(Laravel\\Lumen\\Http\\Request))
#26 /var/www/app/Http/Middleware/Authenticate.php(42): Laravel\\Lumen\\Routing\\Pipeline->Laravel\\Lumen\\Routing\\{closure}(Object(Laravel\\Lumen\\Http\\Request))
#27 /var/www/vendor/illuminate/pipeline/Pipeline.php(167): App\\Http\\Middleware\\Authenticate->handle(Object(Laravel\\Lumen\\Http\\Request), Object(Closure))
#28 [internal function]: Illuminate\\Pipeline\\Pipeline->Illuminate\\Pipeline\\{closure}(Object(Laravel\\Lumen\\Http\\Request))
#29 /var/www/vendor/laravel/lumen-framework/src/Routing/Pipeline.php(30): call_user_func(Object(Closure), Object(Laravel\\Lumen\\Http\\Request))
#30 /var/www/vendor/illuminate/pipeline/Pipeline.php(103): Laravel\\Lumen\\Routing\\Pipeline->Laravel\\Lumen\\Routing\\{closure}(Object(Laravel\\Lumen\\Http\\Request))
#31 /var/www/vendor/laravel/lumen-framework/src/Concerns/RoutesRequests.php(423): Illuminate\\Pipeline\\Pipeline->then(Object(Closure))
#32 /var/www/vendor/laravel/lumen-framework/src/Concerns/RoutesRequests.php(372): Laravel\\Lumen\\Application->sendThroughPipeline(Array, Object(Closure))
#33 /var/www/vendor/laravel/lumen-framework/src/Concerns/RoutesRequests.php(348): Laravel\\Lumen\\Application->callLumenControllerWithMiddleware(Object(App\\Http\\Controllers\\CityController), 'getUserCities', Array, Array)
#34 /var/www/vendor/laravel/lumen-framework/src/Concerns/RoutesRequests.php(326): Laravel\\Lumen\\Application->callLumenController(Object(App\\Http\\Controllers\\CityController), 'getUserCities', Array)
#35 /var/www/vendor/laravel/lumen-framework/src/Concerns/RoutesRequests.php(279): Laravel\\Lumen\\Application->callControllerAction(Array)
#36 /var/www/vendor/laravel/lumen-framework/src/Concerns/RoutesRequests.php(264): Laravel\\Lumen\\Application->callActionOnArrayBasedRoute(Array)
#37 /var/www/vendor/laravel/lumen-framework/src/Concerns/RoutesRequests.php(234): Laravel\\Lumen\\Application->handleFoundRoute(Array)
#38 /var/www/vendor/laravel/lumen-framework/src/Concerns/RoutesRequests.php(170): Laravel\\Lumen\\Application->handleDispatcherResponse(Array)
#39 /var/www/vendor/laravel/lumen-framework/src/Concerns/RoutesRequests.php(426): Laravel\\Lumen\\Application->Laravel\\Lumen\\Concerns\\{closure}(Object(Laravel\\Lumen\\Http\\Request))
#40 /var/www/vendor/laravel/lumen-framework/src/Concerns/RoutesRequests.php(172): Laravel\\Lumen\\Application->sendThroughPipeline(Array, Object(Closure))
#41 /var/www/vendor/laravel/lumen-framework/src/Concerns/RoutesRequests.php(109): Laravel\\Lumen\\Application->dispatch(NULL)
#42 /var/www/public/index.php(28): Laravel\\Lumen\\Application->run()
#43 {main}
"} 
