[2020-06-25 18:43:24] local.ERROR: ErrorException: Undefined variable: app1 in /var/www/bootstrap/app.php:26
Stack trace:
#0 /var/www/bootstrap/app.php(26): Laravel\Lumen\Application->Laravel\Lumen\Concerns\{closure}(8, 'Undefined varia...', '/var/www/bootst...', 26, Array)
#1 /var/www/artisan(18): require('/var/www/bootst...')
#2 {main} {"exception":"[object] (ErrorException(code: 0): Undefined variable: app1 at /var/www/bootstrap/app.php:26)
[stacktrace]
#0 /var/www/bootstrap/app.php(26): Laravel\\Lumen\\Application->Laravel\\Lumen\\Concerns\\{closure}(8, 'Undefined varia...', '/var/www/bootst...', 26, Array)
#1 /var/www/artisan(18): require('/var/www/bootst...')
#2 {main}
"} 
[2020-06-25 18:44:22] local.ERROR: ErrorException: Undefined variable: app1 in /var/www/bootstrap/app.php:79
Stack trace:
#0 /var/www/bootstrap/app.php(79): Laravel\Lumen\Application->Laravel\Lumen\Concerns\{closure}(8, 'Undefined varia...', '/var/www/bootst...', 79, Array)
#1 /var/www/artisan(18): require('/var/www/bootst...')
#2 {main} {"exception":"[object] (ErrorException(code: 0): Undefined variable: app1 at /var/www/bootstrap/app.php:79)
[stacktrace]
#0 /var/www/bootstrap/app.php(79): Laravel\\Lumen\\Application->Laravel\\Lumen\\Concerns\\{closure}(8, 'Undefined varia...', '/var/www/bootst...', 79, Array)
#1 /var/www/artisan(18): require('/var/www/bootst...')
#2 {main}
"} 
[2020-06-25 18:54:58] local.ERROR: Symfony\Component\Console\Exception\CommandNotFoundException: Command "make:model" is not defined.

Did you mean one of these?
    make:migration
    make:seeder in /var/www/vendor/symfony/console/Application.php:644
Stack trace:
#0 /var/www/vendor/symfony/console/Application.php(228): Symfony\Component\Console\Application->find('make:model')
#1 /var/www/vendor/symfony/console/Application.php(140): Symfony\Component\Console\Application->doRun(Object(Symfony\Component\Console\Input\ArgvInput), Object(Symfony\Component\Console\Output\ConsoleOutput))
#2 /var/www/vendor/illuminate/console/Application.php(93): Symfony\Component\Console\Application->run(Object(Symfony\Component\Console\Input\ArgvInput), Object(Symfony\Component\Console\Output\ConsoleOutput))
#3 /var/www/vendor/laravel/lumen-framework/src/Console/Kernel.php(116): Illuminate\Console\Application->run(Object(Symfony\Component\Console\Input\ArgvInput), Object(Symfony\Component\Console\Output\ConsoleOutput))
#4 /var/www/artisan(35): Laravel\Lumen\Console\Kernel->handle(Object(Symfony\Component\Console\Input\ArgvInput), Object(Symfony\Component\Console\Output\ConsoleOutput))
#5 {main} {"exception":"[object] (Symfony\\Component\\Console\\Exception\\CommandNotFoundException(code: 0): Command \"make:model\" is not defined.

Did you mean one of these?
    make:migration
    make:seeder at /var/www/vendor/symfony/console/Application.php:644)
[stacktrace]
#0 /var/www/vendor/symfony/console/Application.php(228): Symfony\\Component\\Console\\Application->find('make:model')
#1 /var/www/vendor/symfony/console/Application.php(140): Symfony\\Component\\Console\\Application->doRun(Object(Symfony\\Component\\Console\\Input\\ArgvInput), Object(Symfony\\Component\\Console\\Output\\ConsoleOutput))
#2 /var/www/vendor/illuminate/console/Application.php(93): Symfony\\Component\\Console\\Application->run(Object(Symfony\\Component\\Console\\Input\\ArgvInput), Object(Symfony\\Component\\Console\\Output\\ConsoleOutput))
#3 /var/www/vendor/laravel/lumen-framework/src/Console/Kernel.php(116): Illuminate\\Console\\Application->run(Object(Symfony\\Component\\Console\\Input\\ArgvInput), Object(Symfony\\Component\\Console\\Output\\ConsoleOutput))
#4 /var/www/artisan(35): Laravel\\Lumen\\Console\\Kernel->handle(Object(Symfony\\Component\\Console\\Input\\ArgvInput), Object(Symfony\\Component\\Console\\Output\\ConsoleOutput))
#5 {main}
"} 
[2020-06-25 19:47:04] local.ERROR: PDOException: SQLSTATE[HY000]: General error: 1364 Field 'username' doesn't have a default value in /var/www/vendor/illuminate/database/Connection.php:464
Stack trace:
#0 /var/www/vendor/illuminate/database/Connection.php(464): PDOStatement->execute()
#1 /var/www/vendor/illuminate/database/Connection.php(664): Illuminate\Database\Connection->Illuminate\Database\{closure}('insert into `us...', Array)
#2 /var/www/vendor/illuminate/database/Connection.php(631): Illuminate\Database\Connection->runQueryCallback('insert into `us...', Array, Object(Closure))
#3 /var/www/vendor/illuminate/database/Connection.php(465): Illuminate\Database\Connection->run('insert into `us...', Array, Object(Closure))
#4 /var/www/vendor/illuminate/database/Connection.php(417): Illuminate\Database\Connection->statement('insert into `us...', Array)
#5 /var/www/vendor/illuminate/database/Query/Processors/Processor.php(32): Illuminate\Database\Connection->insert('insert into `us...', Array)
#6 /var/www/vendor/illuminate/database/Query/Builder.php(2772): Illuminate\Database\Query\Processors\Processor->processInsertGetId(Object(Illuminate\Database\Query\Builder), 'insert into `us...', Array, 'id')
#7 /var/www/vendor/illuminate/database/Eloquent/Builder.php(1403): Illuminate\Database\Query\Builder->insertGetId(Array, 'id')
#8 /var/www/vendor/illuminate/database/Eloquent/Model.php(900): Illuminate\Database\Eloquent\Builder->__call('insertGetId', Array)
#9 /var/www/vendor/illuminate/database/Eloquent/Model.php(865): Illuminate\Database\Eloquent\Model->insertAndSetId(Object(Illuminate\Database\Eloquent\Builder), Array)
#10 /var/www/vendor/illuminate/database/Eloquent/Model.php(728): Illuminate\Database\Eloquent\Model->performInsert(Object(Illuminate\Database\Eloquent\Builder))
#11 /var/www/vendor/illuminate/database/Eloquent/Builder.php(767): Illuminate\Database\Eloquent\Model->save()
#12 /var/www/vendor/illuminate/support/helpers.php(433): Illuminate\Database\Eloquent\Builder->Illuminate\Database\Eloquent\{closure}(Object(App\Models\User))
#13 /var/www/vendor/illuminate/database/Eloquent/Builder.php(768): tap(Object(App\Models\User), Object(Closure))
#14 /var/www/vendor/illuminate/support/Traits/ForwardsCalls.php(23): Illuminate\Database\Eloquent\Builder->create(Array)
#15 /var/www/vendor/illuminate/database/Eloquent/Model.php(1732): Illuminate\Database\Eloquent\Model->forwardCallTo(Object(Illuminate\Database\Eloquent\Builder), 'create', Array)
#16 /var/www/vendor/illuminate/database/Eloquent/Model.php(1744): Illuminate\Database\Eloquent\Model->__call('create', Array)
#17 /var/www/app/Http/Controllers/AuthController.php(56): Illuminate\Database\Eloquent\Model::__callStatic('create', Array)
#18 [internal function]: App\Http\Controllers\AuthController->register(Object(Laravel\Lumen\Http\Request))
#19 /var/www/vendor/illuminate/container/BoundMethod.php(33): call_user_func_array(Array, Array)
#20 /var/www/vendor/illuminate/container/Util.php(37): Illuminate\Container\BoundMethod::Illuminate\Container\{closure}()
#21 /var/www/vendor/illuminate/container/BoundMethod.php(91): Illuminate\Container\Util::unwrapIfClosure(Object(Closure))
#22 /var/www/vendor/illuminate/container/BoundMethod.php(35): Illuminate\Container\BoundMethod::callBoundMethod(Object(Laravel\Lumen\Application), Array, Object(Closure))
#23 /var/www/vendor/illuminate/container/Container.php(592): Illuminate\Container\BoundMethod::call(Object(Laravel\Lumen\Application), Array, Array, NULL)
#24 /var/www/vendor/laravel/lumen-framework/src/Concerns/RoutesRequests.php(386): Illuminate\Container\Container->call(Array, Array)
#25 /var/www/vendor/laravel/lumen-framework/src/Concerns/RoutesRequests.php(352): Laravel\Lumen\Application->callControllerCallable(Array, Array)
#26 /var/www/vendor/laravel/lumen-framework/src/Concerns/RoutesRequests.php(326): Laravel\Lumen\Application->callLumenController(Object(App\Http\Controllers\AuthController), 'register', Array)
#27 /var/www/vendor/laravel/lumen-framework/src/Concerns/RoutesRequests.php(279): Laravel\Lumen\Application->callControllerAction(Array)
#28 /var/www/vendor/laravel/lumen-framework/src/Concerns/RoutesRequests.php(264): Laravel\Lumen\Application->callActionOnArrayBasedRoute(Array)
#29 /var/www/vendor/laravel/lumen-framework/src/Concerns/RoutesRequests.php(166): Laravel\Lumen\Application->handleFoundRoute(Array)
#30 /var/www/vendor/laravel/lumen-framework/src/Concerns/RoutesRequests.php(426): Laravel\Lumen\Application->Laravel\Lumen\Concerns\{closure}(Object(Laravel\Lumen\Http\Request))
#31 /var/www/vendor/laravel/lumen-framework/src/Concerns/RoutesRequests.php(172): Laravel\Lumen\Application->sendThroughPipeline(Array, Object(Closure))
#32 /var/www/vendor/laravel/lumen-framework/src/Concerns/RoutesRequests.php(109): Laravel\Lumen\Application->dispatch(NULL)
#33 /var/www/public/index.php(28): Laravel\Lumen\Application->run()
#34 {main}

Next Illuminate\Database\QueryException: SQLSTATE[HY000]: General error: 1364 Field 'username' doesn't have a default value (SQL: insert into `users` (`name`, `password`, `updated_at`, `created_at`) values (Ali, $2y$10$.2zWt99KFW3L1H6ilbOzDOpV26grvIVNiS4AxF7ccA6wRi1UHenCS, 2020-06-25 19:47:04, 2020-06-25 19:47:04)) in /var/www/vendor/illuminate/database/Connection.php:671
Stack trace:
#0 /var/www/vendor/illuminate/database/Connection.php(631): Illuminate\Database\Connection->runQueryCallback('insert into `us...', Array, Object(Closure))
#1 /var/www/vendor/illuminate/database/Connection.php(465): Illuminate\Database\Connection->run('insert into `us...', Array, Object(Closure))
#2 /var/www/vendor/illuminate/database/Connection.php(417): Illuminate\Database\Connection->statement('insert into `us...', Array)
#3 /var/www/vendor/illuminate/database/Query/Processors/Processor.php(32): Illuminate\Database\Connection->insert('insert into `us...', Array)
#4 /var/www/vendor/illuminate/database/Query/Builder.php(2772): Illuminate\Database\Query\Processors\Processor->processInsertGetId(Object(Illuminate\Database\Query\Builder), 'insert into `us...', Array, 'id')
#5 /var/www/vendor/illuminate/database/Eloquent/Builder.php(1403): Illuminate\Database\Query\Builder->insertGetId(Array, 'id')
#6 /var/www/vendor/illuminate/database/Eloquent/Model.php(900): Illuminate\Database\Eloquent\Builder->__call('insertGetId', Array)
#7 /var/www/vendor/illuminate/database/Eloquent/Model.php(865): Illuminate\Database\Eloquent\Model->insertAndSetId(Object(Illuminate\Database\Eloquent\Builder), Array)
#8 /var/www/vendor/illuminate/database/Eloquent/Model.php(728): Illuminate\Database\Eloquent\Model->performInsert(Object(Illuminate\Database\Eloquent\Builder))
#9 /var/www/vendor/illuminate/database/Eloquent/Builder.php(767): Illuminate\Database\Eloquent\Model->save()
#10 /var/www/vendor/illuminate/support/helpers.php(433): Illuminate\Database\Eloquent\Builder->Illuminate\Database\Eloquent\{closure}(Object(App\Models\User))
#11 /var/www/vendor/illuminate/database/Eloquent/Builder.php(768): tap(Object(App\Models\User), Object(Closure))
#12 /var/www/vendor/illuminate/support/Traits/ForwardsCalls.php(23): Illuminate\Database\Eloquent\Builder->create(Array)
#13 /var/www/vendor/illuminate/database/Eloquent/Model.php(1732): Illuminate\Database\Eloquent\Model->forwardCallTo(Object(Illuminate\Database\Eloquent\Builder), 'create', Array)
#14 /var/www/vendor/illuminate/database/Eloquent/Model.php(1744): Illuminate\Database\Eloquent\Model->__call('create', Array)
#15 /var/www/app/Http/Controllers/AuthController.php(56): Illuminate\Database\Eloquent\Model::__callStatic('create', Array)
#16 [internal function]: App\Http\Controllers\AuthController->register(Object(Laravel\Lumen\Http\Request))
#17 /var/www/vendor/illuminate/container/BoundMethod.php(33): call_user_func_array(Array, Array)
#18 /var/www/vendor/illuminate/container/Util.php(37): Illuminate\Container\BoundMethod::Illuminate\Container\{closure}()
#19 /var/www/vendor/illuminate/container/BoundMethod.php(91): Illuminate\Container\Util::unwrapIfClosure(Object(Closure))
#20 /var/www/vendor/illuminate/container/BoundMethod.php(35): Illuminate\Container\BoundMethod::callBoundMethod(Object(Laravel\Lumen\Application), Array, Object(Closure))
#21 /var/www/vendor/illuminate/container/Container.php(592): Illuminate\Container\BoundMethod::call(Object(Laravel\Lumen\Application), Array, Array, NULL)
#22 /var/www/vendor/laravel/lumen-framework/src/Concerns/RoutesRequests.php(386): Illuminate\Container\Container->call(Array, Array)
#23 /var/www/vendor/laravel/lumen-framework/src/Concerns/RoutesRequests.php(352): Laravel\Lumen\Application->callControllerCallable(Array, Array)
#24 /var/www/vendor/laravel/lumen-framework/src/Concerns/RoutesRequests.php(326): Laravel\Lumen\Application->callLumenController(Object(App\Http\Controllers\AuthController), 'register', Array)
#25 /var/www/vendor/laravel/lumen-framework/src/Concerns/RoutesRequests.php(279): Laravel\Lumen\Application->callControllerAction(Array)
#26 /var/www/vendor/laravel/lumen-framework/src/Concerns/RoutesRequests.php(264): Laravel\Lumen\Application->callActionOnArrayBasedRoute(Array)
#27 /var/www/vendor/laravel/lumen-framework/src/Concerns/RoutesRequests.php(166): Laravel\Lumen\Application->handleFoundRoute(Array)
#28 /var/www/vendor/laravel/lumen-framework/src/Concerns/RoutesRequests.php(426): Laravel\Lumen\Application->Laravel\Lumen\Concerns\{closure}(Object(Laravel\Lumen\Http\Request))
#29 /var/www/vendor/laravel/lumen-framework/src/Concerns/RoutesRequests.php(172): Laravel\Lumen\Application->sendThroughPipeline(Array, Object(Closure))
#30 /var/www/vendor/laravel/lumen-framework/src/Concerns/RoutesRequests.php(109): Laravel\Lumen\Application->dispatch(NULL)
#31 /var/www/public/index.php(28): Laravel\Lumen\Application->run()
#32 {main} {"exception":"[object] (Illuminate\\Database\\QueryException(code: HY000): SQLSTATE[HY000]: General error: 1364 Field 'username' doesn't have a default value (SQL: insert into `users` (`name`, `password`, `updated_at`, `created_at`) values (Ali, $2y$10$.2zWt99KFW3L1H6ilbOzDOpV26grvIVNiS4AxF7ccA6wRi1UHenCS, 2020-06-25 19:47:04, 2020-06-25 19:47:04)) at /var/www/vendor/illuminate/database/Connection.php:671)
[stacktrace]
#0 /var/www/vendor/illuminate/database/Connection.php(631): Illuminate\\Database\\Connection->runQueryCallback('insert into `us...', Array, Object(Closure))
#1 /var/www/vendor/illuminate/database/Connection.php(465): Illuminate\\Database\\Connection->run('insert into `us...', Array, Object(Closure))
#2 /var/www/vendor/illuminate/database/Connection.php(417): Illuminate\\Database\\Connection->statement('insert into `us...', Array)
#3 /var/www/vendor/illuminate/database/Query/Processors/Processor.php(32): Illuminate\\Database\\Connection->insert('insert into `us...', Array)
#4 /var/www/vendor/illuminate/database/Query/Builder.php(2772): Illuminate\\Database\\Query\\Processors\\Processor->processInsertGetId(Object(Illuminate\\Database\\Query\\Builder), 'insert into `us...', Array, 'id')
#5 /var/www/vendor/illuminate/database/Eloquent/Builder.php(1403): Illuminate\\Database\\Query\\Builder->insertGetId(Array, 'id')
#6 /var/www/vendor/illuminate/database/Eloquent/Model.php(900): Illuminate\\Database\\Eloquent\\Builder->__call('insertGetId', Array)
#7 /var/www/vendor/illuminate/database/Eloquent/Model.php(865): Illuminate\\Database\\Eloquent\\Model->insertAndSetId(Object(Illuminate\\Database\\Eloquent\\Builder), Array)
#8 /var/www/vendor/illuminate/database/Eloquent/Model.php(728): Illuminate\\Database\\Eloquent\\Model->performInsert(Object(Illuminate\\Database\\Eloquent\\Builder))
#9 /var/www/vendor/illuminate/database/Eloquent/Builder.php(767): Illuminate\\Database\\Eloquent\\Model->save()
#10 /var/www/vendor/illuminate/support/helpers.php(433): Illuminate\\Database\\Eloquent\\Builder->Illuminate\\Database\\Eloquent\\{closure}(Object(App\\Models\\User))
#11 /var/www/vendor/illuminate/database/Eloquent/Builder.php(768): tap(Object(App\\Models\\User), Object(Closure))
#12 /var/www/vendor/illuminate/support/Traits/ForwardsCalls.php(23): Illuminate\\Database\\Eloquent\\Builder->create(Array)
#13 /var/www/vendor/illuminate/database/Eloquent/Model.php(1732): Illuminate\\Database\\Eloquent\\Model->forwardCallTo(Object(Illuminate\\Database\\Eloquent\\Builder), 'create', Array)
#14 /var/www/vendor/illuminate/database/Eloquent/Model.php(1744): Illuminate\\Database\\Eloquent\\Model->__call('create', Array)
#15 /var/www/app/Http/Controllers/AuthController.php(56): Illuminate\\Database\\Eloquent\\Model::__callStatic('create', Array)
#16 [internal function]: App\\Http\\Controllers\\AuthController->register(Object(Laravel\\Lumen\\Http\\Request))
#17 /var/www/vendor/illuminate/container/BoundMethod.php(33): call_user_func_array(Array, Array)
#18 /var/www/vendor/illuminate/container/Util.php(37): Illuminate\\Container\\BoundMethod::Illuminate\\Container\\{closure}()
#19 /var/www/vendor/illuminate/container/BoundMethod.php(91): Illuminate\\Container\\Util::unwrapIfClosure(Object(Closure))
#20 /var/www/vendor/illuminate/container/BoundMethod.php(35): Illuminate\\Container\\BoundMethod::callBoundMethod(Object(Laravel\\Lumen\\Application), Array, Object(Closure))
#21 /var/www/vendor/illuminate/container/Container.php(592): Illuminate\\Container\\BoundMethod::call(Object(Laravel\\Lumen\\Application), Array, Array, NULL)
#22 /var/www/vendor/laravel/lumen-framework/src/Concerns/RoutesRequests.php(386): Illuminate\\Container\\Container->call(Array, Array)
#23 /var/www/vendor/laravel/lumen-framework/src/Concerns/RoutesRequests.php(352): Laravel\\Lumen\\Application->callControllerCallable(Array, Array)
#24 /var/www/vendor/laravel/lumen-framework/src/Concerns/RoutesRequests.php(326): Laravel\\Lumen\\Application->callLumenController(Object(App\\Http\\Controllers\\AuthController), 'register', Array)
#25 /var/www/vendor/laravel/lumen-framework/src/Concerns/RoutesRequests.php(279): Laravel\\Lumen\\Application->callControllerAction(Array)
#26 /var/www/vendor/laravel/lumen-framework/src/Concerns/RoutesRequests.php(264): Laravel\\Lumen\\Application->callActionOnArrayBasedRoute(Array)
#27 /var/www/vendor/laravel/lumen-framework/src/Concerns/RoutesRequests.php(166): Laravel\\Lumen\\Application->handleFoundRoute(Array)
#28 /var/www/vendor/laravel/lumen-framework/src/Concerns/RoutesRequests.php(426): Laravel\\Lumen\\Application->Laravel\\Lumen\\Concerns\\{closure}(Object(Laravel\\Lumen\\Http\\Request))
#29 /var/www/vendor/laravel/lumen-framework/src/Concerns/RoutesRequests.php(172): Laravel\\Lumen\\Application->sendThroughPipeline(Array, Object(Closure))
#30 /var/www/vendor/laravel/lumen-framework/src/Concerns/RoutesRequests.php(109): Laravel\\Lumen\\Application->dispatch(NULL)
#31 /var/www/public/index.php(28): Laravel\\Lumen\\Application->run()
#32 {main}

[previous exception] [object] (PDOException(code: HY000): SQLSTATE[HY000]: General error: 1364 Field 'username' doesn't have a default value at /var/www/vendor/illuminate/database/Connection.php:464)
[stacktrace]
#0 /var/www/vendor/illuminate/database/Connection.php(464): PDOStatement->execute()
#1 /var/www/vendor/illuminate/database/Connection.php(664): Illuminate\\Database\\Connection->Illuminate\\Database\\{closure}('insert into `us...', Array)
#2 /var/www/vendor/illuminate/database/Connection.php(631): Illuminate\\Database\\Connection->runQueryCallback('insert into `us...', Array, Object(Closure))
#3 /var/www/vendor/illuminate/database/Connection.php(465): Illuminate\\Database\\Connection->run('insert into `us...', Array, Object(Closure))
#4 /var/www/vendor/illuminate/database/Connection.php(417): Illuminate\\Database\\Connection->statement('insert into `us...', Array)
#5 /var/www/vendor/illuminate/database/Query/Processors/Processor.php(32): Illuminate\\Database\\Connection->insert('insert into `us...', Array)
#6 /var/www/vendor/illuminate/database/Query/Builder.php(2772): Illuminate\\Database\\Query\\Processors\\Processor->processInsertGetId(Object(Illuminate\\Database\\Query\\Builder), 'insert into `us...', Array, 'id')
#7 /var/www/vendor/illuminate/database/Eloquent/Builder.php(1403): Illuminate\\Database\\Query\\Builder->insertGetId(Array, 'id')
#8 /var/www/vendor/illuminate/database/Eloquent/Model.php(900): Illuminate\\Database\\Eloquent\\Builder->__call('insertGetId', Array)
#9 /var/www/vendor/illuminate/database/Eloquent/Model.php(865): Illuminate\\Database\\Eloquent\\Model->insertAndSetId(Object(Illuminate\\Database\\Eloquent\\Builder), Array)
#10 /var/www/vendor/illuminate/database/Eloquent/Model.php(728): Illuminate\\Database\\Eloquent\\Model->performInsert(Object(Illuminate\\Database\\Eloquent\\Builder))
#11 /var/www/vendor/illuminate/database/Eloquent/Builder.php(767): Illuminate\\Database\\Eloquent\\Model->save()
#12 /var/www/vendor/illuminate/support/helpers.php(433): Illuminate\\Database\\Eloquent\\Builder->Illuminate\\Database\\Eloquent\\{closure}(Object(App\\Models\\User))
#13 /var/www/vendor/illuminate/database/Eloquent/Builder.php(768): tap(Object(App\\Models\\User), Object(Closure))
#14 /var/www/vendor/illuminate/support/Traits/ForwardsCalls.php(23): Illuminate\\Database\\Eloquent\\Builder->create(Array)
#15 /var/www/vendor/illuminate/database/Eloquent/Model.php(1732): Illuminate\\Database\\Eloquent\\Model->forwardCallTo(Object(Illuminate\\Database\\Eloquent\\Builder), 'create', Array)
#16 /var/www/vendor/illuminate/database/Eloquent/Model.php(1744): Illuminate\\Database\\Eloquent\\Model->__call('create', Array)
#17 /var/www/app/Http/Controllers/AuthController.php(56): Illuminate\\Database\\Eloquent\\Model::__callStatic('create', Array)
#18 [internal function]: App\\Http\\Controllers\\AuthController->register(Object(Laravel\\Lumen\\Http\\Request))
#19 /var/www/vendor/illuminate/container/BoundMethod.php(33): call_user_func_array(Array, Array)
#20 /var/www/vendor/illuminate/container/Util.php(37): Illuminate\\Container\\BoundMethod::Illuminate\\Container\\{closure}()
#21 /var/www/vendor/illuminate/container/BoundMethod.php(91): Illuminate\\Container\\Util::unwrapIfClosure(Object(Closure))
#22 /var/www/vendor/illuminate/container/BoundMethod.php(35): Illuminate\\Container\\BoundMethod::callBoundMethod(Object(Laravel\\Lumen\\Application), Array, Object(Closure))
#23 /var/www/vendor/illuminate/container/Container.php(592): Illuminate\\Container\\BoundMethod::call(Object(Laravel\\Lumen\\Application), Array, Array, NULL)
#24 /var/www/vendor/laravel/lumen-framework/src/Concerns/RoutesRequests.php(386): Illuminate\\Container\\Container->call(Array, Array)
#25 /var/www/vendor/laravel/lumen-framework/src/Concerns/RoutesRequests.php(352): Laravel\\Lumen\\Application->callControllerCallable(Array, Array)
#26 /var/www/vendor/laravel/lumen-framework/src/Concerns/RoutesRequests.php(326): Laravel\\Lumen\\Application->callLumenController(Object(App\\Http\\Controllers\\AuthController), 'register', Array)
#27 /var/www/vendor/laravel/lumen-framework/src/Concerns/RoutesRequests.php(279): Laravel\\Lumen\\Application->callControllerAction(Array)
#28 /var/www/vendor/laravel/lumen-framework/src/Concerns/RoutesRequests.php(264): Laravel\\Lumen\\Application->callActionOnArrayBasedRoute(Array)
#29 /var/www/vendor/laravel/lumen-framework/src/Concerns/RoutesRequests.php(166): Laravel\\Lumen\\Application->handleFoundRoute(Array)
#30 /var/www/vendor/laravel/lumen-framework/src/Concerns/RoutesRequests.php(426): Laravel\\Lumen\\Application->Laravel\\Lumen\\Concerns\\{closure}(Object(Laravel\\Lumen\\Http\\Request))
#31 /var/www/vendor/laravel/lumen-framework/src/Concerns/RoutesRequests.php(172): Laravel\\Lumen\\Application->sendThroughPipeline(Array, Object(Closure))
#32 /var/www/vendor/laravel/lumen-framework/src/Concerns/RoutesRequests.php(109): Laravel\\Lumen\\Application->dispatch(NULL)
#33 /var/www/public/index.php(28): Laravel\\Lumen\\Application->run()
#34 {main}
"} 
